Log file open, 11/06/17 08:25:25
LogWindows: Failed to load 'aqProf.dll' (GetLastError=126)
LogWindows: File 'aqProf.dll' does not exist
LogWindows: Failed to load 'VtuneApi.dll' (GetLastError=126)
LogWindows: File 'VtuneApi.dll' does not exist
LogWindows: Failed to load 'VtuneApi32e.dll' (GetLastError=126)
LogWindows: File 'VtuneApi32e.dll' does not exist
LogInit: Display: Running engine for game: JollyRoger
LogPlatformFile: Not using cached read wrapper
LogInit: Display: RandInit(1100205193) SRandInit(1100205193).
LogTaskGraph: Started task graph with 5 named threads and 8 total threads with 3 sets of task threads.
LogStats: Stats thread started at 0.151825
LogD3D11RHI: Aftermath initialized
LogPluginManager: Mounting plugin Paper2D
LogPluginManager: Mounting plugin LightPropagationVolume
LogPluginManager: Mounting plugin CodeLiteSourceCodeAccess
LogPluginManager: Mounting plugin GitSourceControl
LogPluginManager: Mounting plugin KDevelopSourceCodeAccess
LogPluginManager: Mounting plugin NullSourceCodeAccess
LogPluginManager: Mounting plugin PerforceSourceControl
LogPluginManager: Mounting plugin SubversionSourceControl
LogPluginManager: Mounting plugin UObjectPlugin
LogPluginManager: Mounting plugin VisualStudioSourceCodeAccess
LogPluginManager: Mounting plugin XCodeSourceCodeAccess
LogPluginManager: Mounting plugin AssetManagerEditor
LogPluginManager: Mounting plugin AudioCapture
LogPluginManager: Mounting plugin FacialAnimation
LogPluginManager: Mounting plugin GameplayTagsEditor
LogPluginManager: Mounting plugin MobileLauncherProfileWizard
LogPluginManager: Mounting plugin PluginBrowser
LogPluginManager: Mounting plugin SpeedTreeImporter
LogPluginManager: Mounting plugin AlembicImporter
LogPluginManager: Mounting plugin CharacterAI
LogPluginManager: Mounting plugin HTML5Networking
LogPluginManager: Mounting plugin AndroidMedia
LogPluginManager: Mounting plugin AvfMedia
LogPluginManager: Mounting plugin MediaPlayerEditor
LogPluginManager: Mounting plugin WmfMedia
LogPluginManager: Mounting plugin TcpMessaging
LogPluginManager: Mounting plugin UdpMessaging
LogPluginManager: Mounting plugin LevelSequenceEditor
LogPluginManager: Mounting plugin MatineeToLevelSequence
LogPluginManager: Mounting plugin OnlineSubsystemGooglePlay
LogPluginManager: Mounting plugin OnlineSubsystemIOS
LogPluginManager: Mounting plugin OnlineSubsystem
LogPluginManager: Mounting plugin OnlineSubsystemNull
LogPluginManager: Mounting plugin OnlineSubsystemUtils
LogPluginManager: Mounting plugin AndroidDeviceProfileSelector
LogPluginManager: Mounting plugin AndroidMoviePlayer
LogPluginManager: Mounting plugin AndroidPermission
LogPluginManager: Mounting plugin AppleMoviePlayer
LogPluginManager: Mounting plugin ArchVisCharacter
LogPluginManager: Mounting plugin CableComponent
LogPluginManager: Mounting plugin CustomMeshComponent
LogPluginManager: Mounting plugin ExampleDeviceProfileSelector
LogPluginManager: Mounting plugin GoogleCloudMessaging
LogPluginManager: Mounting plugin ImmediatePhysics
LogPluginManager: Mounting plugin IOSDeviceProfileSelector
LogPluginManager: Mounting plugin LinuxDeviceProfileSelector
LogPluginManager: Mounting plugin LocationServicesBPLibrary
LogPluginManager: Mounting plugin MobilePatchingUtils
LogPluginManager: Mounting plugin OculusVR
LogPluginManager: Mounting plugin PhysXVehicles
LogPluginManager: Mounting plugin ProceduralMeshComponent
LogPluginManager: Mounting plugin RuntimePhysXCooking
LogPluginManager: Mounting plugin SteamVR
LogPluginManager: Mounting plugin WindowsMoviePlayer
LogInit: Using libcurl 7.47.1
LogInit:  - built for x86_64-pc-win32
LogInit:  - supports SSL with OpenSSL/1.0.2g
LogInit:  - supports HTTP deflate (compression) using libz 1.2.8
LogInit:  - other features:
LogInit:      CURL_VERSION_SSL
LogInit:      CURL_VERSION_LIBZ
LogInit:      CURL_VERSION_IPV6
LogInit:      CURL_VERSION_ASYNCHDNS
LogInit:      CURL_VERSION_LARGEFILE
LogInit:      CURL_VERSION_IDN
LogInit:  CurlRequestOptions (configurable via config and command line):
LogInit:  - bVerifyPeer = false  - Libcurl will NOT verify peer certificate
LogInit:  - bUseHttpProxy = false  - Libcurl will NOT use HTTP proxy
LogInit:  - bDontReuseConnections = false  - Libcurl will reuse connections
LogInit:  - CertBundlePath = nullptr  - Libcurl will use whatever was configured at build time.
LogInit: Build: ++UE4+Release-4.17-CL-3658906
LogInit: Engine Version: 4.17.2-3658906+++UE4+Release-4.17
LogInit: Compatible Engine Version: 4.17.0-3573198+++UE4+Release-4.17
LogInit: Net CL: 3573198
LogDevObjectVersion: Number of dev versions registered: 16
LogDevObjectVersion:   Dev-Blueprints (B0D832E4-1F89-4F0D-ACCF-7EB736FD4AA2): 10
LogDevObjectVersion:   Dev-Build (E1C64328-A22C-4D53-A36C-8E866417BD8C): 0
LogDevObjectVersion:   Dev-Core (375EC13C-06E4-48FB-B500-84F0262A717E): 2
LogDevObjectVersion:   Dev-Editor (E4B068ED-F494-42E9-A231-DA0B2E46BB41): 20
LogDevObjectVersion:   Dev-Framework (CFFC743F-43B0-4480-9391-14DF171D2073): 28
LogDevObjectVersion:   Dev-Mobile (B02B49B5-BB20-44E9-A304-32B752E40360): 0
LogDevObjectVersion:   Dev-Networking (A4E4105C-59A1-49B5-A7C5-40C4547EDFEE): 0
LogDevObjectVersion:   Dev-Online (39C831C9-5AE6-47DC-9A44-9C173E1C8E7C): 0
LogDevObjectVersion:   Dev-Physics (78F01B33-EBEA-4F98-B9B4-84EACCB95AA2): 0
LogDevObjectVersion:   Dev-Platform (6631380F-2D4D-43E0-8009-CF276956A95A): 0
LogDevObjectVersion:   Dev-Rendering (12F88B9F-8875-4AFC-A67C-D90C383ABD29): 19
LogDevObjectVersion:   Dev-Sequencer (7B5AE74C-D270-4C10-A958-57980B212A5A): 4
LogDevObjectVersion:   Dev-VR (D7296918-1DD6-4BDD-9DE2-64A83CC13884): 0
LogDevObjectVersion:   Dev-LoadTimes (C2A15278-BFE7-4AFE-6C17-90FF531DF755): 1
LogDevObjectVersion:   Private-Geometry (6EACA3D4-40EC-4CC1-B786-8BED09428FC5): 1
LogDevObjectVersion:   Dev-AnimPhys (29E575DD-E0A3-4627-9D10-D276232CDCEA): 7
LogInit: Compiled (64-bit): Sep 22 2017 13:47:16
LogInit: Compiled with Visual C++: 19.00.24215.01
LogInit: Build Configuration: Development
LogInit: Branch Name: ++UE4+Release-4.17
LogInit: Command line: 
LogInit: Base directory: C:/Program Files/Epic Games/UE_4.17/Engine/Binaries/Win64/
LogInit: Installed Engine Build: 1
LogInit: Presizing for max 8388607 objects, including 0 objects not considered by GC, pre-allocating 0 bytes for permanent pool.
LogInit: Object subsystem initialized
[2017.11.06-07.25.27:772][  0]LogInit: Selected Device Profile: [Windows]
[2017.11.06-07.25.27:772][  0]LogInit: Applying CVar settings loaded from the selected device profile: [Windows]
[2017.11.06-07.25.27:850][  0]LogInit: Computer: C17-PC
[2017.11.06-07.25.27:850][  0]LogInit: User: C17
[2017.11.06-07.25.27:850][  0]LogInit: CPU Page size=4096, Cores=2
[2017.11.06-07.25.27:850][  0]LogInit: High frequency timer resolution =2.435820 MHz
[2017.11.06-07.25.27:851][  0]LogMemory: Memory total: Physical=7.9GB (8GB approx)
[2017.11.06-07.25.27:851][  0]LogMemory: Platform Memory Stats for Windows
[2017.11.06-07.25.27:851][  0]LogMemory: Process Physical Memory: 278.97 MB used, 278.97 MB peak
[2017.11.06-07.25.27:851][  0]LogMemory: Process Virtual Memory: 278.69 MB used, 278.69 MB peak
[2017.11.06-07.25.27:851][  0]LogMemory: Physical Memory: 3610.87 MB used,  4501.80 MB free, 8112.66 MB total
[2017.11.06-07.25.27:851][  0]LogMemory: Virtual Memory: 650.18 MB used,  4501.80 MB free, 8388608.00 MB total
[2017.11.06-07.25.28:188][  0]LogInit: Using OS detected language (fr-FR).
[2017.11.06-07.25.28:188][  0]LogInit: Using OS detected locale (fr-FR).
[2017.11.06-07.25.28:190][  0]LogTextLocalizationManager: No localization for 'fr-FR' exists, so 'en' will be used for the language.
[2017.11.06-07.25.28:191][  0]LogTextLocalizationManager: No localization for 'fr-FR' exists, so 'en' will be used for the locale.
[2017.11.06-07.25.28:980][  0]LogD3D11RHI: D3D11 adapters:
[2017.11.06-07.25.29:024][  0]LogD3D11RHI:    0. 'NVIDIA GeForce GT 750M' (Feature Level 11_0)
[2017.11.06-07.25.29:024][  0]LogD3D11RHI:       1992/0/3800 MB DedicatedVideo/DedicatedSystem/SharedSystem, Outputs:1, VendorId:0x10de
[2017.11.06-07.25.29:054][  0]LogD3D11RHI:    1. 'NVIDIA GeForce GT 750M' (Feature Level 11_0)
[2017.11.06-07.25.29:054][  0]LogD3D11RHI:       1992/0/3800 MB DedicatedVideo/DedicatedSystem/SharedSystem, Outputs:0, VendorId:0x10de
[2017.11.06-07.25.29:054][  0]LogD3D11RHI: Chosen D3D11 Adapter: 0
[2017.11.06-07.25.29:061][  0]LogD3D11RHI: Creating new Direct3DDevice
[2017.11.06-07.25.29:061][  0]LogD3D11RHI:     GPU DeviceId: 0xfe4 (for the marketing name, search the web for "GPU Device Id")
[2017.11.06-07.25.29:061][  0]LogWindows: EnumDisplayDevices:
[2017.11.06-07.25.29:061][  0]LogWindows:    0. 'Intel(R) HD Graphics 4600' (P:1 D:1)
[2017.11.06-07.25.29:061][  0]LogWindows:    1. 'Intel(R) HD Graphics 4600' (P:0 D:0)
[2017.11.06-07.25.29:061][  0]LogWindows:    2. 'Intel(R) HD Graphics 4600' (P:0 D:0)
[2017.11.06-07.25.29:062][  0]LogWindows:    3. 'NVIDIA GeForce GT 750M' (P:0 D:0)
[2017.11.06-07.25.29:062][  0]LogWindows:    4. 'RDPDD Chained DD' (P:0 D:0)
[2017.11.06-07.25.29:062][  0]LogWindows:    5. 'RDP Encoder Mirror Driver' (P:0 D:0)
[2017.11.06-07.25.29:062][  0]LogWindows:    6. 'RDP Reflector Display Driver' (P:0 D:0)
[2017.11.06-07.25.29:062][  0]LogWindows: DebugString: PrimaryIsNotTheChoosenAdapter PrimaryIsNotTheChoosenAdapter PrimaryIsNotTheChoosenAdapter GetVideoDriverDetailsInvalid PrimaryIsNotTheChoosenAdapter GetVideoDriverDetailsInvalid PrimaryIsNotTheChoosenAdapter GetVideoDriverDetailsInvalid PrimaryIsNotTheChoosenAdapter 
[2017.11.06-07.25.29:062][  0]LogD3D11RHI:     Adapter Name: NVIDIA GeForce GT 750M
[2017.11.06-07.25.29:062][  0]LogD3D11RHI:   Driver Version: 388.00 (internal:23.21.13.8800, unified:388.00)
[2017.11.06-07.25.29:062][  0]LogD3D11RHI:      Driver Date: 10-12-2017
[2017.11.06-07.25.29:062][  0]LogRHI: Texture pool is 1361 MB (70% of 1945 MB)
[2017.11.06-07.25.29:083][  0]LogD3D11RHI: Async texture creation enabled
[2017.11.06-07.25.29:100][  0]LogD3D11RHI: GPU Timing Frequency: 1000.000000 (Debug: 2 2)
[2017.11.06-07.25.29:101][  0]LogShaderCompilers: Guid format shader working directory is -20 characters bigger than the processId version (../../../../../../Users/C17/Documents/Unreal Projects/JollyRoger/Intermediate/Shaders/WorkingDirectory/6048/).
[2017.11.06-07.25.29:101][  0]LogShaderCompilers: Cleaned the shader compiler working directory 'C:/Users/C17/AppData/Local/Temp/UnrealShaderWorkingDir/28015F5E4D53DFF91F9391B899B4EBEE/'.
[2017.11.06-07.25.29:101][  0]LogShaderCompilers: Display: Using Local Shader Compiler.
[2017.11.06-07.25.30:352][  0]LogTemp: Display: Loaded TP AllDesktopTargetPlatform
[2017.11.06-07.25.30:412][  0]LogTemp: Display: Loaded TP MacClientTargetPlatform
[2017.11.06-07.25.30:508][  0]LogTemp: Display: Loaded TP MacNoEditorTargetPlatform
[2017.11.06-07.25.30:557][  0]LogTemp: Display: Loaded TP MacServerTargetPlatform
[2017.11.06-07.25.30:615][  0]LogTemp: Display: Loaded TP MacTargetPlatform
[2017.11.06-07.25.30:662][  0]LogTemp: Display: Loaded TP WindowsClientTargetPlatform
[2017.11.06-07.25.30:719][  0]LogTemp: Display: Loaded TP WindowsNoEditorTargetPlatform
[2017.11.06-07.25.30:771][  0]LogTemp: Display: Loaded TP WindowsServerTargetPlatform
[2017.11.06-07.25.30:814][  0]LogTemp: Display: Loaded TP WindowsTargetPlatform
[2017.11.06-07.25.30:867][  0]LogTemp: Display: Loaded TP AndroidTargetPlatform
[2017.11.06-07.25.30:920][  0]LogTemp: Display: Loaded TP Android_ASTCTargetPlatform
[2017.11.06-07.25.30:978][  0]LogTemp: Display: Loaded TP Android_ATCTargetPlatform
[2017.11.06-07.25.31:041][  0]LogTemp: Display: Loaded TP Android_DXTTargetPlatform
[2017.11.06-07.25.31:097][  0]LogTemp: Display: Loaded TP Android_ETC1TargetPlatform
[2017.11.06-07.25.31:164][  0]LogTemp: Display: Loaded TP Android_ETC2TargetPlatform
[2017.11.06-07.25.31:287][  0]LogTemp: Display: Loaded TP Android_MultiTargetPlatform
[2017.11.06-07.25.31:287][  0]LogTemp: Display: Loaded TP Android_PVRTCTargetPlatform
[2017.11.06-07.25.31:323][  0]LogTemp: Display: Loaded TP HTML5TargetPlatform
[2017.11.06-07.25.31:412][  0]LogTemp: Display: Loaded TP IOSTargetPlatform
[2017.11.06-07.25.31:439][  0]LogTemp: Display: Loaded TP TVOSTargetPlatform
[2017.11.06-07.25.31:488][  0]LogTemp: Display: Loaded TP LinuxClientTargetPlatform
[2017.11.06-07.25.31:537][  0]LogTemp: Display: Loaded TP LinuxNoEditorTargetPlatform
[2017.11.06-07.25.31:622][  0]LogTemp: Display: Loaded TP LinuxServerTargetPlatform
[2017.11.06-07.25.31:670][  0]LogTemp: Display: Loaded TP LinuxTargetPlatform
[2017.11.06-07.25.31:670][  0]LogTargetPlatformManager: Display: Building Assets For Windows
[2017.11.06-07.25.32:114][  0]LogDerivedDataCache: Display: Max Cache Size: 512 MB
[2017.11.06-07.25.32:239][  0]LogDerivedDataCache: Loaded boot cache 0.13s 93MB C:/Users/C17/AppData/Local/UnrealEngine/4.17/DerivedDataCache/Boot.ddc.
[2017.11.06-07.25.32:239][  0]LogDerivedDataCache: Display: Loaded Boot cache: C:/Users/C17/AppData/Local/UnrealEngine/4.17/DerivedDataCache/Boot.ddc
[2017.11.06-07.25.32:239][  0]LogDerivedDataCache: FDerivedDataBackendGraph:  Pak pak cache file ../../../../../../Users/C17/Documents/Unreal Projects/JollyRoger/DerivedDataCache/DDC.ddp not found, will not use a pak cache.
[2017.11.06-07.25.32:239][  0]LogDerivedDataCache: Unable to find inner node Pak for hierarchical cache Hierarchy.
[2017.11.06-07.25.32:239][  0]LogDerivedDataCache: FDerivedDataBackendGraph:  CompressedPak pak cache file ../../../../../../Users/C17/Documents/Unreal Projects/JollyRoger/DerivedDataCache/Compressed.ddp not found, will not use a pak cache.
[2017.11.06-07.25.32:239][  0]LogDerivedDataCache: Unable to find inner node CompressedPak for hierarchical cache Hierarchy.
[2017.11.06-07.25.32:262][  0]LogDerivedDataCache: Display: Pak cache opened for reading ../../../Engine/DerivedDataCache/Compressed.ddp.
[2017.11.06-07.25.32:272][  0]LogDerivedDataCache: Using Local data cache path C:/Users/C17/AppData/Local/UnrealEngine/Common/DerivedDataCache: Writable
[2017.11.06-07.25.32:284][  0]LogMaterial: Verifying Global Shaders for PCD3D_SM5
[2017.11.06-07.25.32:284][  0]LogSlate: Using Freetype 2.6.0
[2017.11.06-07.25.32:285][  0]LogSlate: SlateFontCache - WITH_FREETYPE: 1, WITH_HARFBUZZ: 1
[2017.11.06-07.25.32:285][  0]LogSlate: SlateFontCache - WITH_FREETYPE: 1, WITH_HARFBUZZ: 1
[2017.11.06-07.25.32:913][  0]LogAssetRegistry: FAssetRegistry took 0.0254 seconds to start up
[2017.11.06-07.25.33:157][  0]LogInit: Selected Device Profile: [Windows]
[2017.11.06-07.25.33:163][  0]LogContentStreaming: Texture pool size is 0.00 MB
[2017.11.06-07.25.33:609][  0]LogSimplygon: Simplygon DLL not present - disabling.
[2017.11.06-07.25.34:057][  0]LogMeshReduction: Using SimplygonSwarm for distributed automatic mesh merging
[2017.11.06-07.25.34:057][  0]LogMeshReduction: Using QuadricMeshReduction for automatic static mesh reduction
[2017.11.06-07.25.34:057][  0]LogMeshReduction: No automatic skeletal mesh reduction module available
[2017.11.06-07.25.34:057][  0]LogMeshReduction: No automatic mesh merging module available
[2017.11.06-07.25.34:057][  0]LogMeshMerging: No automatic mesh merging module available
[2017.11.06-07.25.34:643][  0]LogNetVersion: JollyRoger , NetCL: 3573198, EngineNetVer: 2, GameNetVer: 0 (Checksum: 541821768)
[2017.11.06-07.25.35:293][  0]LogPackageLocalizationCache: Processed 5 localized package path(s) for 1 prioritized culture(s) in 0.453059 seconds
[2017.11.06-07.25.35:303][  0]LogUObjectArray: 35825 objects as part of root set at end of initial load.
[2017.11.06-07.25.35:303][  0]LogUObjectAllocator: 7529112 out of 0 bytes used by permanent object pool.
[2017.11.06-07.25.35:303][  0]LogUObjectArray: CloseDisregardForGC: 0/0 objects in disregard for GC pool
[2017.11.06-07.25.35:358][  0]LogInit: WinSock: version 1.1 (2.2), MaxSocks=32767, MaxUdp=65467
[2017.11.06-07.25.38:461][  0]LogTcpMessaging: Initializing TcpMessaging bridge
[2017.11.06-07.25.38:512][  0]LogUdpMessaging: Initializing bridge on interface 0.0.0.0:0 to multicast group 230.0.0.1:6666.
[2017.11.06-07.25.39:658][  0]LogMaterial: Uniform references updated for custom material expression Custom.
[2017.11.06-07.25.40:098][  0]SourceControl: Source control is disabled
[2017.11.06-07.25.40:098][  0]SourceControl: Source control is disabled
[2017.11.06-07.25.40:149][  0]SourceControl: Source control is disabled
[2017.11.06-07.25.40:192][  0]SourceControl: Source control is disabled
[2017.11.06-07.25.41:355][  0]LogAndroidPermission: UAndroidPermissionCallbackProxy::GetInstance
[2017.11.06-07.25.41:595][  0]LogOcInput: OculusInput pre-init called
[2017.11.06-07.25.43:011][  0]LogEngine: Initializing Engine...
[2017.11.06-07.25.43:013][  0]LogHMD: Failed to initialize OpenVR with code 110
[2017.11.06-07.25.43:333][  0]LogStats: UGameplayTagsManager::ConstructGameplayTagTree: Construct from data asset -  0.000 s
[2017.11.06-07.25.43:333][  0]LogStats: UGameplayTagsManager::ConstructGameplayTagTree: GameplayTagTreeChangedEvent.Broadcast -  0.000 s
[2017.11.06-07.25.43:604][  0]LogAIModule: Creating AISystem for world Untitled
[2017.11.06-07.25.43:618][  0]LogInit: XAudio2 using 'Haut-parleurs (Realtek High Definition Audio)' : 2 channels at 48 kHz using 32 bits per sample (channel mask 0x3)
[2017.11.06-07.25.43:656][  0]LogInit: FAudioDevice initialized.
[2017.11.06-07.25.44:245][  0]LogDerivedDataCache: Saved boot cache 0.59s 93MB C:/Users/C17/AppData/Local/UnrealEngine/4.17/DerivedDataCache/Boot.ddc.
[2017.11.06-07.25.44:258][  0]LogInit: Texture streaming: Enabled
[2017.11.06-07.25.44:374][  0]LogEngineSessionManager: EngineSessionManager initialized
[2017.11.06-07.25.45:300][  0]LogInit: Transaction tracking system initialized
[2017.11.06-07.25.45:687][  0]BlueprintLog: New page: Editor Load
[2017.11.06-07.25.46:593][  0]LocalizationService: Localization service is disabled
[2017.11.06-07.25.47:802][  0]LogConsoleResponse: Display: 
[2017.11.06-07.25.48:317][  0]LogCook: Display: Max memory allowance for cook 16384mb min free memory 0mb
[2017.11.06-07.25.48:317][  0]LogCook: Display: Mobile HDR setting 1
[2017.11.06-07.25.48:317][  0]LogGameplayTags: Display: UGameplayTagsManager::DoneAddingNativeTags. DelegateIsBound: 0
[2017.11.06-07.25.49:048][  0]LogFileCache: Scanning file cache for directory 'C:/Users/C17/Documents/Unreal Projects/JollyRoger/Content/' took 0.04s
[2017.11.06-07.25.49:423][  0]SourceControl: Source control is disabled
[2017.11.06-07.25.49:424][  0]Cmd: MAP LOAD FILE="../../../../../../Users/C17/Documents/Unreal Projects/JollyRoger/Content/Maps/Level_001.umap" TEMPLATE=0 SHOWPROGRESS=1 FEATURELEVEL=3
[2017.11.06-07.25.49:424][  0]LightingResults: New page: Lighting Build
[2017.11.06-07.25.49:469][  0]MapCheck: New page: Map Check
[2017.11.06-07.25.49:469][  0]LightingResults: New page: Lighting Build
[2017.11.06-07.25.58:686][  0]LogAIModule: Creating AISystem for world Level_001
[2017.11.06-07.25.58:795][  0]LogEditorServer: Finished looking for orphan Actors (0.000 secs)
[2017.11.06-07.25.58:819][  0]Cmd: MAP CHECKDEP NOCLEARLOG
[2017.11.06-07.25.58:870][  0]MapCheck: Map check complete: 0 Error(s), 0 Warning(s), took 50.792ms to complete.
[2017.11.06-07.25.58:870][  0]LogFileHelpers: Loading map 'Level_001' took 9.447
[2017.11.06-07.26.02:301][  0]LogCollectionManager: Loaded 0 collections in 0.040946 seconds
[2017.11.06-07.26.03:810][  0]LogFileCache: Scanning file cache for directory 'C:/Users/C17/Documents/Unreal Projects/JollyRoger/Saved/Collections/' took 0.01s
[2017.11.06-07.26.03:810][  0]LogFileCache: Scanning file cache for directory 'C:/Users/C17/Documents/Unreal Projects/JollyRoger/Content/Developers/C17/Collections/' took 0.01s
[2017.11.06-07.26.03:810][  0]LogFileCache: Scanning file cache for directory 'C:/Users/C17/Documents/Unreal Projects/JollyRoger/Content/Collections/' took 0.01s
[2017.11.06-07.26.03:810][  0]LogCollectionManager: Rebuilt the GUID cache for 0 collections in 0.000000 seconds
[2017.11.06-07.26.04:003][  0]LogContentBrowser: Native class hierarchy populated in 0.1914 seconds. Added 2388 classes and 502 folders.
[2017.11.06-07.26.04:965][  0]LogContentBrowser: Native class hierarchy updated for 'WidgetCarousel' in 0.0300 seconds. Added 0 classes and 0 folders.
[2017.11.06-07.26.12:387][  0]LogContentBrowser: Native class hierarchy updated for 'AddContentDialog' in 0.0013 seconds. Added 0 classes and 0 folders.
[2017.11.06-07.26.13:788][  0]LogContentBrowser: Native class hierarchy updated for 'SceneOutliner' in 0.0027 seconds. Added 1 classes and 2 folders.
[2017.11.06-07.26.16:130][  0]LogSlate: Took 0.000241 seconds to synchronously load lazily loaded font '../../../Engine/Content/Slate/Fonts/Roboto-Regular.ttf' (155K)
[2017.11.06-07.26.16:150][  0]LogSlate: Took 0.000451 seconds to synchronously load lazily loaded font '../../../Engine/Content/Slate/Fonts/Roboto-Bold.ttf' (160K)
[2017.11.06-07.26.16:258][  0]LogSlate: Took 0.010362 seconds to synchronously load lazily loaded font '../../../Engine/Content/Editor/Slate/Fonts/FontAwesome.ttf' (139K)
[2017.11.06-07.26.16:851][  0]LogRenderer: Reallocating scene render targets to support 1208x576 Format 9 NumSamples 1 (Frame:1).
[2017.11.06-07.26.18:151][  0]LogContentBrowser: Native class hierarchy updated for 'HierarchicalLODOutliner' in 0.0020 seconds. Added 1 classes and 2 folders.
[2017.11.06-07.26.18:151][  0]LogLoad: (Engine Initialization) Total time: 56.93 seconds
[2017.11.06-07.26.18:151][  0]LogLoad: (Engine Initialization) Total Blueprint compile time: 0.00 seconds
[2017.11.06-07.26.18:151][  0]LogExternalProfiler: Found external profiler: VSPerf
[2017.11.06-07.26.18:152][  0]LogExternalProfiler: Using external profiler: VSPerf
[2017.11.06-07.26.18:201][  0]LogContentStreaming: Texture pool size now 600 MB
[2017.11.06-07.26.18:432][  0]LogSlate: Took 0.015696 seconds to synchronously load lazily loaded font '../../../Engine/Content/Slate/Fonts/Roboto-Light.ttf' (159K)
[2017.11.06-07.26.19:420][  2]LogAssetRegistry: Asset discovery search completed in 46.5267 seconds
[2017.11.06-07.26.19:422][  2]LogCollectionManager: Rebuilt the object cache for 0 collections in 0.000000 seconds (found 0 objects)
[2017.11.06-07.26.19:422][  2]LogCollectionManager: Fixed up redirectors for 0 collections in 0.000051 seconds (updated 0 objects)
[2017.11.06-07.26.20:364][ 10]LogMaterial: Missing cached shader map for material Material_0, compiling. 
[2017.11.06-07.27.20:044][274]LogEditorViewport: Clicking on Actor (LMB): StaticMeshActor (grid64)
[2017.11.06-07.31.56:474][258]LogTemp: Repeating last play command: Selected Viewport
[2017.11.06-07.31.56:706][258]LogBlueprintUserMessages: Early PlayInEditor Detection: Level '/Game/Maps/Level_001.Level_001:PersistentLevel' has LevelScriptBlueprint '/Game/Maps/Level_001.Level_001:PersistentLevel.Level_001' with GeneratedClass '/Game/Maps/Level_001.Level_001_C' with ClassGeneratedBy '/Game/Maps/Level_001.Level_001:PersistentLevel.Level_001'
[2017.11.06-07.31.56:706][258]LogPlayLevel: PlayLevel: No blueprints needed recompiling
[2017.11.06-07.31.56:707][258]PIE: New page: PIE session: Level_001 (Nov 6, 2017, 9:31:56 AM)
[2017.11.06-07.31.56:707][258]LogPlayLevel: Creating play world package: /Game/Maps/UEDPIE_0_Level_001
[2017.11.06-07.31.56:710][258]LogPlayLevel: PIE: StaticDuplicateObject took: (0.002829s)
[2017.11.06-07.31.56:711][258]LogAIModule: Creating AISystem for world Level_001
[2017.11.06-07.31.56:711][258]LogPlayLevel: PIE: World Init took: (0.001007s)
[2017.11.06-07.31.56:712][258]LogPlayLevel: PIE: Created PIE world by copying editor world from /Game/Maps/Level_001.Level_001 to /Game/Maps/UEDPIE_0_Level_001.Level_001 (0.004291s)
[2017.11.06-07.31.56:728][258]LogInit: XAudio2 using 'Haut-parleurs (Realtek High Definition Audio)' : 2 channels at 48 kHz using 32 bits per sample (channel mask 0x3)
[2017.11.06-07.31.56:739][258]LogInit: FAudioDevice initialized.
[2017.11.06-07.31.56:782][258]LogLoad: Game class is 'JollyRogerGameModeBase'
[2017.11.06-07.31.56:785][258]LogWorld: Bringing World /Game/Maps/UEDPIE_0_Level_001.Level_001 up for play (max tick rate 0) at 2017.11.06-08.31.56
[2017.11.06-07.31.56:785][258]LogWorld: Bringing up level for play took: 0.001776
[2017.11.06-07.31.56:822][258]LogContentBrowser: Native class hierarchy updated for 'MovieSceneCapture' in 0.0012 seconds. Added 11 classes and 0 folders.
[2017.11.06-07.31.56:823][258]PIE: Play in editor start time for /Game/Maps/UEDPIE_0_Level_001 -0.835
[2017.11.06-07.31.56:824][258]LogBlueprintUserMessages: Late PlayInEditor Detection: Level '/Game/Maps/Level_001.Level_001:PersistentLevel' has LevelScriptBlueprint '/Game/Maps/Level_001.Level_001:PersistentLevel.Level_001' with GeneratedClass '/Game/Maps/Level_001.Level_001_C' with ClassGeneratedBy '/Game/Maps/Level_001.Level_001:PersistentLevel.Level_001'
[2017.11.06-07.31.57:657][276]LogBlueprintUserMessages: Early EndPlayMap Detection: Level '/Game/Maps/Level_001.Level_001:PersistentLevel' has LevelScriptBlueprint '/Game/Maps/Level_001.Level_001:PersistentLevel.Level_001' with GeneratedClass '/Game/Maps/Level_001.Level_001_C' with ClassGeneratedBy '/Game/Maps/Level_001.Level_001:PersistentLevel.Level_001'
[2017.11.06-07.31.57:733][276]LogBlueprintUserMessages: Late EndPlayMap Detection: Level '/Game/Maps/Level_001.Level_001:PersistentLevel' has LevelScriptBlueprint '/Game/Maps/Level_001.Level_001:PersistentLevel.Level_001' with GeneratedClass '/Game/Maps/Level_001.Level_001_C' with ClassGeneratedBy '/Game/Maps/Level_001.Level_001:PersistentLevel.Level_001'
[2017.11.06-07.32.05:426][462]LogTemp: Repeating last play command: Selected Viewport
[2017.11.06-07.32.05:444][462]LogBlueprintUserMessages: Early PlayInEditor Detection: Level '/Game/Maps/Level_001.Level_001:PersistentLevel' has LevelScriptBlueprint '/Game/Maps/Level_001.Level_001:PersistentLevel.Level_001' with GeneratedClass '/Game/Maps/Level_001.Level_001_C' with ClassGeneratedBy '/Game/Maps/Level_001.Level_001:PersistentLevel.Level_001'
[2017.11.06-07.32.05:444][462]LogPlayLevel: PlayLevel: No blueprints needed recompiling
[2017.11.06-07.32.05:444][462]PIE: New page: PIE session: Level_001 (Nov 6, 2017, 9:32:05 AM)
[2017.11.06-07.32.05:444][462]LogPlayLevel: Creating play world package: /Game/Maps/UEDPIE_0_Level_001
[2017.11.06-07.32.05:446][462]LogPlayLevel: PIE: StaticDuplicateObject took: (0.002391s)
[2017.11.06-07.32.05:447][462]LogAIModule: Creating AISystem for world Level_001
[2017.11.06-07.32.05:447][462]LogPlayLevel: PIE: World Init took: (0.000774s)
[2017.11.06-07.32.05:447][462]LogPlayLevel: PIE: Created PIE world by copying editor world from /Game/Maps/Level_001.Level_001 to /Game/Maps/UEDPIE_0_Level_001.Level_001 (0.003402s)
[2017.11.06-07.32.05:477][462]LogInit: XAudio2 using 'Haut-parleurs (Realtek High Definition Audio)' : 2 channels at 48 kHz using 32 bits per sample (channel mask 0x3)
[2017.11.06-07.32.05:490][462]LogInit: FAudioDevice initialized.
[2017.11.06-07.32.05:525][462]LogLoad: Game class is 'JollyRogerGameModeBase'
[2017.11.06-07.32.05:527][462]LogWorld: Bringing World /Game/Maps/UEDPIE_0_Level_001.Level_001 up for play (max tick rate 0) at 2017.11.06-08.32.05
[2017.11.06-07.32.05:527][462]LogWorld: Bringing up level for play took: 0.001825
[2017.11.06-07.32.05:529][462]PIE: Play in editor start time for /Game/Maps/UEDPIE_0_Level_001 -0.129
[2017.11.06-07.32.05:529][462]LogBlueprintUserMessages: Late PlayInEditor Detection: Level '/Game/Maps/Level_001.Level_001:PersistentLevel' has LevelScriptBlueprint '/Game/Maps/Level_001.Level_001:PersistentLevel.Level_001' with GeneratedClass '/Game/Maps/Level_001.Level_001_C' with ClassGeneratedBy '/Game/Maps/Level_001.Level_001:PersistentLevel.Level_001'
[2017.11.06-07.32.16:693][738]LogBlueprintUserMessages: Early EndPlayMap Detection: Level '/Game/Maps/Level_001.Level_001:PersistentLevel' has LevelScriptBlueprint '/Game/Maps/Level_001.Level_001:PersistentLevel.Level_001' with GeneratedClass '/Game/Maps/Level_001.Level_001_C' with ClassGeneratedBy '/Game/Maps/Level_001.Level_001:PersistentLevel.Level_001'
[2017.11.06-07.32.16:773][738]LogBlueprintUserMessages: Late EndPlayMap Detection: Level '/Game/Maps/Level_001.Level_001:PersistentLevel' has LevelScriptBlueprint '/Game/Maps/Level_001.Level_001:PersistentLevel.Level_001' with GeneratedClass '/Game/Maps/Level_001.Level_001_C' with ClassGeneratedBy '/Game/Maps/Level_001.Level_001:PersistentLevel.Level_001'
[2017.11.06-07.33.33:456][754]LogTemp: Repeating last play command: Selected Viewport
[2017.11.06-07.33.33:477][754]LogBlueprintUserMessages: Early PlayInEditor Detection: Level '/Game/Maps/Level_001.Level_001:PersistentLevel' has LevelScriptBlueprint '/Game/Maps/Level_001.Level_001:PersistentLevel.Level_001' with GeneratedClass '/Game/Maps/Level_001.Level_001_C' with ClassGeneratedBy '/Game/Maps/Level_001.Level_001:PersistentLevel.Level_001'
[2017.11.06-07.33.33:477][754]LogPlayLevel: PlayLevel: No blueprints needed recompiling
[2017.11.06-07.33.33:477][754]PIE: New page: PIE session: Level_001 (Nov 6, 2017, 9:33:33 AM)
[2017.11.06-07.33.33:477][754]LogPlayLevel: Creating play world package: /Game/Maps/UEDPIE_0_Level_001
[2017.11.06-07.33.33:482][754]LogPlayLevel: PIE: StaticDuplicateObject took: (0.004403s)
[2017.11.06-07.33.33:482][754]LogAIModule: Creating AISystem for world Level_001
[2017.11.06-07.33.33:483][754]LogPlayLevel: PIE: World Init took: (0.000815s)
[2017.11.06-07.33.33:483][754]LogPlayLevel: PIE: Created PIE world by copying editor world from /Game/Maps/Level_001.Level_001 to /Game/Maps/UEDPIE_0_Level_001.Level_001 (0.005543s)
[2017.11.06-07.33.33:508][754]LogInit: XAudio2 using 'Haut-parleurs (Realtek High Definition Audio)' : 2 channels at 48 kHz using 32 bits per sample (channel mask 0x3)
[2017.11.06-07.33.33:518][754]LogInit: FAudioDevice initialized.
[2017.11.06-07.33.33:553][754]LogLoad: Game class is 'JollyRogerGameModeBase'
[2017.11.06-07.33.33:555][754]LogWorld: Bringing World /Game/Maps/UEDPIE_0_Level_001.Level_001 up for play (max tick rate 0) at 2017.11.06-08.33.33
[2017.11.06-07.33.33:555][754]LogWorld: Bringing up level for play took: 0.001416
[2017.11.06-07.33.33:557][754]PIE: Play in editor start time for /Game/Maps/UEDPIE_0_Level_001 -0.103
[2017.11.06-07.33.33:557][754]LogBlueprintUserMessages: Late PlayInEditor Detection: Level '/Game/Maps/Level_001.Level_001:PersistentLevel' has LevelScriptBlueprint '/Game/Maps/Level_001.Level_001:PersistentLevel.Level_001' with GeneratedClass '/Game/Maps/Level_001.Level_001_C' with ClassGeneratedBy '/Game/Maps/Level_001.Level_001:PersistentLevel.Level_001'
[2017.11.06-07.34.00:586][411]LogBlueprintUserMessages: Early EndPlayMap Detection: Level '/Game/Maps/Level_001.Level_001:PersistentLevel' has LevelScriptBlueprint '/Game/Maps/Level_001.Level_001:PersistentLevel.Level_001' with GeneratedClass '/Game/Maps/Level_001.Level_001_C' with ClassGeneratedBy '/Game/Maps/Level_001.Level_001:PersistentLevel.Level_001'
[2017.11.06-07.34.00:674][411]LogBlueprintUserMessages: Late EndPlayMap Detection: Level '/Game/Maps/Level_001.Level_001:PersistentLevel' has LevelScriptBlueprint '/Game/Maps/Level_001.Level_001:PersistentLevel.Level_001' with GeneratedClass '/Game/Maps/Level_001.Level_001_C' with ClassGeneratedBy '/Game/Maps/Level_001.Level_001:PersistentLevel.Level_001'
[2017.11.06-07.35.36:366][522]LogSlate: Took 0.000212 seconds to synchronously load lazily loaded font '../../../Engine/Content/Slate/Fonts/Roboto-Light.ttf' (159K)
[2017.11.06-07.35.37:322][522]LogSlate: Took 0.000226 seconds to synchronously load lazily loaded font '../../../Engine/Content/Slate/Fonts/Roboto-Regular.ttf' (155K)
[2017.11.06-07.35.37:712][522]LogContentBrowser: Native class hierarchy updated for 'BlueprintGraph' in 0.0021 seconds. Added 113 classes and 0 folders.
[2017.11.06-07.35.39:790][522]LogSlate: Took 0.082055 seconds to synchronously load lazily loaded font '../../../Engine/Content/Editor/Slate/Fonts/Roboto-BoldCondensed.ttf' (158K)
[2017.11.06-07.35.40:727][523]LogSlate: Took 0.134312 seconds to synchronously load lazily loaded font '../../../Engine/Content/Editor/Slate/Fonts/Roboto-Italic.ttf' (157K)
[2017.11.06-07.35.54:095][898]BlueprintLog: New page: Compile Buoyancy
[2017.11.06-07.35.55:287][920]LogTemp: Repeating last play command: Selected Viewport
[2017.11.06-07.35.55:336][920]LogBlueprintUserMessages: Early PlayInEditor Detection: Level '/Game/Maps/Level_001.Level_001:PersistentLevel' has LevelScriptBlueprint '/Game/Maps/Level_001.Level_001:PersistentLevel.Level_001' with GeneratedClass '/Game/Maps/Level_001.Level_001_C' with ClassGeneratedBy '/Game/Maps/Level_001.Level_001:PersistentLevel.Level_001'
[2017.11.06-07.35.55:336][920]LogPlayLevel: PlayLevel: No blueprints needed recompiling
[2017.11.06-07.35.55:336][920]PIE: New page: PIE session: Level_001 (Nov 6, 2017, 9:35:55 AM)
[2017.11.06-07.35.55:337][920]LogPlayLevel: Creating play world package: /Game/Maps/UEDPIE_0_Level_001
[2017.11.06-07.35.55:341][920]LogPlayLevel: PIE: StaticDuplicateObject took: (0.004144s)
[2017.11.06-07.35.55:342][920]LogAIModule: Creating AISystem for world Level_001
[2017.11.06-07.35.55:342][920]LogPlayLevel: PIE: World Init took: (0.001574s)
[2017.11.06-07.35.55:343][920]LogPlayLevel: PIE: Created PIE world by copying editor world from /Game/Maps/Level_001.Level_001 to /Game/Maps/UEDPIE_0_Level_001.Level_001 (0.006393s)
[2017.11.06-07.35.55:382][920]LogInit: XAudio2 using 'Haut-parleurs (Realtek High Definition Audio)' : 2 channels at 48 kHz using 32 bits per sample (channel mask 0x3)
[2017.11.06-07.35.55:393][920]LogInit: FAudioDevice initialized.
[2017.11.06-07.35.55:430][920]LogLoad: Game class is 'JollyRogerGameModeBase'
[2017.11.06-07.35.55:432][920]LogWorld: Bringing World /Game/Maps/UEDPIE_0_Level_001.Level_001 up for play (max tick rate 0) at 2017.11.06-08.35.55
[2017.11.06-07.35.55:433][920]LogWorld: Bringing up level for play took: 0.001716
[2017.11.06-07.35.55:435][920]PIE: Play in editor start time for /Game/Maps/UEDPIE_0_Level_001 -0.228
[2017.11.06-07.35.55:435][920]LogBlueprintUserMessages: Late PlayInEditor Detection: Level '/Game/Maps/Level_001.Level_001:PersistentLevel' has LevelScriptBlueprint '/Game/Maps/Level_001.Level_001:PersistentLevel.Level_001' with GeneratedClass '/Game/Maps/Level_001.Level_001_C' with ClassGeneratedBy '/Game/Maps/Level_001.Level_001:PersistentLevel.Level_001'
[2017.11.06-07.36.08:003][192]LogBlueprintUserMessages: Early EndPlayMap Detection: Level '/Game/Maps/Level_001.Level_001:PersistentLevel' has LevelScriptBlueprint '/Game/Maps/Level_001.Level_001:PersistentLevel.Level_001' with GeneratedClass '/Game/Maps/Level_001.Level_001_C' with ClassGeneratedBy '/Game/Maps/Level_001.Level_001:PersistentLevel.Level_001'
[2017.11.06-07.36.08:081][192]LogBlueprintUserMessages: Late EndPlayMap Detection: Level '/Game/Maps/Level_001.Level_001:PersistentLevel' has LevelScriptBlueprint '/Game/Maps/Level_001.Level_001:PersistentLevel.Level_001' with GeneratedClass '/Game/Maps/Level_001.Level_001_C' with ClassGeneratedBy '/Game/Maps/Level_001.Level_001:PersistentLevel.Level_001'
[2017.11.06-07.36.09:083][213]LogEditorTransaction: Undo Create Pin Link
[2017.11.06-07.36.09:128][213]LogSlate: Took 0.000246 seconds to synchronously load lazily loaded font '../../../Engine/Content/Slate/Fonts/Roboto-Light.ttf' (159K)
[2017.11.06-07.36.09:789][229]LogEditorTransaction: Undo Move Node
[2017.11.06-07.36.10:868][256]LogEditorTransaction: Undo Create Pin Link
[2017.11.06-07.36.12:933][308]BlueprintLog: New page: Compile Buoyancy
[2017.11.06-07.36.15:160][357]LogTemp: Repeating last play command: Selected Viewport
[2017.11.06-07.36.15:205][357]LogBlueprintUserMessages: Early PlayInEditor Detection: Level '/Game/Maps/Level_001.Level_001:PersistentLevel' has LevelScriptBlueprint '/Game/Maps/Level_001.Level_001:PersistentLevel.Level_001' with GeneratedClass '/Game/Maps/Level_001.Level_001_C' with ClassGeneratedBy '/Game/Maps/Level_001.Level_001:PersistentLevel.Level_001'
[2017.11.06-07.36.15:205][357]LogPlayLevel: PlayLevel: No blueprints needed recompiling
[2017.11.06-07.36.15:205][357]PIE: New page: PIE session: Level_001 (Nov 6, 2017, 9:36:15 AM)
[2017.11.06-07.36.15:206][357]LogPlayLevel: Creating play world package: /Game/Maps/UEDPIE_0_Level_001
[2017.11.06-07.36.15:210][357]LogPlayLevel: PIE: StaticDuplicateObject took: (0.004049s)
[2017.11.06-07.36.15:211][357]LogAIModule: Creating AISystem for world Level_001
[2017.11.06-07.36.15:211][357]LogPlayLevel: PIE: World Init took: (0.001150s)
[2017.11.06-07.36.15:211][357]LogPlayLevel: PIE: Created PIE world by copying editor world from /Game/Maps/Level_001.Level_001 to /Game/Maps/UEDPIE_0_Level_001.Level_001 (0.005574s)
[2017.11.06-07.36.15:249][357]LogInit: XAudio2 using 'Haut-parleurs (Realtek High Definition Audio)' : 2 channels at 48 kHz using 32 bits per sample (channel mask 0x3)
[2017.11.06-07.36.15:272][357]LogInit: FAudioDevice initialized.
[2017.11.06-07.36.15:314][357]LogLoad: Game class is 'JollyRogerGameModeBase'
[2017.11.06-07.36.15:316][357]LogWorld: Bringing World /Game/Maps/UEDPIE_0_Level_001.Level_001 up for play (max tick rate 0) at 2017.11.06-08.36.15
[2017.11.06-07.36.15:316][357]LogWorld: Bringing up level for play took: 0.002043
[2017.11.06-07.36.15:318][357]PIE: Play in editor start time for /Game/Maps/UEDPIE_0_Level_001 -0.346
[2017.11.06-07.36.15:319][357]LogBlueprintUserMessages: Late PlayInEditor Detection: Level '/Game/Maps/Level_001.Level_001:PersistentLevel' has LevelScriptBlueprint '/Game/Maps/Level_001.Level_001:PersistentLevel.Level_001' with GeneratedClass '/Game/Maps/Level_001.Level_001_C' with ClassGeneratedBy '/Game/Maps/Level_001.Level_001:PersistentLevel.Level_001'
[2017.11.06-07.36.24:126][561]LogBlueprintUserMessages: Early EndPlayMap Detection: Level '/Game/Maps/Level_001.Level_001:PersistentLevel' has LevelScriptBlueprint '/Game/Maps/Level_001.Level_001:PersistentLevel.Level_001' with GeneratedClass '/Game/Maps/Level_001.Level_001_C' with ClassGeneratedBy '/Game/Maps/Level_001.Level_001:PersistentLevel.Level_001'
[2017.11.06-07.36.24:208][561]LogBlueprintUserMessages: Late EndPlayMap Detection: Level '/Game/Maps/Level_001.Level_001:PersistentLevel' has LevelScriptBlueprint '/Game/Maps/Level_001.Level_001:PersistentLevel.Level_001' with GeneratedClass '/Game/Maps/Level_001.Level_001_C' with ClassGeneratedBy '/Game/Maps/Level_001.Level_001:PersistentLevel.Level_001'
[2017.11.06-07.37.20:043][775]LogSavePackage: Save=164.36ms
[2017.11.06-07.37.20:044][775]LogSavePackage: Moving '../../../../../../Users/C17/Documents/Unreal Projects/JollyRoger/Saved/Level_001_Auto1A2B9E2024E91935AE7608DBB43731112.tmp' to '../../../../../../Users/C17/Documents/Unreal Projects/JollyRoger/Saved/Autosaves/Game/Maps/Level_001_Auto1.umap'
[2017.11.06-07.37.20:045][775]LogSavePackage: Display: Finished SavePackage ../../../../../../Users/C17/Documents/Unreal Projects/JollyRoger/Saved/Autosaves/Game/Maps/Level_001_Auto1.umap
[2017.11.06-07.37.20:046][775]LogFileHelpers: Editor autosave (incl. sublevels) for '/Game/Maps/Level_001' took 0.340
[2017.11.06-07.37.20:046][775]LogFileHelpers: Editor autosave (incl. sublevels) for all levels took 0.340
[2017.11.06-07.37.20:050][775]OBJ SavePackage: Generating thumbnails for [1] asset(s) in package [/Game/Ocean/Buoyancy] ([1] browsable assets)...
[2017.11.06-07.37.20:072][775]OBJ SavePackage:     Rendered thumbnail for [Blueprint /Game/Ocean/Buoyancy.Buoyancy]
[2017.11.06-07.37.20:073][775]OBJ SavePackage: Finished generating thumbnails for package [/Game/Ocean/Buoyancy]
[2017.11.06-07.37.20:073][775]Cmd: OBJ SAVEPACKAGE PACKAGE="/Game/Ocean/Buoyancy" FILE="../../../../../../Users/C17/Documents/Unreal Projects/JollyRoger/Saved/Autosaves/Game/Ocean/Buoyancy_Auto1.uasset" SILENT=false AUTOSAVING=true
[2017.11.06-07.37.20:200][775]LogSavePackage: Save=53.09ms
[2017.11.06-07.37.20:200][775]LogSavePackage: Moving '../../../../../../Users/C17/Documents/Unreal Projects/JollyRoger/Saved/Buoyancy_Auto1135157224CE85941CF8F9B98BF22D1E2.tmp' to '../../../../../../Users/C17/Documents/Unreal Projects/JollyRoger/Saved/Autosaves/Game/Ocean/Buoyancy_Auto1.uasset'
[2017.11.06-07.37.20:201][775]LogSavePackage: Display: Finished SavePackage ../../../../../../Users/C17/Documents/Unreal Projects/JollyRoger/Saved/Autosaves/Game/Ocean/Buoyancy_Auto1.uasset
[2017.11.06-07.37.20:201][775]LogFileHelpers: Auto-saving content packages took 0.152
[2017.11.06-07.38.27:614][985]Candidate modules for hot reload:
[2017.11.06-07.38.27:615][985]  JollyRoger
[2017.11.06-07.38.27:615][985]Launching UnrealBuildTool... [C:/Program Files/Epic Games/UE_4.17/Engine/Binaries/DotNET/UnrealBuildTool.exe JollyRoger -ModuleWithSuffix JollyRoger 6189 Win64 Development -editorrecompile -canskiplink "C:/Users/C17/Documents/Unreal Projects/JollyRoger/JollyRoger.uproject" ]
[2017.11.06-07.38.27:616][985]Warning: Starting HotReload took  5.9s.
[2017.11.06-07.43.04:684][288]CompilerResultsLog: New page: Compilation - Nov 6, 2017, 9:43:04 AM
[2017.11.06-07.43.04:684][288]CompilerResultsLog: Compiling game modules for hot reload
[2017.11.06-07.43.04:684][288]CompilerResultsLog: Parsing headers for JollyRogerEditor
[2017.11.06-07.43.04:684][288]CompilerResultsLog:   Running UnrealHeaderTool "C:\Users\C17\Documents\Unreal Projects\JollyRoger\JollyRoger.uproject" "C:\Users\C17\Documents\Unreal Projects\JollyRoger\Intermediate\Build\Win64\JollyRogerEditor\Development\JollyRogerEditor.uhtmanifest" -LogCmds="loginit warning, logexit warning, logdatabase error" -Unattended -WarningsAsErrors -installed
[2017.11.06-07.43.04:684][288]CompilerResultsLog: Reflection code generated for JollyRogerEditor in 29,981983 seconds
[2017.11.06-07.43.04:684][288]CompilerResultsLog: Performing 3 actions (2 in parallel)
[2017.11.06-07.43.04:684][288]CompilerResultsLog: HeightMapReader.cpp
[2017.11.06-07.43.04:684][288]CompilerResultsLog: [3/3] Link UE4Editor-JollyRoger-6189.lib
[2017.11.06-07.43.04:684][288]CompilerResultsLog: [2/3] Link UE4Editor-JollyRoger-6189.dll
[2017.11.06-07.43.04:684][288]CompilerResultsLog:    Creating library C:\Users\C17\Documents\Unreal Projects\JollyRoger\Intermediate\Build\Win64\UE4Editor\Development\UE4Editor-JollyRoger-6189.lib and object C:\Users\C17\Documents\Unreal Projects\JollyRoger\Intermediate\Build\Win64\UE4Editor\Development\UE4Editor-JollyRoger-6189.exp
[2017.11.06-07.43.04:685][288]CompilerResultsLog:    Creating library C:\Users\C17\Documents\Unreal Projects\JollyRoger\Intermediate\Build\Win64\UE4Editor\Development\UE4Editor-JollyRoger-6189.suppressed.lib and object C:\Users\C17\Documents\Unreal Projects\JollyRoger\Intermediate\Build\Win64\UE4Editor\Development\UE4Editor-JollyRoger-6189.suppressed.exp
[2017.11.06-07.43.04:685][288]CompilerResultsLog: Total build time: 274,20 seconds (Local executor: 98,46 seconds)
[2017.11.06-07.43.04:685][288]LogMainFrame: MainFrame: Module compiling took 277.162 seconds
[2017.11.06-07.43.04:886][288]LogContentBrowser: Native class hierarchy updated for 'JollyRoger' in 0.0021 seconds. Added 2 classes and 2 folders.
[2017.11.06-07.43.04:889][288]Display: HotReload successful (2 functions remapped  0 scriptstructs remapped)
[2017.11.06-07.43.05:375][288]LogContentBrowser: Native class hierarchy populated in 0.0109 seconds. Added 2390 classes and 506 folders.
[2017.11.06-07.43.05:495][288]Display: HotReload took 283.8s.
[2017.11.06-07.43.52:382][553]LogTemp: Repeating last play command: Selected Viewport
[2017.11.06-07.43.52:407][553]LogBlueprintUserMessages: Early PlayInEditor Detection: Level '/Game/Maps/Level_001.Level_001:PersistentLevel' has LevelScriptBlueprint '/Game/Maps/Level_001.Level_001:PersistentLevel.Level_001' with GeneratedClass '/Game/Maps/Level_001.Level_001_C' with ClassGeneratedBy '/Game/Maps/Level_001.Level_001:PersistentLevel.Level_001'
[2017.11.06-07.43.52:407][553]LogPlayLevel: PlayLevel: No blueprints needed recompiling
[2017.11.06-07.43.52:408][553]PIE: New page: PIE session: Level_001 (Nov 6, 2017, 9:43:52 AM)
[2017.11.06-07.43.52:408][553]LogPlayLevel: Creating play world package: /Game/Maps/UEDPIE_0_Level_001
[2017.11.06-07.43.52:412][553]LogPlayLevel: PIE: StaticDuplicateObject took: (0.003734s)
[2017.11.06-07.43.52:413][553]LogAIModule: Creating AISystem for world Level_001
[2017.11.06-07.43.52:413][553]LogPlayLevel: PIE: World Init took: (0.001281s)
[2017.11.06-07.43.52:413][553]LogPlayLevel: PIE: Created PIE world by copying editor world from /Game/Maps/Level_001.Level_001 to /Game/Maps/UEDPIE_0_Level_001.Level_001 (0.005421s)
[2017.11.06-07.43.52:495][553]LogInit: XAudio2 using 'Haut-parleurs (Realtek High Definition Audio)' : 2 channels at 48 kHz using 32 bits per sample (channel mask 0x3)
[2017.11.06-07.43.52:508][553]LogInit: FAudioDevice initialized.
[2017.11.06-07.43.52:543][553]LogLoad: Game class is 'JollyRogerGameModeBase'
[2017.11.06-07.43.52:545][553]LogWorld: Bringing World /Game/Maps/UEDPIE_0_Level_001.Level_001 up for play (max tick rate 0) at 2017.11.06-08.43.52
[2017.11.06-07.43.52:545][553]LogWorld: Bringing up level for play took: 0.001872
[2017.11.06-07.43.52:547][553]PIE: Play in editor start time for /Game/Maps/UEDPIE_0_Level_001 0.873
[2017.11.06-07.43.52:548][553]LogBlueprintUserMessages: Late PlayInEditor Detection: Level '/Game/Maps/Level_001.Level_001:PersistentLevel' has LevelScriptBlueprint '/Game/Maps/Level_001.Level_001:PersistentLevel.Level_001' with GeneratedClass '/Game/Maps/Level_001.Level_001_C' with ClassGeneratedBy '/Game/Maps/Level_001.Level_001:PersistentLevel.Level_001'
[2017.11.06-07.44.04:120][842]LogBlueprintUserMessages: Early EndPlayMap Detection: Level '/Game/Maps/Level_001.Level_001:PersistentLevel' has LevelScriptBlueprint '/Game/Maps/Level_001.Level_001:PersistentLevel.Level_001' with GeneratedClass '/Game/Maps/Level_001.Level_001_C' with ClassGeneratedBy '/Game/Maps/Level_001.Level_001:PersistentLevel.Level_001'
[2017.11.06-07.44.04:203][842]LogBlueprintUserMessages: Late EndPlayMap Detection: Level '/Game/Maps/Level_001.Level_001:PersistentLevel' has LevelScriptBlueprint '/Game/Maps/Level_001.Level_001:PersistentLevel.Level_001' with GeneratedClass '/Game/Maps/Level_001.Level_001_C' with ClassGeneratedBy '/Game/Maps/Level_001.Level_001:PersistentLevel.Level_001'
[2017.11.06-07.44.05:673][877]Candidate modules for hot reload:
[2017.11.06-07.44.05:673][877]  JollyRoger
[2017.11.06-07.44.05:673][877]Launching UnrealBuildTool... [C:/Program Files/Epic Games/UE_4.17/Engine/Binaries/DotNET/UnrealBuildTool.exe JollyRoger -ModuleWithSuffix JollyRoger 4409 Win64 Development -editorrecompile -canskiplink "C:/Users/C17/Documents/Unreal Projects/JollyRoger/JollyRoger.uproject" ]
[2017.11.06-07.44.05:674][877]Warning: Starting HotReload took  0.0s.
[2017.11.06-07.44.12:856][948]CompilerResultsLog: New page: Compilation - Nov 6, 2017, 9:44:12 AM
[2017.11.06-07.44.12:856][948]CompilerResultsLog: Compiling game modules for hot reload
[2017.11.06-07.44.12:856][948]CompilerResultsLog: Target is up to date
[2017.11.06-07.44.12:856][948]CompilerResultsLog: Total build time: 6,75 seconds (NoActionsToExecute executor: 0,00 seconds)
[2017.11.06-07.44.12:856][948]LogMainFrame: MainFrame: Module compiling took 7.189 seconds
[2017.11.06-07.44.13:255][948]LogContentBrowser: Native class hierarchy populated in 0.0144 seconds. Added 2390 classes and 506 folders.
[2017.11.06-07.44.13:255][948]Display: HotReload took  7.6s.
[2017.11.06-07.44.41:660][400]Candidate modules for hot reload:
[2017.11.06-07.44.41:660][400]  JollyRoger
[2017.11.06-07.44.41:660][400]Launching UnrealBuildTool... [C:/Program Files/Epic Games/UE_4.17/Engine/Binaries/DotNET/UnrealBuildTool.exe JollyRoger -ModuleWithSuffix JollyRoger 3207 Win64 Development -editorrecompile -canskiplink "C:/Users/C17/Documents/Unreal Projects/JollyRoger/JollyRoger.uproject" ]
[2017.11.06-07.44.41:661][400]Warning: Starting HotReload took  0.0s.
[2017.11.06-07.44.49:429][594]CompilerResultsLog: New page: Compilation - Nov 6, 2017, 9:44:49 AM
[2017.11.06-07.44.49:429][594]CompilerResultsLog: Compiling game modules for hot reload
[2017.11.06-07.44.49:429][594]CompilerResultsLog: Target is up to date
[2017.11.06-07.44.49:429][594]CompilerResultsLog: Total build time: 7,37 seconds (NoActionsToExecute executor: 0,01 seconds)
[2017.11.06-07.44.49:429][594]LogMainFrame: MainFrame: Module compiling took 7.774 seconds
[2017.11.06-07.44.49:857][594]LogContentBrowser: Native class hierarchy populated in 0.0128 seconds. Added 2390 classes and 506 folders.
[2017.11.06-07.44.49:857][594]Display: HotReload took  8.2s.
[2017.11.06-07.45.03:563][917]BlueprintLog: New page: Compile Level_001
[2017.11.06-07.45.18:302][322]LogTemp: Repeating last play command: Selected Viewport
[2017.11.06-07.45.18:323][322]LogBlueprintUserMessages: Early PlayInEditor Detection: Level '/Game/Maps/Level_001.Level_001:PersistentLevel' has LevelScriptBlueprint '/Game/Maps/Level_001.Level_001:PersistentLevel.Level_001' with GeneratedClass '/Game/Maps/Level_001.Level_001_C' with ClassGeneratedBy '/Game/Maps/Level_001.Level_001:PersistentLevel.Level_001'
[2017.11.06-07.45.18:323][322]LogPlayLevel: PlayLevel: No blueprints needed recompiling
[2017.11.06-07.45.18:323][322]PIE: New page: PIE session: Level_001 (Nov 6, 2017, 9:45:18 AM)
[2017.11.06-07.45.18:323][322]LogPlayLevel: Creating play world package: /Game/Maps/UEDPIE_0_Level_001
[2017.11.06-07.45.18:325][322]LogPlayLevel: PIE: StaticDuplicateObject took: (0.002466s)
[2017.11.06-07.45.18:326][322]LogAIModule: Creating AISystem for world Level_001
[2017.11.06-07.45.18:326][322]LogPlayLevel: PIE: World Init took: (0.000802s)
[2017.11.06-07.45.18:327][322]LogPlayLevel: PIE: Created PIE world by copying editor world from /Game/Maps/Level_001.Level_001 to /Game/Maps/UEDPIE_0_Level_001.Level_001 (0.003646s)
[2017.11.06-07.45.18:390][322]LogInit: XAudio2 using 'Haut-parleurs (Realtek High Definition Audio)' : 2 channels at 48 kHz using 32 bits per sample (channel mask 0x3)
[2017.11.06-07.45.18:402][322]LogInit: FAudioDevice initialized.
[2017.11.06-07.45.18:436][322]LogLoad: Game class is 'JollyRogerGameModeBase'
[2017.11.06-07.45.18:438][322]LogWorld: Bringing World /Game/Maps/UEDPIE_0_Level_001.Level_001 up for play (max tick rate 0) at 2017.11.06-08.45.18
[2017.11.06-07.45.18:439][322]LogWorld: Bringing up level for play took: 0.001781
[2017.11.06-07.45.18:440][322]PIE: Play in editor start time for /Game/Maps/UEDPIE_0_Level_001 0.764
[2017.11.06-07.45.18:440][322]LogBlueprintUserMessages: Late PlayInEditor Detection: Level '/Game/Maps/Level_001.Level_001:PersistentLevel' has LevelScriptBlueprint '/Game/Maps/Level_001.Level_001:PersistentLevel.Level_001' with GeneratedClass '/Game/Maps/Level_001.Level_001_C' with ClassGeneratedBy '/Game/Maps/Level_001.Level_001:PersistentLevel.Level_001'
[2017.11.06-07.45.31:566][341]LogWindows: Error: === Critical error: ===
[2017.11.06-07.45.31:566][341]LogWindows: Error: 
[2017.11.06-07.45.31:566][341]LogWindows: Error: Fatal error!
[2017.11.06-07.45.31:566][341]LogWindows: Error: 
[2017.11.06-07.45.31:566][341]LogWindows: Error: Unhandled Exception: EXCEPTION_ACCESS_VIOLATION reading address 0x00080400
[2017.11.06-07.45.31:566][341]LogWindows: Error: 
[2017.11.06-07.45.31:566][341]LogWindows: Error: UE4Editor-JollyRoger-6189.dll!AHeightMapReader::GetRenderTargetValue() [c:\users\c17\documents\unreal projects\jollyroger\source\jollyroger\heightmapreader.cpp:100]
[2017.11.06-07.45.31:566][341]LogWindows: Error: UE4Editor-JollyRoger-6189.dll!AHeightMapReader::execGetRenderTargetValue()
[2017.11.06-07.45.31:566][341]LogWindows: Error: UE4Editor-CoreUObject.dll!0x00000000E6E7E944
[2017.11.06-07.45.31:566][341]LogWindows: Error: UE4Editor-CoreUObject.dll!0x00000000E703DDA4
[2017.11.06-07.45.31:566][341]LogWindows: Error: UE4Editor-CoreUObject.dll!0x00000000E7053101
[2017.11.06-07.45.31:566][341]LogWindows: Error: UE4Editor-CoreUObject.dll!0x00000000E707C900
[2017.11.06-07.45.31:566][341]LogWindows: Error: UE4Editor-CoreUObject.dll!0x00000000E70552E2
[2017.11.06-07.45.31:566][341]LogWindows: Error: UE4Editor-CoreUObject.dll!0x00000000E703E7AE
[2017.11.06-07.45.31:566][341]LogWindows: Error: UE4Editor-CoreUObject.dll!0x00000000E70552E2
[2017.11.06-07.45.31:566][341]LogWindows: Error: UE4Editor-CoreUObject.dll!0x00000000E6E7E944
[2017.11.06-07.45.31:566][341]LogWindows: Error: UE4Editor-CoreUObject.dll!0x00000000E7054675
[2017.11.06-07.45.31:566][341]LogWindows: Error: UE4Editor-Engine.dll!0x00000000E38AB247
[2017.11.06-07.45.31:566][341]LogWindows: Error: UE4Editor-Engine.dll!0x00000000E4A5603B
[2017.11.06-07.45.31:566][341]LogWindows: Error: UE4Editor-Engine.dll!0x00000000E38CC73E
[2017.11.06-07.45.31:566][341]LogWindows: Error: UE4Editor-Engine.dll!0x00000000E38CCC79
[2017.11.06-07.45.31:566][341]LogWindows: Error: UE4Editor-Engine.dll!0x00000000E3883716
[2017.11.06-07.45.31:566][341]LogWindows: Error: UE4Editor-Engine.dll!0x00000000E48AB38B
[2017.11.06-07.45.31:566][341]LogWindows: Error: UE4Editor-Engine.dll!0x00000000E48B1E2B
[2017.11.06-07.45.31:566][341]LogWindows: Error: UE4Editor-Core.dll!0x00000000E75024F5
[2017.11.06-07.45.31:566][341]LogWindows: Error: UE4Editor-Core.dll!0x00000000E7502ADA
[2017.11.06-07.45.31:566][341]LogWindows: Error: UE4Editor-Core.dll!0x00000000E75229CE
[2017.11.06-07.45.31:566][341]LogWindows: Error: UE4Editor-Engine.dll!0x00000000E48CE512
[2017.11.06-07.45.31:566][341]LogWindows: Error: UE4Editor-Engine.dll!0x00000000E48D3AA2
[2017.11.06-07.45.31:566][341]LogWindows: Error: UE4Editor-Engine.dll!0x00000000E41CF944
[2017.11.06-07.45.31:566][341]LogWindows: Error: UE4Editor-Engine.dll!0x00000000E41DB2C6
[2017.11.06-07.45.31:566][341]LogWindows: Error: UE4Editor-UnrealEd.dll!0x00000000DFEBC982
[2017.11.06-07.45.31:566][341]LogWindows: Error: UE4Editor-UnrealEd.dll!0x00000000E074D646
[2017.11.06-07.45.31:566][341]LogWindows: Error: UE4Editor.exe!0x000000003F23534A
[2017.11.06-07.45.31:566][341]LogWindows: Error: UE4Editor.exe!0x000000003F243970
[2017.11.06-07.45.31:566][341]LogWindows: Error: UE4Editor.exe!0x000000003F2439EA
[2017.11.06-07.45.31:566][341]LogWindows: Error: UE4Editor.exe!0x000000003F2502D9
[2017.11.06-07.45.31:566][341]LogWindows: Error: UE4Editor.exe!0x000000003F251C47
[2017.11.06-07.45.31:566][341]LogWindows: Error: kernel32.dll!0x00000000774259BD
[2017.11.06-07.45.31:566][341]LogWindows: Error: ntdll.dll!0x000000007765A2E1
[2017.11.06-07.45.31:566][341]LogWindows: Error: ntdll.dll!0x000000007765A2E1
[2017.11.06-07.45.31:566][341]LogWindows: Error: 
[2017.11.06-07.45.31:585][341]LogExit: Executing StaticShutdownAfterError
[2017.11.06-07.45.32:425][341]LogWindows: FPlatformMisc::RequestExit(1)
[2017.11.06-07.45.32:466][341]Log file closed, 11/06/17 08:45:32
