Log file open, 11/05/17 22:01:01
LogWindows: Failed to load 'aqProf.dll' (GetLastError=126)
LogWindows: File 'aqProf.dll' does not exist
LogWindows: Failed to load 'VtuneApi.dll' (GetLastError=126)
LogWindows: File 'VtuneApi.dll' does not exist
LogWindows: Failed to load 'VtuneApi32e.dll' (GetLastError=126)
LogWindows: File 'VtuneApi32e.dll' does not exist
LogInit: Display: Running engine for game: JollyRoger
LogPlatformFile: Not using cached read wrapper
LogInit: Display: RandInit(36036908) SRandInit(36036908).
LogTaskGraph: Started task graph with 5 named threads and 8 total threads with 3 sets of task threads.
LogStats: Stats thread started at 36.541692
LogD3D11RHI: Aftermath initialized
LogPluginManager: Mounting plugin Paper2D
LogPluginManager: Mounting plugin LightPropagationVolume
LogPluginManager: Mounting plugin CodeLiteSourceCodeAccess
LogPluginManager: Mounting plugin GitSourceControl
LogPluginManager: Mounting plugin KDevelopSourceCodeAccess
LogPluginManager: Mounting plugin NullSourceCodeAccess
LogPluginManager: Mounting plugin PerforceSourceControl
LogPluginManager: Mounting plugin SubversionSourceControl
LogPluginManager: Mounting plugin UObjectPlugin
LogPluginManager: Mounting plugin VisualStudioSourceCodeAccess
LogPluginManager: Mounting plugin XCodeSourceCodeAccess
LogPluginManager: Mounting plugin AssetManagerEditor
LogPluginManager: Mounting plugin AudioCapture
LogPluginManager: Mounting plugin FacialAnimation
LogPluginManager: Mounting plugin GameplayTagsEditor
LogPluginManager: Mounting plugin MobileLauncherProfileWizard
LogPluginManager: Mounting plugin PluginBrowser
LogPluginManager: Mounting plugin SpeedTreeImporter
LogPluginManager: Mounting plugin AlembicImporter
LogPluginManager: Mounting plugin CharacterAI
LogPluginManager: Mounting plugin HTML5Networking
LogPluginManager: Mounting plugin AndroidMedia
LogPluginManager: Mounting plugin AvfMedia
LogPluginManager: Mounting plugin MediaPlayerEditor
LogPluginManager: Mounting plugin WmfMedia
LogPluginManager: Mounting plugin TcpMessaging
LogPluginManager: Mounting plugin UdpMessaging
LogPluginManager: Mounting plugin LevelSequenceEditor
LogPluginManager: Mounting plugin MatineeToLevelSequence
LogPluginManager: Mounting plugin OnlineSubsystemGooglePlay
LogPluginManager: Mounting plugin OnlineSubsystemIOS
LogPluginManager: Mounting plugin OnlineSubsystem
LogPluginManager: Mounting plugin OnlineSubsystemNull
LogPluginManager: Mounting plugin OnlineSubsystemUtils
LogPluginManager: Mounting plugin AndroidDeviceProfileSelector
LogPluginManager: Mounting plugin AndroidMoviePlayer
LogPluginManager: Mounting plugin AndroidPermission
LogPluginManager: Mounting plugin AppleMoviePlayer
LogPluginManager: Mounting plugin ArchVisCharacter
LogPluginManager: Mounting plugin CableComponent
LogPluginManager: Mounting plugin CustomMeshComponent
LogPluginManager: Mounting plugin ExampleDeviceProfileSelector
LogPluginManager: Mounting plugin GoogleCloudMessaging
LogPluginManager: Mounting plugin ImmediatePhysics
LogPluginManager: Mounting plugin IOSDeviceProfileSelector
LogPluginManager: Mounting plugin LinuxDeviceProfileSelector
LogPluginManager: Mounting plugin LocationServicesBPLibrary
LogPluginManager: Mounting plugin MobilePatchingUtils
LogPluginManager: Mounting plugin OculusVR
LogPluginManager: Mounting plugin PhysXVehicles
LogPluginManager: Mounting plugin ProceduralMeshComponent
LogPluginManager: Mounting plugin RuntimePhysXCooking
LogPluginManager: Mounting plugin SteamVR
LogPluginManager: Mounting plugin WindowsMoviePlayer
LogInit: Using libcurl 7.47.1
LogInit:  - built for x86_64-pc-win32
LogInit:  - supports SSL with OpenSSL/1.0.2g
LogInit:  - supports HTTP deflate (compression) using libz 1.2.8
LogInit:  - other features:
LogInit:      CURL_VERSION_SSL
LogInit:      CURL_VERSION_LIBZ
LogInit:      CURL_VERSION_IPV6
LogInit:      CURL_VERSION_ASYNCHDNS
LogInit:      CURL_VERSION_LARGEFILE
LogInit:      CURL_VERSION_IDN
LogInit:  CurlRequestOptions (configurable via config and command line):
LogInit:  - bVerifyPeer = false  - Libcurl will NOT verify peer certificate
LogInit:  - bUseHttpProxy = false  - Libcurl will NOT use HTTP proxy
LogInit:  - bDontReuseConnections = false  - Libcurl will reuse connections
LogInit:  - CertBundlePath = nullptr  - Libcurl will use whatever was configured at build time.
LogInit: Build: ++UE4+Release-4.17-CL-3658906
LogInit: Engine Version: 4.17.2-3658906+++UE4+Release-4.17
LogInit: Compatible Engine Version: 4.17.0-3573198+++UE4+Release-4.17
LogInit: Net CL: 3573198
LogDevObjectVersion: Number of dev versions registered: 16
LogDevObjectVersion:   Dev-Blueprints (B0D832E4-1F89-4F0D-ACCF-7EB736FD4AA2): 10
LogDevObjectVersion:   Dev-Build (E1C64328-A22C-4D53-A36C-8E866417BD8C): 0
LogDevObjectVersion:   Dev-Core (375EC13C-06E4-48FB-B500-84F0262A717E): 2
LogDevObjectVersion:   Dev-Editor (E4B068ED-F494-42E9-A231-DA0B2E46BB41): 20
LogDevObjectVersion:   Dev-Framework (CFFC743F-43B0-4480-9391-14DF171D2073): 28
LogDevObjectVersion:   Dev-Mobile (B02B49B5-BB20-44E9-A304-32B752E40360): 0
LogDevObjectVersion:   Dev-Networking (A4E4105C-59A1-49B5-A7C5-40C4547EDFEE): 0
LogDevObjectVersion:   Dev-Online (39C831C9-5AE6-47DC-9A44-9C173E1C8E7C): 0
LogDevObjectVersion:   Dev-Physics (78F01B33-EBEA-4F98-B9B4-84EACCB95AA2): 0
LogDevObjectVersion:   Dev-Platform (6631380F-2D4D-43E0-8009-CF276956A95A): 0
LogDevObjectVersion:   Dev-Rendering (12F88B9F-8875-4AFC-A67C-D90C383ABD29): 19
LogDevObjectVersion:   Dev-Sequencer (7B5AE74C-D270-4C10-A958-57980B212A5A): 4
LogDevObjectVersion:   Dev-VR (D7296918-1DD6-4BDD-9DE2-64A83CC13884): 0
LogDevObjectVersion:   Dev-LoadTimes (C2A15278-BFE7-4AFE-6C17-90FF531DF755): 1
LogDevObjectVersion:   Private-Geometry (6EACA3D4-40EC-4CC1-B786-8BED09428FC5): 1
LogDevObjectVersion:   Dev-AnimPhys (29E575DD-E0A3-4627-9D10-D276232CDCEA): 7
LogInit: Compiled (64-bit): Sep 22 2017 13:47:16
LogInit: Compiled with Visual C++: 19.00.24215.01
LogInit: Build Configuration: Development
LogInit: Branch Name: ++UE4+Release-4.17
LogInit: Command line:  
LogInit: Base directory: C:/Program Files/Epic Games/UE_4.17/Engine/Binaries/Win64/
LogInit: Installed Engine Build: 1
LogInit: Presizing for max 8388607 objects, including 0 objects not considered by GC, pre-allocating 0 bytes for permanent pool.
LogInit: Object subsystem initialized
[2017.11.05-21.01.05:117][  0]LogInit: Selected Device Profile: [Windows]
[2017.11.05-21.01.05:117][  0]LogInit: Applying CVar settings loaded from the selected device profile: [Windows]
[2017.11.05-21.01.05:296][  0]LogInit: Computer: C17-PC
[2017.11.05-21.01.05:296][  0]LogInit: User: C17
[2017.11.05-21.01.05:296][  0]LogInit: CPU Page size=4096, Cores=2
[2017.11.05-21.01.05:296][  0]LogInit: High frequency timer resolution =2.435820 MHz
[2017.11.05-21.01.05:296][  0]LogMemory: Memory total: Physical=7.9GB (8GB approx)
[2017.11.05-21.01.05:296][  0]LogMemory: Platform Memory Stats for Windows
[2017.11.05-21.01.05:296][  0]LogMemory: Process Physical Memory: 280.10 MB used, 280.10 MB peak
[2017.11.05-21.01.05:296][  0]LogMemory: Process Virtual Memory: 278.61 MB used, 278.61 MB peak
[2017.11.05-21.01.05:296][  0]LogMemory: Physical Memory: 6981.46 MB used,  1131.21 MB free, 8112.66 MB total
[2017.11.05-21.01.05:296][  0]LogMemory: Virtual Memory: 650.18 MB used,  1131.21 MB free, 8388608.00 MB total
[2017.11.05-21.01.16:098][  0]LogInit: Using OS detected language (fr-FR).
[2017.11.05-21.01.16:098][  0]LogInit: Using OS detected locale (fr-FR).
[2017.11.05-21.01.16:722][  0]LogTextLocalizationManager: No localization for 'fr-FR' exists, so 'en' will be used for the language.
[2017.11.05-21.01.16:722][  0]LogTextLocalizationManager: No localization for 'fr-FR' exists, so 'en' will be used for the locale.
[2017.11.05-21.01.33:209][  0]LogD3D11RHI: D3D11 adapters:
[2017.11.05-21.01.38:208][  0]LogD3D11RHI:    0. 'NVIDIA GeForce GT 750M' (Feature Level 11_0)
[2017.11.05-21.01.38:208][  0]LogD3D11RHI:       1992/0/3800 MB DedicatedVideo/DedicatedSystem/SharedSystem, Outputs:1, VendorId:0x10de
[2017.11.05-21.01.38:284][  0]LogD3D11RHI:    1. 'NVIDIA GeForce GT 750M' (Feature Level 11_0)
[2017.11.05-21.01.38:284][  0]LogD3D11RHI:       1992/0/3800 MB DedicatedVideo/DedicatedSystem/SharedSystem, Outputs:0, VendorId:0x10de
[2017.11.05-21.01.38:284][  0]LogD3D11RHI: Chosen D3D11 Adapter: 0
[2017.11.05-21.01.38:290][  0]LogD3D11RHI: Creating new Direct3DDevice
[2017.11.05-21.01.38:291][  0]LogD3D11RHI:     GPU DeviceId: 0xfe4 (for the marketing name, search the web for "GPU Device Id")
[2017.11.05-21.01.38:314][  0]LogWindows: EnumDisplayDevices:
[2017.11.05-21.01.38:343][  0]LogWindows:    0. 'Intel(R) HD Graphics 4600' (P:1 D:1)
[2017.11.05-21.01.38:343][  0]LogWindows:    1. 'Intel(R) HD Graphics 4600' (P:0 D:0)
[2017.11.05-21.01.38:344][  0]LogWindows:    2. 'Intel(R) HD Graphics 4600' (P:0 D:0)
[2017.11.05-21.01.38:344][  0]LogWindows:    3. 'NVIDIA GeForce GT 750M' (P:0 D:0)
[2017.11.05-21.01.38:344][  0]LogWindows:    4. 'RDPDD Chained DD' (P:0 D:0)
[2017.11.05-21.01.38:344][  0]LogWindows:    5. 'RDP Encoder Mirror Driver' (P:0 D:0)
[2017.11.05-21.01.38:344][  0]LogWindows:    6. 'RDP Reflector Display Driver' (P:0 D:0)
[2017.11.05-21.01.38:344][  0]LogWindows: DebugString: PrimaryIsNotTheChoosenAdapter PrimaryIsNotTheChoosenAdapter PrimaryIsNotTheChoosenAdapter GetVideoDriverDetailsInvalid PrimaryIsNotTheChoosenAdapter GetVideoDriverDetailsInvalid PrimaryIsNotTheChoosenAdapter GetVideoDriverDetailsInvalid PrimaryIsNotTheChoosenAdapter 
[2017.11.05-21.01.38:345][  0]LogD3D11RHI:     Adapter Name: NVIDIA GeForce GT 750M
[2017.11.05-21.01.38:345][  0]LogD3D11RHI:   Driver Version: 388.00 (internal:23.21.13.8800, unified:388.00)
[2017.11.05-21.01.38:345][  0]LogD3D11RHI:      Driver Date: 10-12-2017
[2017.11.05-21.01.38:345][  0]LogRHI: Texture pool is 1361 MB (70% of 1945 MB)
[2017.11.05-21.01.38:532][  0]LogD3D11RHI: Async texture creation enabled
[2017.11.05-21.01.39:098][  0]LogD3D11RHI: GPU Timing Frequency: 1000.000000 (Debug: 2 5)
[2017.11.05-21.01.39:196][  0]LogShaderCompilers: Guid format shader working directory is -20 characters bigger than the processId version (../../../../../../Users/C17/Documents/Unreal Projects/JollyRoger/Intermediate/Shaders/WorkingDirectory/7160/).
[2017.11.05-21.01.39:196][  0]LogShaderCompilers: Cleaned the shader compiler working directory 'C:/Users/C17/AppData/Local/Temp/UnrealShaderWorkingDir/BB5FAAC44C462F4D584F3E9E0735CCC8/'.
[2017.11.05-21.01.39:196][  0]LogShaderCompilers: Display: Using Local Shader Compiler.
[2017.11.05-21.01.54:663][  0]LogTemp: Display: Loaded TP AllDesktopTargetPlatform
[2017.11.05-21.01.54:727][  0]LogTemp: Display: Loaded TP MacClientTargetPlatform
[2017.11.05-21.01.54:806][  0]LogTemp: Display: Loaded TP MacNoEditorTargetPlatform
[2017.11.05-21.01.54:867][  0]LogTemp: Display: Loaded TP MacServerTargetPlatform
[2017.11.05-21.01.54:986][  0]LogTemp: Display: Loaded TP MacTargetPlatform
[2017.11.05-21.01.55:126][  0]LogTemp: Display: Loaded TP WindowsClientTargetPlatform
[2017.11.05-21.01.55:224][  0]LogTemp: Display: Loaded TP WindowsNoEditorTargetPlatform
[2017.11.05-21.01.55:307][  0]LogTemp: Display: Loaded TP WindowsServerTargetPlatform
[2017.11.05-21.01.55:468][  0]LogTemp: Display: Loaded TP WindowsTargetPlatform
[2017.11.05-21.01.55:697][  0]LogTemp: Display: Loaded TP AndroidTargetPlatform
[2017.11.05-21.01.55:824][  0]LogTemp: Display: Loaded TP Android_ASTCTargetPlatform
[2017.11.05-21.01.55:938][  0]LogTemp: Display: Loaded TP Android_ATCTargetPlatform
[2017.11.05-21.01.56:024][  0]LogTemp: Display: Loaded TP Android_DXTTargetPlatform
[2017.11.05-21.01.56:126][  0]LogTemp: Display: Loaded TP Android_ETC1TargetPlatform
[2017.11.05-21.01.56:250][  0]LogTemp: Display: Loaded TP Android_ETC2TargetPlatform
[2017.11.05-21.01.56:497][  0]LogTemp: Display: Loaded TP Android_MultiTargetPlatform
[2017.11.05-21.01.56:497][  0]LogTemp: Display: Loaded TP Android_PVRTCTargetPlatform
[2017.11.05-21.01.56:580][  0]LogTemp: Display: Loaded TP HTML5TargetPlatform
[2017.11.05-21.01.56:958][  0]LogTemp: Display: Loaded TP IOSTargetPlatform
[2017.11.05-21.01.57:079][  0]LogTemp: Display: Loaded TP TVOSTargetPlatform
[2017.11.05-21.01.57:190][  0]LogTemp: Display: Loaded TP LinuxClientTargetPlatform
[2017.11.05-21.01.57:308][  0]LogTemp: Display: Loaded TP LinuxNoEditorTargetPlatform
[2017.11.05-21.01.57:415][  0]LogTemp: Display: Loaded TP LinuxServerTargetPlatform
[2017.11.05-21.01.57:566][  0]LogTemp: Display: Loaded TP LinuxTargetPlatform
[2017.11.05-21.01.57:566][  0]LogTargetPlatformManager: Display: Building Assets For Windows
[2017.11.05-21.02.00:931][  0]LogDerivedDataCache: Display: Max Cache Size: 512 MB
[2017.11.05-21.02.03:749][  0]LogDerivedDataCache: Loaded boot cache 2.79s 93MB C:/Users/C17/AppData/Local/UnrealEngine/4.17/DerivedDataCache/Boot.ddc.
[2017.11.05-21.02.03:750][  0]LogDerivedDataCache: Display: Loaded Boot cache: C:/Users/C17/AppData/Local/UnrealEngine/4.17/DerivedDataCache/Boot.ddc
[2017.11.05-21.02.03:750][  0]LogDerivedDataCache: FDerivedDataBackendGraph:  Pak pak cache file ../../../../../../Users/C17/Documents/Unreal Projects/JollyRoger/DerivedDataCache/DDC.ddp not found, will not use a pak cache.
[2017.11.05-21.02.03:750][  0]LogDerivedDataCache: Unable to find inner node Pak for hierarchical cache Hierarchy.
[2017.11.05-21.02.03:750][  0]LogDerivedDataCache: FDerivedDataBackendGraph:  CompressedPak pak cache file ../../../../../../Users/C17/Documents/Unreal Projects/JollyRoger/DerivedDataCache/Compressed.ddp not found, will not use a pak cache.
[2017.11.05-21.02.03:750][  0]LogDerivedDataCache: Unable to find inner node CompressedPak for hierarchical cache Hierarchy.
[2017.11.05-21.02.04:031][  0]LogDerivedDataCache: Display: Pak cache opened for reading ../../../Engine/DerivedDataCache/Compressed.ddp.
[2017.11.05-21.02.04:042][  0]LogDerivedDataCache: Using Local data cache path C:/Users/C17/AppData/Local/UnrealEngine/Common/DerivedDataCache: Writable
[2017.11.05-21.02.04:063][  0]LogMaterial: Verifying Global Shaders for PCD3D_SM5
[2017.11.05-21.02.04:182][  0]LogSlate: Using Freetype 2.6.0
[2017.11.05-21.02.04:387][  0]LogSlate: SlateFontCache - WITH_FREETYPE: 1, WITH_HARFBUZZ: 1
[2017.11.05-21.02.04:387][  0]LogSlate: SlateFontCache - WITH_FREETYPE: 1, WITH_HARFBUZZ: 1
[2017.11.05-21.02.42:951][  0]LogAssetRegistry: FAssetRegistry took 0.0662 seconds to start up
[2017.11.05-21.02.47:951][  0]LogInit: Selected Device Profile: [Windows]
[2017.11.05-21.02.48:216][  0]LogContentStreaming: Texture pool size is 0.00 MB
[2017.11.05-21.02.56:002][  0]LogSimplygon: Simplygon DLL not present - disabling.
[2017.11.05-21.02.56:354][  0]LogMeshReduction: Using SimplygonSwarm for distributed automatic mesh merging
[2017.11.05-21.02.56:386][  0]LogMeshReduction: Using QuadricMeshReduction for automatic static mesh reduction
[2017.11.05-21.02.56:386][  0]LogMeshReduction: No automatic skeletal mesh reduction module available
[2017.11.05-21.02.56:386][  0]LogMeshReduction: No automatic mesh merging module available
[2017.11.05-21.02.56:386][  0]LogMeshMerging: No automatic mesh merging module available
[2017.11.05-21.03.10:840][  0]LogNetVersion: JollyRoger , NetCL: 3573198, EngineNetVer: 2, GameNetVer: 0 (Checksum: 541821768)
[2017.11.05-21.03.16:762][  0]LogPackageLocalizationCache: Processed 5 localized package path(s) for 1 prioritized culture(s) in 0.163237 seconds
[2017.11.05-21.03.16:770][  0]LogUObjectArray: 35825 objects as part of root set at end of initial load.
[2017.11.05-21.03.16:770][  0]LogUObjectAllocator: 7529112 out of 0 bytes used by permanent object pool.
[2017.11.05-21.03.16:770][  0]LogUObjectArray: CloseDisregardForGC: 0/0 objects in disregard for GC pool
[2017.11.05-21.03.16:866][  0]LogInit: WinSock: version 1.1 (2.2), MaxSocks=32767, MaxUdp=65467
[2017.11.05-21.04.28:468][  0]LogTcpMessaging: Initializing TcpMessaging bridge
[2017.11.05-21.04.28:532][  0]LogUdpMessaging: Initializing bridge on interface 0.0.0.0:0 to multicast group 230.0.0.1:6666.
[2017.11.05-21.04.31:329][  0]LogMaterial: Uniform references updated for custom material expression Custom.
[2017.11.05-21.04.32:627][  0]SourceControl: Source control is disabled
[2017.11.05-21.04.32:627][  0]SourceControl: Source control is disabled
[2017.11.05-21.04.32:847][  0]SourceControl: Source control is disabled
[2017.11.05-21.04.33:025][  0]SourceControl: Source control is disabled
[2017.11.05-21.04.34:671][  0]LogAndroidPermission: UAndroidPermissionCallbackProxy::GetInstance
[2017.11.05-21.04.35:210][  0]LogOcInput: OculusInput pre-init called
[2017.11.05-21.04.36:382][  0]LogEngine: Initializing Engine...
[2017.11.05-21.04.36:416][  0]LogHMD: Failed to initialize OpenVR with code 110
[2017.11.05-21.04.37:622][  0]LogStats: UGameplayTagsManager::ConstructGameplayTagTree: Construct from data asset -  0.000 s
[2017.11.05-21.04.37:623][  0]LogStats: UGameplayTagsManager::ConstructGameplayTagTree: GameplayTagTreeChangedEvent.Broadcast -  0.000 s
[2017.11.05-21.04.37:845][  0]LogAIModule: Creating AISystem for world Untitled
[2017.11.05-21.04.37:917][  0]LogInit: XAudio2 using 'Haut-parleurs (Realtek High Definition Audio)' : 2 channels at 48 kHz using 32 bits per sample (channel mask 0x3)
[2017.11.05-21.04.37:984][  0]LogInit: FAudioDevice initialized.
[2017.11.05-21.04.38:278][  0]LogDerivedDataCache: Saved boot cache 0.29s 93MB C:/Users/C17/AppData/Local/UnrealEngine/4.17/DerivedDataCache/Boot.ddc.
[2017.11.05-21.04.38:296][  0]LogInit: Texture streaming: Enabled
[2017.11.05-21.04.38:549][  0]LogEngineSessionManager: EngineSessionManager initialized
[2017.11.05-21.04.39:688][  0]LogInit: Transaction tracking system initialized
[2017.11.05-21.04.40:229][  0]BlueprintLog: New page: Editor Load
[2017.11.05-21.04.42:460][  0]LocalizationService: Localization service is disabled
[2017.11.05-21.04.44:413][  0]LogConsoleResponse: Display: 
[2017.11.05-21.04.50:280][  0]LogFileCache: Scanning file cache for directory 'C:/Users/C17/Documents/Unreal Projects/JollyRoger/Content/' took 0.02s
[2017.11.05-21.04.50:280][  0]LogCook: Display: Max memory allowance for cook 16384mb min free memory 0mb
[2017.11.05-21.04.50:286][  0]LogCook: Display: Mobile HDR setting 1
[2017.11.05-21.04.50:286][  0]LogGameplayTags: Display: UGameplayTagsManager::DoneAddingNativeTags. DelegateIsBound: 0
[2017.11.05-21.04.53:361][  0]SourceControl: Source control is disabled
[2017.11.05-21.04.53:387][  0]Cmd: MAP LOAD FILE="../../../../../../Users/C17/Documents/Unreal Projects/JollyRoger/Content/Maps/Level_001.umap" TEMPLATE=0 SHOWPROGRESS=1 FEATURELEVEL=3
[2017.11.05-21.04.53:405][  0]LightingResults: New page: Lighting Build
[2017.11.05-21.04.53:492][  0]MapCheck: New page: Map Check
[2017.11.05-21.04.53:492][  0]LightingResults: New page: Lighting Build
[2017.11.05-21.04.58:130][  0]LogAIModule: Creating AISystem for world Level_001
[2017.11.05-21.04.58:484][  0]LogEditorServer: Finished looking for orphan Actors (0.000 secs)
[2017.11.05-21.04.58:581][  0]Cmd: MAP CHECKDEP NOCLEARLOG
[2017.11.05-21.04.58:652][  0]MapCheck: Map check complete: 0 Error(s), 0 Warning(s), took 70.749ms to complete.
[2017.11.05-21.04.58:652][  0]LogFileHelpers: Loading map 'Level_001' took 5.265
[2017.11.05-21.04.59:530][  0]LogCollectionManager: Loaded 0 collections in 0.002707 seconds
[2017.11.05-21.04.59:731][  0]LogFileCache: Scanning file cache for directory 'C:/Users/C17/Documents/Unreal Projects/JollyRoger/Saved/Collections/' took 0.01s
[2017.11.05-21.04.59:731][  0]LogFileCache: Scanning file cache for directory 'C:/Users/C17/Documents/Unreal Projects/JollyRoger/Content/Developers/C17/Collections/' took 0.01s
[2017.11.05-21.04.59:731][  0]LogFileCache: Scanning file cache for directory 'C:/Users/C17/Documents/Unreal Projects/JollyRoger/Content/Collections/' took 0.01s
[2017.11.05-21.04.59:731][  0]LogCollectionManager: Rebuilt the GUID cache for 0 collections in 0.000001 seconds
[2017.11.05-21.04.59:751][  0]LogContentBrowser: Native class hierarchy populated in 0.0184 seconds. Added 2388 classes and 502 folders.
[2017.11.05-21.04.59:989][  0]LogContentBrowser: Native class hierarchy updated for 'WidgetCarousel' in 0.0013 seconds. Added 0 classes and 0 folders.
[2017.11.05-21.05.01:284][  0]LogContentBrowser: Native class hierarchy updated for 'AddContentDialog' in 0.0012 seconds. Added 0 classes and 0 folders.
[2017.11.05-21.05.01:413][  0]LogContentBrowser: Native class hierarchy updated for 'SceneOutliner' in 0.0015 seconds. Added 1 classes and 2 folders.
[2017.11.05-21.05.02:449][  0]LogSlate: Took 0.014370 seconds to synchronously load lazily loaded font '../../../Engine/Content/Slate/Fonts/Roboto-Regular.ttf' (155K)
[2017.11.05-21.05.02:468][  0]LogSlate: Took 0.012285 seconds to synchronously load lazily loaded font '../../../Engine/Content/Slate/Fonts/Roboto-Bold.ttf' (160K)
[2017.11.05-21.05.02:497][  0]LogSlate: Took 0.017623 seconds to synchronously load lazily loaded font '../../../Engine/Content/Editor/Slate/Fonts/FontAwesome.ttf' (139K)
[2017.11.05-21.05.03:172][  0]LogRenderer: Reallocating scene render targets to support 1208x576 Format 9 NumSamples 1 (Frame:1).
[2017.11.05-21.05.03:842][  0]LogContentBrowser: Native class hierarchy updated for 'HierarchicalLODOutliner' in 0.0015 seconds. Added 1 classes and 2 folders.
[2017.11.05-21.05.03:843][  0]LogLoad: (Engine Initialization) Total time: 311.08 seconds
[2017.11.05-21.05.03:843][  0]LogLoad: (Engine Initialization) Total Blueprint compile time: 0.00 seconds
[2017.11.05-21.05.03:843][  0]LogExternalProfiler: Found external profiler: VSPerf
[2017.11.05-21.05.03:843][  0]LogExternalProfiler: Using external profiler: VSPerf
[2017.11.05-21.05.04:298][  0]LogContentStreaming: Texture pool size now 600 MB
[2017.11.05-21.05.04:480][  0]LogSlate: Took 0.014740 seconds to synchronously load lazily loaded font '../../../Engine/Content/Slate/Fonts/Roboto-Light.ttf' (159K)
[2017.11.05-21.05.05:356][  3]LogAssetRegistry: Asset discovery search completed in 142.4261 seconds
[2017.11.05-21.05.05:359][  3]LogCollectionManager: Rebuilt the object cache for 0 collections in 0.000000 seconds (found 0 objects)
[2017.11.05-21.05.05:359][  3]LogCollectionManager: Fixed up redirectors for 0 collections in 0.000054 seconds (updated 0 objects)
[2017.11.05-21.05.05:687][  4]LogMaterial: Missing cached shader map for material Material_0, compiling. 
[2017.11.05-21.05.43:748][564]Candidate modules for hot reload:
[2017.11.05-21.05.43:748][564]  JollyRoger
[2017.11.05-21.05.43:748][564]Launching UnrealBuildTool... [C:/Program Files/Epic Games/UE_4.17/Engine/Binaries/DotNET/UnrealBuildTool.exe JollyRoger -ModuleWithSuffix JollyRoger 1711 Win64 Development -editorrecompile -canskiplink "C:/Users/C17/Documents/Unreal Projects/JollyRoger/JollyRoger.uproject" ]
[2017.11.05-21.05.43:748][564]Warning: Starting HotReload took  0.1s.
[2017.11.05-21.06.06:618][733]CompilerResultsLog: New page: Compilation - Nov 5, 2017, 11:06:06 PM
[2017.11.05-21.06.06:618][733]CompilerResultsLog: Compiling game modules for hot reload
[2017.11.05-21.06.06:618][733]CompilerResultsLog: Performing 1 actions (2 in parallel)
[2017.11.05-21.06.06:618][733]CompilerResultsLog: [1/1] Link UE4Editor-JollyRoger-1711.dll
[2017.11.05-21.06.06:618][733]CompilerResultsLog:    Creating library C:\Users\C17\Documents\Unreal Projects\JollyRoger\Intermediate\Build\Win64\UE4Editor\Development\UE4Editor-JollyRoger-1711.suppressed.lib and object C:\Users\C17\Documents\Unreal Projects\JollyRoger\Intermediate\Build\Win64\UE4Editor\Development\UE4Editor-JollyRoger-1711.suppressed.exp
[2017.11.05-21.06.06:618][733]CompilerResultsLog: Error: HeightMapReader.cpp.obj : error LNK2019: unresolved external symbol "__declspec(dllimport) public: void __cdecl FRenderCommandFence::BeginFence(void)" (__imp_?BeginFence@FRenderCommandFence@@QEAAXXZ) referenced in function "public: void __cdecl AHeightMapReader::UpdateBuffer(void)" (?UpdateBuffer@AHeightMapReader@@QEAAXXZ)
[2017.11.05-21.06.06:618][733]CompilerResultsLog: Error: HeightMapReader.cpp.obj : error LNK2019: unresolved external symbol "__declspec(dllimport) public: bool __cdecl FRenderCommandFence::IsFenceComplete(void)const " (__imp_?IsFenceComplete@FRenderCommandFence@@QEBA_NXZ) referenced in function "public: void __cdecl AHeightMapReader::UpdateBuffer(void)" (?UpdateBuffer@AHeightMapReader@@QEAAXXZ)
[2017.11.05-21.06.06:618][733]CompilerResultsLog: Error: HeightMapReader.cpp.obj : error LNK2019: unresolved external symbol "__declspec(dllimport) public: __cdecl FRenderCommandFence::FRenderCommandFence(void)" (__imp_??0FRenderCommandFence@@QEAA@XZ) referenced in function "public: __cdecl AHeightMapReader::AHeightMapReader(void)" (??0AHeightMapReader@@QEAA@XZ)
[2017.11.05-21.06.06:618][733]CompilerResultsLog: Error: HeightMapReader.gen.cpp.obj : error LNK2001: unresolved external symbol "__declspec(dllimport) public: __cdecl FRenderCommandFence::FRenderCommandFence(void)" (__imp_??0FRenderCommandFence@@QEAA@XZ)
[2017.11.05-21.06.06:618][733]CompilerResultsLog: Error: HeightMapReader.cpp.obj : error LNK2019: unresolved external symbol "__declspec(dllimport) public: __cdecl FRenderCommandFence::~FRenderCommandFence(void)" (__imp_??1FRenderCommandFence@@QEAA@XZ) referenced in function "int `public: __cdecl AHeightMapReader::AHeightMapReader(void)'::`1'::dtor$1" (?dtor$1@?0???0AHeightMapReader@@QEAA@XZ@4HA)
[2017.11.05-21.06.06:618][733]CompilerResultsLog: Error: HeightMapReader.gen.cpp.obj : error LNK2001: unresolved external symbol "__declspec(dllimport) public: __cdecl FRenderCommandFence::~FRenderCommandFence(void)" (__imp_??1FRenderCommandFence@@QEAA@XZ)
[2017.11.05-21.06.06:618][733]CompilerResultsLog: Error: HeightMapReader.cpp.obj : error LNK2019: unresolved external symbol "__declspec(dllimport) public: static enum ENamedThreads::Type __cdecl FRenderCommand::GetDesiredThread(void)" (__imp_?GetDesiredThread@FRenderCommand@@SA?AW4Type@ENamedThreads@@XZ) referenced in function "private: void __cdecl TGraphTask<class `private: void __cdecl AHeightMapReader::ReadPixels(void)'::`2'::EURCMacro_ReadSurfaceCommand>::SetupPrereqs(class TArray<class TRefCountPtr<class FGraphEvent>,class TInlineAllocator<4,class FDefaultAllocator> > const *,enum ENamedThreads::Type,bool)" (?SetupPrereqs@?$TGraphTask@VEURCMacro_ReadSurfaceCommand@?1??ReadPixels@AHeightMapReader@@AEAAXXZ@@@AEAAXPEBV?$TArray@V?$TRefCountPtr@VFGraphEvent@@@@V?$TInlineAllocator@$03VFDefaultAllocator@@@@@@W4Type@ENamedThreads@@_N@Z)
[2017.11.05-21.06.06:619][733]CompilerResultsLog: Error: HeightMapReader.cpp.obj : error LNK2019: unresolved external symbol "__declspec(dllimport) public: static enum ESubsequentsMode::Type __cdecl FRenderCommand::GetSubsequentsMode(void)" (__imp_?GetSubsequentsMode@FRenderCommand@@SA?AW4Type@ESubsequentsMode@@XZ) referenced in function "public: static class TGraphTask<class `private: void __cdecl AHeightMapReader::ReadPixels(void)'::`2'::EURCMacro_ReadSurfaceCommand>::FConstructor __cdecl TGraphTask<class `private: void __cdecl AHeightMapReader::ReadPixels(void)'::`2'::EURCMacro_ReadSurfaceCommand>::CreateTask(class TArray<class TRefCountPtr<class FGraphEvent>,class TInlineAllocator<4,class FDefaultAllocator> > const *,enum ENamedThreads::Type)" (?CreateTask@?$TGraphTask@VEURCMacro_ReadSurfaceCommand@?1??ReadPixels@AHeightMapReader@@AEAAXXZ@@@SA?AVFConstructor@1@PEBV?$TArray@V?$TRefCountPtr@VFGraphEvent@@@@V?$TInlineAllocator@$03VFDefaultAllocator@@@@@@W4Type@ENamedThreads@@@Z)
[2017.11.05-21.06.06:619][733]CompilerResultsLog: Error: HeightMapReader.cpp.obj : error LNK2019: unresolved external symbol "__declspec(dllimport) class FRHICommandListImmediate & __cdecl GetImmediateCommandList_ForRenderCommand(void)" (__imp_?GetImmediateCommandList_ForRenderCommand@@YAAEAVFRHICommandListImmediate@@XZ) referenced in function "private: virtual void __cdecl TGraphTask<class `private: void __cdecl AHeightMapReader::ReadPixels(void)'::`2'::EURCMacro_ReadSurfaceCommand>::ExecuteTask(class TArray<class FBaseGraphTask *,class FDefaultAllocator> &,enum ENamedThreads::Type)" (?ExecuteTask@?$TGraphTask@VEURCMacro_ReadSurfaceCommand@?1??ReadPixels@AHeightMapReader@@AEAAXXZ@@@EEAAXAEAV?$TArray@PEAVFBaseGraphTask@@VFDefaultAllocator@@@@W4Type@ENamedThreads@@@Z)
[2017.11.05-21.06.06:619][733]CompilerResultsLog: Error: HeightMapReader.cpp.obj : error LNK2001: unresolved external symbol "__declspec(dllimport) bool GIsThreadedRendering" (__imp_?GIsThreadedRendering@@3_NA)
[2017.11.05-21.06.06:619][733]CompilerResultsLog: Error: HeightMapReader.cpp.obj : error LNK2001: unresolved external symbol "__declspec(dllimport) bool GMainThreadBlockedOnRenderThread" (__imp_?GMainThreadBlockedOnRenderThread@@3_NA)
[2017.11.05-21.06.06:619][733]CompilerResultsLog: Error: C:\Users\C17\Documents\Unreal Projects\JollyRoger\Binaries\Win64\UE4Editor-JollyRoger-1711.dll : fatal error LNK1120: 9 unresolved externals
[2017.11.05-21.06.06:619][733]CompilerResultsLog: ERROR: UBT ERROR: Failed to produce item: C:\Users\C17\Documents\Unreal Projects\JollyRoger\Binaries\Win64\UE4Editor-JollyRoger-1711.dll
[2017.11.05-21.06.06:619][733]CompilerResultsLog: Total build time: 22,19 seconds (Local executor: 0,00 seconds)
[2017.11.05-21.06.06:619][733]LogMainFrame: MainFrame: Module compiling took 22.892 seconds
[2017.11.05-21.06.06:619][733]Warning: HotReload failed, recompile failed
[2017.11.05-21.08.38:361][599]Candidate modules for hot reload:
[2017.11.05-21.08.38:361][599]  JollyRoger
[2017.11.05-21.08.38:361][599]Launching UnrealBuildTool... [C:/Program Files/Epic Games/UE_4.17/Engine/Binaries/DotNET/UnrealBuildTool.exe JollyRoger -ModuleWithSuffix JollyRoger 208 Win64 Development -editorrecompile -canskiplink "C:/Users/C17/Documents/Unreal Projects/JollyRoger/JollyRoger.uproject" ]
[2017.11.05-21.08.38:362][599]Warning: Starting HotReload took  0.0s.
[2017.11.05-21.09.06:749][824]CompilerResultsLog: New page: Compilation - Nov 5, 2017, 11:09:06 PM
[2017.11.05-21.09.06:749][824]CompilerResultsLog: Compiling game modules for hot reload
[2017.11.05-21.09.06:749][824]CompilerResultsLog: Parsing headers for JollyRogerEditor
[2017.11.05-21.09.06:749][824]CompilerResultsLog:   Running UnrealHeaderTool "C:\Users\C17\Documents\Unreal Projects\JollyRoger\JollyRoger.uproject" "C:\Users\C17\Documents\Unreal Projects\JollyRoger\Intermediate\Build\Win64\JollyRogerEditor\Development\JollyRogerEditor.uhtmanifest" -LogCmds="loginit warning, logexit warning, logdatabase error" -Unattended -WarningsAsErrors -installed
[2017.11.05-21.09.06:749][824]CompilerResultsLog: Reflection code generated for JollyRogerEditor in 16,6123272 seconds
[2017.11.05-21.09.06:749][824]CompilerResultsLog: Performing 1 actions (2 in parallel)
[2017.11.05-21.09.06:749][824]CompilerResultsLog: [1/1] Link UE4Editor-JollyRoger-208.dll
[2017.11.05-21.09.06:749][824]CompilerResultsLog:    Creating library C:\Users\C17\Documents\Unreal Projects\JollyRoger\Intermediate\Build\Win64\UE4Editor\Development\UE4Editor-JollyRoger-208.suppressed.lib and object C:\Users\C17\Documents\Unreal Projects\JollyRoger\Intermediate\Build\Win64\UE4Editor\Development\UE4Editor-JollyRoger-208.suppressed.exp
[2017.11.05-21.09.06:749][824]CompilerResultsLog: Total build time: 27,63 seconds (Local executor: 2,10 seconds)
[2017.11.05-21.09.06:750][824]LogMainFrame: MainFrame: Module compiling took 28.394 seconds
[2017.11.05-21.09.06:846][824]LogClass: Could not find existing class HeightMapReader in package /Script/JollyRoger for HotReload, assuming new class
[2017.11.05-21.09.06:846][824]LogClass: Function GetRenderTargetValue is new.
[2017.11.05-21.09.06:846][824]LogClass: Function UpdateBuffer is new.
[2017.11.05-21.09.06:851][824]LogHotReload: Re-instancing HeightMapReader after hot-reload.
[2017.11.05-21.09.07:021][824]LogContentBrowser: Native class hierarchy updated for 'JollyRoger' in 0.0013 seconds. Added 2 classes and 2 folders.
[2017.11.05-21.09.07:023][824]Display: HotReload successful (0 functions remapped  0 scriptstructs remapped)
[2017.11.05-21.09.07:116][824]LogContentBrowser: Native class hierarchy populated in 0.0137 seconds. Added 2390 classes and 506 folders.
[2017.11.05-21.09.07:117][824]Display: HotReload took 28.8s.
[2017.11.05-21.09.21:010][164]LogSlate: Took 0.000205 seconds to synchronously load lazily loaded font '../../../Engine/Content/Slate/Fonts/Roboto-Light.ttf' (159K)
[2017.11.05-21.09.21:569][182]LogSlate: Took 0.000179 seconds to synchronously load lazily loaded font '../../../Engine/Content/Slate/Fonts/Roboto-Light.ttf' (159K)
[2017.11.05-21.09.22:460][182]LogSlate: Took 0.000119 seconds to synchronously load lazily loaded font '../../../Engine/Content/Slate/Fonts/Roboto-Regular.ttf' (155K)
[2017.11.05-21.09.22:819][182]LogContentBrowser: Native class hierarchy updated for 'BlueprintGraph' in 0.0028 seconds. Added 113 classes and 0 folders.
[2017.11.05-21.09.24:433][182]LogSlate: Took 0.044748 seconds to synchronously load lazily loaded font '../../../Engine/Content/Editor/Slate/Fonts/Roboto-BoldCondensed.ttf' (158K)
[2017.11.05-21.09.24:911][183]LogSlate: Took 0.011486 seconds to synchronously load lazily loaded font '../../../Engine/Content/Editor/Slate/Fonts/Roboto-Italic.ttf' (157K)
[2017.11.05-21.09.30:129][317]BlueprintLog: New page: Compile Level_001
[2017.11.05-21.09.31:714][357]LogTemp: Repeating last play command: Selected Viewport
[2017.11.05-21.09.32:104][357]LogBlueprintUserMessages: Early PlayInEditor Detection: Level '/Game/Maps/Level_001.Level_001:PersistentLevel' has LevelScriptBlueprint '/Game/Maps/Level_001.Level_001:PersistentLevel.Level_001' with GeneratedClass '/Game/Maps/Level_001.Level_001_C' with ClassGeneratedBy '/Game/Maps/Level_001.Level_001:PersistentLevel.Level_001'
[2017.11.05-21.09.32:105][357]LogPlayLevel: PlayLevel: No blueprints needed recompiling
[2017.11.05-21.09.32:105][357]PIE: New page: PIE session: Level_001 (Nov 5, 2017, 11:09:32 PM)
[2017.11.05-21.09.32:105][357]LogPlayLevel: Creating play world package: /Game/Maps/UEDPIE_0_Level_001
[2017.11.05-21.09.32:107][357]LogPlayLevel: PIE: StaticDuplicateObject took: (0.002367s)
[2017.11.05-21.09.32:108][357]LogAIModule: Creating AISystem for world Level_001
[2017.11.05-21.09.32:108][357]LogPlayLevel: PIE: World Init took: (0.000916s)
[2017.11.05-21.09.32:108][357]LogPlayLevel: PIE: Created PIE world by copying editor world from /Game/Maps/Level_001.Level_001 to /Game/Maps/UEDPIE_0_Level_001.Level_001 (0.003580s)
[2017.11.05-21.09.32:140][357]LogInit: XAudio2 using 'Haut-parleurs (Realtek High Definition Audio)' : 2 channels at 48 kHz using 32 bits per sample (channel mask 0x3)
[2017.11.05-21.09.32:150][357]LogInit: FAudioDevice initialized.
[2017.11.05-21.09.32:196][357]LogLoad: Game class is 'JollyRogerGameModeBase'
[2017.11.05-21.09.32:212][357]LogWorld: Bringing World /Game/Maps/UEDPIE_0_Level_001.Level_001 up for play (max tick rate 0) at 2017.11.05-22.09.32
[2017.11.05-21.09.32:212][357]LogWorld: Bringing up level for play took: 0.001691
[2017.11.05-21.09.32:271][357]LogContentBrowser: Native class hierarchy updated for 'MovieSceneCapture' in 0.0019 seconds. Added 11 classes and 0 folders.
[2017.11.05-21.09.32:273][357]PIE: Play in editor start time for /Game/Maps/UEDPIE_0_Level_001 0.314
[2017.11.05-21.09.32:273][357]LogBlueprintUserMessages: Late PlayInEditor Detection: Level '/Game/Maps/Level_001.Level_001:PersistentLevel' has LevelScriptBlueprint '/Game/Maps/Level_001.Level_001:PersistentLevel.Level_001' with GeneratedClass '/Game/Maps/Level_001.Level_001_C' with ClassGeneratedBy '/Game/Maps/Level_001.Level_001:PersistentLevel.Level_001'
[2017.11.05-21.09.34:924][391]LogBlueprintUserMessages: Early EndPlayMap Detection: Level '/Game/Maps/Level_001.Level_001:PersistentLevel' has LevelScriptBlueprint '/Game/Maps/Level_001.Level_001:PersistentLevel.Level_001' with GeneratedClass '/Game/Maps/Level_001.Level_001_C' with ClassGeneratedBy '/Game/Maps/Level_001.Level_001:PersistentLevel.Level_001'
[2017.11.05-21.09.35:056][391]LogBlueprintUserMessages: Late EndPlayMap Detection: Level '/Game/Maps/Level_001.Level_001:PersistentLevel' has LevelScriptBlueprint '/Game/Maps/Level_001.Level_001:PersistentLevel.Level_001' with GeneratedClass '/Game/Maps/Level_001.Level_001_C' with ClassGeneratedBy '/Game/Maps/Level_001.Level_001:PersistentLevel.Level_001'
[2017.11.05-21.09.36:379][422]LogEditorViewport: Clicking on Actor (LMB): BP_Sky_Sphere_C (BP_Sky_Sphere)
[2017.11.05-21.09.38:149][459]Cmd: STAT FPS
[2017.11.05-21.09.39:212][484]LogTemp: Repeating last play command: Selected Viewport
[2017.11.05-21.09.39:232][484]LogBlueprintUserMessages: Early PlayInEditor Detection: Level '/Game/Maps/Level_001.Level_001:PersistentLevel' has LevelScriptBlueprint '/Game/Maps/Level_001.Level_001:PersistentLevel.Level_001' with GeneratedClass '/Game/Maps/Level_001.Level_001_C' with ClassGeneratedBy '/Game/Maps/Level_001.Level_001:PersistentLevel.Level_001'
[2017.11.05-21.09.39:232][484]LogPlayLevel: PlayLevel: No blueprints needed recompiling
[2017.11.05-21.09.39:233][484]PIE: New page: PIE session: Level_001 (Nov 5, 2017, 11:09:39 PM)
[2017.11.05-21.09.39:233][484]LogPlayLevel: Creating play world package: /Game/Maps/UEDPIE_0_Level_001
[2017.11.05-21.09.39:237][484]LogPlayLevel: PIE: StaticDuplicateObject took: (0.003846s)
[2017.11.05-21.09.39:238][484]LogAIModule: Creating AISystem for world Level_001
[2017.11.05-21.09.39:239][484]LogPlayLevel: PIE: World Init took: (0.001773s)
[2017.11.05-21.09.39:239][484]LogPlayLevel: PIE: Created PIE world by copying editor world from /Game/Maps/Level_001.Level_001 to /Game/Maps/UEDPIE_0_Level_001.Level_001 (0.006071s)
[2017.11.05-21.09.39:294][484]LogInit: XAudio2 using 'Haut-parleurs (Realtek High Definition Audio)' : 2 channels at 48 kHz using 32 bits per sample (channel mask 0x3)
[2017.11.05-21.09.39:306][484]LogInit: FAudioDevice initialized.
[2017.11.05-21.09.39:341][484]LogLoad: Game class is 'JollyRogerGameModeBase'
[2017.11.05-21.09.39:342][484]LogWorld: Bringing World /Game/Maps/UEDPIE_0_Level_001.Level_001 up for play (max tick rate 0) at 2017.11.05-22.09.39
[2017.11.05-21.09.39:343][484]LogWorld: Bringing up level for play took: 0.001331
[2017.11.05-21.09.39:344][484]PIE: Play in editor start time for /Game/Maps/UEDPIE_0_Level_001 -0.614
[2017.11.05-21.09.39:344][484]LogBlueprintUserMessages: Late PlayInEditor Detection: Level '/Game/Maps/Level_001.Level_001:PersistentLevel' has LevelScriptBlueprint '/Game/Maps/Level_001.Level_001:PersistentLevel.Level_001' with GeneratedClass '/Game/Maps/Level_001.Level_001_C' with ClassGeneratedBy '/Game/Maps/Level_001.Level_001:PersistentLevel.Level_001'
[2017.11.05-21.09.43:756][548]LogBlueprintUserMessages: Early EndPlayMap Detection: Level '/Game/Maps/Level_001.Level_001:PersistentLevel' has LevelScriptBlueprint '/Game/Maps/Level_001.Level_001:PersistentLevel.Level_001' with GeneratedClass '/Game/Maps/Level_001.Level_001_C' with ClassGeneratedBy '/Game/Maps/Level_001.Level_001:PersistentLevel.Level_001'
[2017.11.05-21.09.43:903][548]LogBlueprintUserMessages: Late EndPlayMap Detection: Level '/Game/Maps/Level_001.Level_001:PersistentLevel' has LevelScriptBlueprint '/Game/Maps/Level_001.Level_001:PersistentLevel.Level_001' with GeneratedClass '/Game/Maps/Level_001.Level_001_C' with ClassGeneratedBy '/Game/Maps/Level_001.Level_001:PersistentLevel.Level_001'
[2017.11.05-21.09.50:786][714]BlueprintLog: New page: Compile Level_001
[2017.11.05-21.09.51:944][741]LogTemp: Repeating last play command: Selected Viewport
[2017.11.05-21.09.51:963][741]LogBlueprintUserMessages: Early PlayInEditor Detection: Level '/Game/Maps/Level_001.Level_001:PersistentLevel' has LevelScriptBlueprint '/Game/Maps/Level_001.Level_001:PersistentLevel.Level_001' with GeneratedClass '/Game/Maps/Level_001.Level_001_C' with ClassGeneratedBy '/Game/Maps/Level_001.Level_001:PersistentLevel.Level_001'
[2017.11.05-21.09.51:963][741]LogPlayLevel: PlayLevel: No blueprints needed recompiling
[2017.11.05-21.09.51:963][741]PIE: New page: PIE session: Level_001 (Nov 5, 2017, 11:09:51 PM)
[2017.11.05-21.09.51:963][741]LogPlayLevel: Creating play world package: /Game/Maps/UEDPIE_0_Level_001
[2017.11.05-21.09.51:967][741]LogPlayLevel: PIE: StaticDuplicateObject took: (0.003993s)
[2017.11.05-21.09.51:968][741]LogAIModule: Creating AISystem for world Level_001
[2017.11.05-21.09.51:968][741]LogPlayLevel: PIE: World Init took: (0.001019s)
[2017.11.05-21.09.51:968][741]LogPlayLevel: PIE: Created PIE world by copying editor world from /Game/Maps/Level_001.Level_001 to /Game/Maps/UEDPIE_0_Level_001.Level_001 (0.005365s)
[2017.11.05-21.09.52:036][741]LogInit: XAudio2 using 'Haut-parleurs (Realtek High Definition Audio)' : 2 channels at 48 kHz using 32 bits per sample (channel mask 0x3)
[2017.11.05-21.09.52:046][741]LogInit: FAudioDevice initialized.
[2017.11.05-21.09.52:087][741]LogLoad: Game class is 'JollyRogerGameModeBase'
[2017.11.05-21.09.52:089][741]LogWorld: Bringing World /Game/Maps/UEDPIE_0_Level_001.Level_001 up for play (max tick rate 0) at 2017.11.05-22.09.52
[2017.11.05-21.09.52:089][741]LogWorld: Bringing up level for play took: 0.001682
[2017.11.05-21.09.52:091][741]PIE: Play in editor start time for /Game/Maps/UEDPIE_0_Level_001 0.132
[2017.11.05-21.09.52:091][741]LogBlueprintUserMessages: Late PlayInEditor Detection: Level '/Game/Maps/Level_001.Level_001:PersistentLevel' has LevelScriptBlueprint '/Game/Maps/Level_001.Level_001:PersistentLevel.Level_001' with GeneratedClass '/Game/Maps/Level_001.Level_001_C' with ClassGeneratedBy '/Game/Maps/Level_001.Level_001:PersistentLevel.Level_001'
[2017.11.05-21.09.55:292][816]LogBlueprintUserMessages: Early EndPlayMap Detection: Level '/Game/Maps/Level_001.Level_001:PersistentLevel' has LevelScriptBlueprint '/Game/Maps/Level_001.Level_001:PersistentLevel.Level_001' with GeneratedClass '/Game/Maps/Level_001.Level_001_C' with ClassGeneratedBy '/Game/Maps/Level_001.Level_001:PersistentLevel.Level_001'
[2017.11.05-21.09.55:388][816]LogBlueprintUserMessages: Late EndPlayMap Detection: Level '/Game/Maps/Level_001.Level_001:PersistentLevel' has LevelScriptBlueprint '/Game/Maps/Level_001.Level_001:PersistentLevel.Level_001' with GeneratedClass '/Game/Maps/Level_001.Level_001_C' with ClassGeneratedBy '/Game/Maps/Level_001.Level_001:PersistentLevel.Level_001'
[2017.11.05-21.09.57:638][880]Cmd: CAMERA ALIGN ACTIVEVIEWPORTONLY
[2017.11.05-21.10.00:728][970]LogTemp: Repeating last play command: Selected Viewport
[2017.11.05-21.10.00:748][970]LogBlueprintUserMessages: Early PlayInEditor Detection: Level '/Game/Maps/Level_001.Level_001:PersistentLevel' has LevelScriptBlueprint '/Game/Maps/Level_001.Level_001:PersistentLevel.Level_001' with GeneratedClass '/Game/Maps/Level_001.Level_001_C' with ClassGeneratedBy '/Game/Maps/Level_001.Level_001:PersistentLevel.Level_001'
[2017.11.05-21.10.00:748][970]LogPlayLevel: PlayLevel: No blueprints needed recompiling
[2017.11.05-21.10.00:748][970]PIE: New page: PIE session: Level_001 (Nov 5, 2017, 11:10:00 PM)
[2017.11.05-21.10.00:749][970]LogPlayLevel: Creating play world package: /Game/Maps/UEDPIE_0_Level_001
[2017.11.05-21.10.00:757][970]LogPlayLevel: PIE: StaticDuplicateObject took: (0.008530s)
[2017.11.05-21.10.00:761][970]LogAIModule: Creating AISystem for world Level_001
[2017.11.05-21.10.00:762][970]LogPlayLevel: PIE: World Init took: (0.004446s)
[2017.11.05-21.10.00:762][970]LogPlayLevel: PIE: Created PIE world by copying editor world from /Game/Maps/Level_001.Level_001 to /Game/Maps/UEDPIE_0_Level_001.Level_001 (0.013618s)
[2017.11.05-21.10.00:801][970]LogInit: XAudio2 using 'Haut-parleurs (Realtek High Definition Audio)' : 2 channels at 48 kHz using 32 bits per sample (channel mask 0x3)
[2017.11.05-21.10.00:825][970]LogInit: FAudioDevice initialized.
[2017.11.05-21.10.00:867][970]LogLoad: Game class is 'JollyRogerGameModeBase'
[2017.11.05-21.10.00:870][970]LogWorld: Bringing World /Game/Maps/UEDPIE_0_Level_001.Level_001 up for play (max tick rate 0) at 2017.11.05-22.10.00
[2017.11.05-21.10.00:871][970]LogWorld: Bringing up level for play took: 0.003568
[2017.11.05-21.10.00:876][970]PIE: Play in editor start time for /Game/Maps/UEDPIE_0_Level_001 0.917
[2017.11.05-21.10.00:876][970]LogBlueprintUserMessages: Late PlayInEditor Detection: Level '/Game/Maps/Level_001.Level_001:PersistentLevel' has LevelScriptBlueprint '/Game/Maps/Level_001.Level_001:PersistentLevel.Level_001' with GeneratedClass '/Game/Maps/Level_001.Level_001_C' with ClassGeneratedBy '/Game/Maps/Level_001.Level_001:PersistentLevel.Level_001'
[2017.11.05-21.10.09:488][184]LogBlueprintUserMessages: Early EndPlayMap Detection: Level '/Game/Maps/Level_001.Level_001:PersistentLevel' has LevelScriptBlueprint '/Game/Maps/Level_001.Level_001:PersistentLevel.Level_001' with GeneratedClass '/Game/Maps/Level_001.Level_001_C' with ClassGeneratedBy '/Game/Maps/Level_001.Level_001:PersistentLevel.Level_001'
[2017.11.05-21.10.09:556][184]LogBlueprintUserMessages: Late EndPlayMap Detection: Level '/Game/Maps/Level_001.Level_001:PersistentLevel' has LevelScriptBlueprint '/Game/Maps/Level_001.Level_001:PersistentLevel.Level_001' with GeneratedClass '/Game/Maps/Level_001.Level_001_C' with ClassGeneratedBy '/Game/Maps/Level_001.Level_001:PersistentLevel.Level_001'
[2017.11.05-21.10.18:548][498]LogTemp: Repeating last play command: Selected Viewport
[2017.11.05-21.10.18:570][498]LogBlueprintUserMessages: Early PlayInEditor Detection: Level '/Game/Maps/Level_001.Level_001:PersistentLevel' has LevelScriptBlueprint '/Game/Maps/Level_001.Level_001:PersistentLevel.Level_001' with GeneratedClass '/Game/Maps/Level_001.Level_001_C' with ClassGeneratedBy '/Game/Maps/Level_001.Level_001:PersistentLevel.Level_001'
[2017.11.05-21.10.18:570][498]LogPlayLevel: PlayLevel: No blueprints needed recompiling
[2017.11.05-21.10.18:570][498]PIE: New page: PIE session: Level_001 (Nov 5, 2017, 11:10:18 PM)
[2017.11.05-21.10.18:570][498]LogPlayLevel: Creating play world package: /Game/Maps/UEDPIE_0_Level_001
[2017.11.05-21.10.18:574][498]LogPlayLevel: PIE: StaticDuplicateObject took: (0.003996s)
[2017.11.05-21.10.18:575][498]LogAIModule: Creating AISystem for world Level_001
[2017.11.05-21.10.18:576][498]LogPlayLevel: PIE: World Init took: (0.001425s)
[2017.11.05-21.10.18:576][498]LogPlayLevel: PIE: Created PIE world by copying editor world from /Game/Maps/Level_001.Level_001 to /Game/Maps/UEDPIE_0_Level_001.Level_001 (0.005798s)
[2017.11.05-21.10.18:638][498]LogInit: XAudio2 using 'Haut-parleurs (Realtek High Definition Audio)' : 2 channels at 48 kHz using 32 bits per sample (channel mask 0x3)
[2017.11.05-21.10.18:650][498]LogInit: FAudioDevice initialized.
[2017.11.05-21.10.18:686][498]LogLoad: Game class is 'JollyRogerGameModeBase'
[2017.11.05-21.10.18:687][498]LogWorld: Bringing World /Game/Maps/UEDPIE_0_Level_001.Level_001 up for play (max tick rate 0) at 2017.11.05-22.10.18
[2017.11.05-21.10.18:688][498]LogWorld: Bringing up level for play took: 0.001575
[2017.11.05-21.10.18:689][498]PIE: Play in editor start time for /Game/Maps/UEDPIE_0_Level_001 0.73
[2017.11.05-21.10.18:690][498]LogBlueprintUserMessages: Late PlayInEditor Detection: Level '/Game/Maps/Level_001.Level_001:PersistentLevel' has LevelScriptBlueprint '/Game/Maps/Level_001.Level_001:PersistentLevel.Level_001' with GeneratedClass '/Game/Maps/Level_001.Level_001_C' with ClassGeneratedBy '/Game/Maps/Level_001.Level_001:PersistentLevel.Level_001'
[2017.11.05-21.10.22:942][601]LogBlueprintUserMessages: Early EndPlayMap Detection: Level '/Game/Maps/Level_001.Level_001:PersistentLevel' has LevelScriptBlueprint '/Game/Maps/Level_001.Level_001:PersistentLevel.Level_001' with GeneratedClass '/Game/Maps/Level_001.Level_001_C' with ClassGeneratedBy '/Game/Maps/Level_001.Level_001:PersistentLevel.Level_001'
[2017.11.05-21.10.23:009][601]LogBlueprintUserMessages: Late EndPlayMap Detection: Level '/Game/Maps/Level_001.Level_001:PersistentLevel' has LevelScriptBlueprint '/Game/Maps/Level_001.Level_001:PersistentLevel.Level_001' with GeneratedClass '/Game/Maps/Level_001.Level_001_C' with ClassGeneratedBy '/Game/Maps/Level_001.Level_001:PersistentLevel.Level_001'
[2017.11.05-21.10.30:965][751]LogTemp: Repeating last play command: Selected Viewport
[2017.11.05-21.10.30:982][751]LogBlueprintUserMessages: Early PlayInEditor Detection: Level '/Game/Maps/Level_001.Level_001:PersistentLevel' has LevelScriptBlueprint '/Game/Maps/Level_001.Level_001:PersistentLevel.Level_001' with GeneratedClass '/Game/Maps/Level_001.Level_001_C' with ClassGeneratedBy '/Game/Maps/Level_001.Level_001:PersistentLevel.Level_001'
[2017.11.05-21.10.30:982][751]LogPlayLevel: PlayLevel: No blueprints needed recompiling
[2017.11.05-21.10.30:983][751]PIE: New page: PIE session: Level_001 (Nov 5, 2017, 11:10:30 PM)
[2017.11.05-21.10.30:983][751]LogPlayLevel: Creating play world package: /Game/Maps/UEDPIE_0_Level_001
[2017.11.05-21.10.30:985][751]LogPlayLevel: PIE: StaticDuplicateObject took: (0.002228s)
[2017.11.05-21.10.30:986][751]LogAIModule: Creating AISystem for world Level_001
[2017.11.05-21.10.30:986][751]LogPlayLevel: PIE: World Init took: (0.000789s)
[2017.11.05-21.10.30:986][751]LogPlayLevel: PIE: Created PIE world by copying editor world from /Game/Maps/Level_001.Level_001 to /Game/Maps/UEDPIE_0_Level_001.Level_001 (0.003357s)
[2017.11.05-21.10.31:018][751]LogInit: XAudio2 using 'Haut-parleurs (Realtek High Definition Audio)' : 2 channels at 48 kHz using 32 bits per sample (channel mask 0x3)
[2017.11.05-21.10.31:035][751]LogInit: FAudioDevice initialized.
[2017.11.05-21.10.31:087][751]LogLoad: Game class is 'JollyRogerGameModeBase'
[2017.11.05-21.10.31:090][751]LogWorld: Bringing World /Game/Maps/UEDPIE_0_Level_001.Level_001 up for play (max tick rate 0) at 2017.11.05-22.10.31
[2017.11.05-21.10.31:090][751]LogWorld: Bringing up level for play took: 0.002105
[2017.11.05-21.10.31:092][751]PIE: Play in editor start time for /Game/Maps/UEDPIE_0_Level_001 -0.868
[2017.11.05-21.10.31:092][751]LogBlueprintUserMessages: Late PlayInEditor Detection: Level '/Game/Maps/Level_001.Level_001:PersistentLevel' has LevelScriptBlueprint '/Game/Maps/Level_001.Level_001:PersistentLevel.Level_001' with GeneratedClass '/Game/Maps/Level_001.Level_001_C' with ClassGeneratedBy '/Game/Maps/Level_001.Level_001:PersistentLevel.Level_001'
[2017.11.05-21.10.41:106][994]LogBlueprintUserMessages: Early EndPlayMap Detection: Level '/Game/Maps/Level_001.Level_001:PersistentLevel' has LevelScriptBlueprint '/Game/Maps/Level_001.Level_001:PersistentLevel.Level_001' with GeneratedClass '/Game/Maps/Level_001.Level_001_C' with ClassGeneratedBy '/Game/Maps/Level_001.Level_001:PersistentLevel.Level_001'
[2017.11.05-21.10.41:219][994]LogBlueprintUserMessages: Late EndPlayMap Detection: Level '/Game/Maps/Level_001.Level_001:PersistentLevel' has LevelScriptBlueprint '/Game/Maps/Level_001.Level_001:PersistentLevel.Level_001' with GeneratedClass '/Game/Maps/Level_001.Level_001_C' with ClassGeneratedBy '/Game/Maps/Level_001.Level_001:PersistentLevel.Level_001'
[2017.11.05-21.10.43:488][ 42]LogTemp: Repeating last play command: Selected Viewport
[2017.11.05-21.10.43:510][ 42]LogBlueprintUserMessages: Early PlayInEditor Detection: Level '/Game/Maps/Level_001.Level_001:PersistentLevel' has LevelScriptBlueprint '/Game/Maps/Level_001.Level_001:PersistentLevel.Level_001' with GeneratedClass '/Game/Maps/Level_001.Level_001_C' with ClassGeneratedBy '/Game/Maps/Level_001.Level_001:PersistentLevel.Level_001'
[2017.11.05-21.10.43:510][ 42]LogPlayLevel: PlayLevel: No blueprints needed recompiling
[2017.11.05-21.10.43:510][ 42]PIE: New page: PIE session: Level_001 (Nov 5, 2017, 11:10:43 PM)
[2017.11.05-21.10.43:510][ 42]LogPlayLevel: Creating play world package: /Game/Maps/UEDPIE_0_Level_001
[2017.11.05-21.10.43:515][ 42]LogPlayLevel: PIE: StaticDuplicateObject took: (0.004804s)
[2017.11.05-21.10.43:517][ 42]LogAIModule: Creating AISystem for world Level_001
[2017.11.05-21.10.43:517][ 42]LogPlayLevel: PIE: World Init took: (0.001977s)
[2017.11.05-21.10.43:517][ 42]LogPlayLevel: PIE: Created PIE world by copying editor world from /Game/Maps/Level_001.Level_001 to /Game/Maps/UEDPIE_0_Level_001.Level_001 (0.007161s)
[2017.11.05-21.10.43:553][ 42]LogInit: XAudio2 using 'Haut-parleurs (Realtek High Definition Audio)' : 2 channels at 48 kHz using 32 bits per sample (channel mask 0x3)
[2017.11.05-21.10.43:587][ 42]LogInit: FAudioDevice initialized.
[2017.11.05-21.10.43:617][ 42]LogLoad: Game class is 'JollyRogerGameModeBase'
[2017.11.05-21.10.43:619][ 42]LogWorld: Bringing World /Game/Maps/UEDPIE_0_Level_001.Level_001 up for play (max tick rate 0) at 2017.11.05-22.10.43
[2017.11.05-21.10.43:619][ 42]LogWorld: Bringing up level for play took: 0.001546
[2017.11.05-21.10.43:621][ 42]PIE: Play in editor start time for /Game/Maps/UEDPIE_0_Level_001 -0.339
[2017.11.05-21.10.43:621][ 42]LogBlueprintUserMessages: Late PlayInEditor Detection: Level '/Game/Maps/Level_001.Level_001:PersistentLevel' has LevelScriptBlueprint '/Game/Maps/Level_001.Level_001:PersistentLevel.Level_001' with GeneratedClass '/Game/Maps/Level_001.Level_001_C' with ClassGeneratedBy '/Game/Maps/Level_001.Level_001:PersistentLevel.Level_001'
[2017.11.05-21.10.49:809][193]LogBlueprintUserMessages: Early EndPlayMap Detection: Level '/Game/Maps/Level_001.Level_001:PersistentLevel' has LevelScriptBlueprint '/Game/Maps/Level_001.Level_001:PersistentLevel.Level_001' with GeneratedClass '/Game/Maps/Level_001.Level_001_C' with ClassGeneratedBy '/Game/Maps/Level_001.Level_001:PersistentLevel.Level_001'
[2017.11.05-21.10.49:877][193]LogBlueprintUserMessages: Late EndPlayMap Detection: Level '/Game/Maps/Level_001.Level_001:PersistentLevel' has LevelScriptBlueprint '/Game/Maps/Level_001.Level_001:PersistentLevel.Level_001' with GeneratedClass '/Game/Maps/Level_001.Level_001_C' with ClassGeneratedBy '/Game/Maps/Level_001.Level_001:PersistentLevel.Level_001'
[2017.11.05-21.10.53:587][255]LogContentBrowser: Native class hierarchy updated for 'TextureEditor' in 0.0013 seconds. Added 1 classes and 2 folders.
[2017.11.05-21.11.16:277][609]Candidate modules for hot reload:
[2017.11.05-21.11.16:277][609]  JollyRoger
[2017.11.05-21.11.16:277][609]Launching UnrealBuildTool... [C:/Program Files/Epic Games/UE_4.17/Engine/Binaries/DotNET/UnrealBuildTool.exe JollyRoger -ModuleWithSuffix JollyRoger 7954 Win64 Development -editorrecompile -canskiplink "C:/Users/C17/Documents/Unreal Projects/JollyRoger/JollyRoger.uproject" ]
[2017.11.05-21.11.16:278][609]Warning: Starting HotReload took  0.0s.
[2017.11.05-21.13.59:523][166]CompilerResultsLog: New page: Compilation - Nov 5, 2017, 11:13:59 PM
[2017.11.05-21.13.59:523][166]CompilerResultsLog: Compiling game modules for hot reload
[2017.11.05-21.13.59:523][166]CompilerResultsLog: Parsing headers for JollyRogerEditor
[2017.11.05-21.13.59:523][166]CompilerResultsLog:   Running UnrealHeaderTool "C:\Users\C17\Documents\Unreal Projects\JollyRoger\JollyRoger.uproject" "C:\Users\C17\Documents\Unreal Projects\JollyRoger\Intermediate\Build\Win64\JollyRogerEditor\Development\JollyRogerEditor.uhtmanifest" -LogCmds="loginit warning, logexit warning, logdatabase error" -Unattended -WarningsAsErrors -installed
[2017.11.05-21.13.59:523][166]CompilerResultsLog: Reflection code generated for JollyRogerEditor in 13,0301537 seconds
[2017.11.05-21.13.59:523][166]CompilerResultsLog: Performing 3 actions (2 in parallel)
[2017.11.05-21.13.59:523][166]CompilerResultsLog: HeightMapReader.cpp
[2017.11.05-21.13.59:523][166]CompilerResultsLog: [2/3] Link UE4Editor-JollyRoger-7954.dll
[2017.11.05-21.13.59:523][166]CompilerResultsLog: [3/3] Link UE4Editor-JollyRoger-7954.lib
[2017.11.05-21.13.59:523][166]CompilerResultsLog:    Creating library C:\Users\C17\Documents\Unreal Projects\JollyRoger\Intermediate\Build\Win64\UE4Editor\Development\UE4Editor-JollyRoger-7954.lib and object C:\Users\C17\Documents\Unreal Projects\JollyRoger\Intermediate\Build\Win64\UE4Editor\Development\UE4Editor-JollyRoger-7954.exp
[2017.11.05-21.13.59:523][166]CompilerResultsLog:    Creating library C:\Users\C17\Documents\Unreal Projects\JollyRoger\Intermediate\Build\Win64\UE4Editor\Development\UE4Editor-JollyRoger-7954.suppressed.lib and object C:\Users\C17\Documents\Unreal Projects\JollyRoger\Intermediate\Build\Win64\UE4Editor\Development\UE4Editor-JollyRoger-7954.suppressed.exp
[2017.11.05-21.13.59:523][166]CompilerResultsLog: Total build time: 162,62 seconds (Local executor: 141,91 seconds)
[2017.11.05-21.13.59:523][166]LogMainFrame: MainFrame: Module compiling took 163.273 seconds
[2017.11.05-21.13.59:628][166]LogContentBrowser: Native class hierarchy updated for 'JollyRoger' in 0.0018 seconds. Added 2 classes and 2 folders.
[2017.11.05-21.13.59:633][166]Display: HotReload successful (2 functions remapped  0 scriptstructs remapped)
[2017.11.05-21.14.00:152][166]LogContentBrowser: Native class hierarchy populated in 0.0133 seconds. Added 2391 classes and 508 folders.
[2017.11.05-21.14.00:152][166]Display: HotReload took 163.9s.
[2017.11.05-21.14.20:027][295]Cmd: CAMERA ALIGN ACTIVEVIEWPORTONLY
[2017.11.05-21.14.21:199][327]LogTemp: Repeating last play command: Selected Viewport
[2017.11.05-21.14.21:221][327]LogBlueprintUserMessages: Early PlayInEditor Detection: Level '/Game/Maps/Level_001.Level_001:PersistentLevel' has LevelScriptBlueprint '/Game/Maps/Level_001.Level_001:PersistentLevel.Level_001' with GeneratedClass '/Game/Maps/Level_001.Level_001_C' with ClassGeneratedBy '/Game/Maps/Level_001.Level_001:PersistentLevel.Level_001'
[2017.11.05-21.14.21:221][327]LogPlayLevel: PlayLevel: No blueprints needed recompiling
[2017.11.05-21.14.21:221][327]PIE: New page: PIE session: Level_001 (Nov 5, 2017, 11:14:21 PM)
[2017.11.05-21.14.21:221][327]LogPlayLevel: Creating play world package: /Game/Maps/UEDPIE_0_Level_001
[2017.11.05-21.14.21:227][327]LogPlayLevel: PIE: StaticDuplicateObject took: (0.005684s)
[2017.11.05-21.14.21:228][327]LogAIModule: Creating AISystem for world Level_001
[2017.11.05-21.14.21:229][327]LogPlayLevel: PIE: World Init took: (0.001376s)
[2017.11.05-21.14.21:229][327]LogPlayLevel: PIE: Created PIE world by copying editor world from /Game/Maps/Level_001.Level_001 to /Game/Maps/UEDPIE_0_Level_001.Level_001 (0.007681s)
[2017.11.05-21.14.21:304][327]LogInit: XAudio2 using 'Haut-parleurs (Realtek High Definition Audio)' : 2 channels at 48 kHz using 32 bits per sample (channel mask 0x3)
[2017.11.05-21.14.21:313][327]LogInit: FAudioDevice initialized.
[2017.11.05-21.14.21:349][327]LogLoad: Game class is 'JollyRogerGameModeBase'
[2017.11.05-21.14.21:351][327]LogWorld: Bringing World /Game/Maps/UEDPIE_0_Level_001.Level_001 up for play (max tick rate 0) at 2017.11.05-22.14.21
[2017.11.05-21.14.21:351][327]LogWorld: Bringing up level for play took: 0.001602
[2017.11.05-21.14.21:353][327]PIE: Play in editor start time for /Game/Maps/UEDPIE_0_Level_001 -0.612
[2017.11.05-21.14.21:353][327]LogBlueprintUserMessages: Late PlayInEditor Detection: Level '/Game/Maps/Level_001.Level_001:PersistentLevel' has LevelScriptBlueprint '/Game/Maps/Level_001.Level_001:PersistentLevel.Level_001' with GeneratedClass '/Game/Maps/Level_001.Level_001_C' with ClassGeneratedBy '/Game/Maps/Level_001.Level_001:PersistentLevel.Level_001'
[2017.11.05-21.14.33:514][603]LogBlueprintUserMessages: Early EndPlayMap Detection: Level '/Game/Maps/Level_001.Level_001:PersistentLevel' has LevelScriptBlueprint '/Game/Maps/Level_001.Level_001:PersistentLevel.Level_001' with GeneratedClass '/Game/Maps/Level_001.Level_001_C' with ClassGeneratedBy '/Game/Maps/Level_001.Level_001:PersistentLevel.Level_001'
[2017.11.05-21.14.33:584][603]LogBlueprintUserMessages: Late EndPlayMap Detection: Level '/Game/Maps/Level_001.Level_001:PersistentLevel' has LevelScriptBlueprint '/Game/Maps/Level_001.Level_001:PersistentLevel.Level_001' with GeneratedClass '/Game/Maps/Level_001.Level_001_C' with ClassGeneratedBy '/Game/Maps/Level_001.Level_001:PersistentLevel.Level_001'
[2017.11.05-21.14.55:220][ 22]LogTemp: Repeating last play command: Selected Viewport
[2017.11.05-21.14.55:243][ 22]LogBlueprintUserMessages: Early PlayInEditor Detection: Level '/Game/Maps/Level_001.Level_001:PersistentLevel' has LevelScriptBlueprint '/Game/Maps/Level_001.Level_001:PersistentLevel.Level_001' with GeneratedClass '/Game/Maps/Level_001.Level_001_C' with ClassGeneratedBy '/Game/Maps/Level_001.Level_001:PersistentLevel.Level_001'
[2017.11.05-21.14.55:243][ 22]LogPlayLevel: PlayLevel: No blueprints needed recompiling
[2017.11.05-21.14.55:243][ 22]PIE: New page: PIE session: Level_001 (Nov 5, 2017, 11:14:55 PM)
[2017.11.05-21.14.55:243][ 22]LogPlayLevel: Creating play world package: /Game/Maps/UEDPIE_0_Level_001
[2017.11.05-21.14.55:250][ 22]LogPlayLevel: PIE: StaticDuplicateObject took: (0.006483s)
[2017.11.05-21.14.55:251][ 22]LogAIModule: Creating AISystem for world Level_001
[2017.11.05-21.14.55:251][ 22]LogPlayLevel: PIE: World Init took: (0.001108s)
[2017.11.05-21.14.55:251][ 22]LogPlayLevel: PIE: Created PIE world by copying editor world from /Game/Maps/Level_001.Level_001 to /Game/Maps/UEDPIE_0_Level_001.Level_001 (0.007944s)
[2017.11.05-21.14.55:303][ 22]LogInit: XAudio2 using 'Haut-parleurs (Realtek High Definition Audio)' : 2 channels at 48 kHz using 32 bits per sample (channel mask 0x3)
[2017.11.05-21.14.55:317][ 22]LogInit: FAudioDevice initialized.
[2017.11.05-21.14.55:350][ 22]LogLoad: Game class is 'JollyRogerGameModeBase'
[2017.11.05-21.14.55:351][ 22]LogWorld: Bringing World /Game/Maps/UEDPIE_0_Level_001.Level_001 up for play (max tick rate 0) at 2017.11.05-22.14.55
[2017.11.05-21.14.55:352][ 22]LogWorld: Bringing up level for play took: 0.001436
[2017.11.05-21.14.55:353][ 22]PIE: Play in editor start time for /Game/Maps/UEDPIE_0_Level_001 -0.612
[2017.11.05-21.14.55:353][ 22]LogBlueprintUserMessages: Late PlayInEditor Detection: Level '/Game/Maps/Level_001.Level_001:PersistentLevel' has LevelScriptBlueprint '/Game/Maps/Level_001.Level_001:PersistentLevel.Level_001' with GeneratedClass '/Game/Maps/Level_001.Level_001_C' with ClassGeneratedBy '/Game/Maps/Level_001.Level_001:PersistentLevel.Level_001'
[2017.11.05-21.15.07:376][285]LogBlueprintUserMessages: Early EndPlayMap Detection: Level '/Game/Maps/Level_001.Level_001:PersistentLevel' has LevelScriptBlueprint '/Game/Maps/Level_001.Level_001:PersistentLevel.Level_001' with GeneratedClass '/Game/Maps/Level_001.Level_001_C' with ClassGeneratedBy '/Game/Maps/Level_001.Level_001:PersistentLevel.Level_001'
[2017.11.05-21.15.07:426][285]LogBlueprintUserMessages: Late EndPlayMap Detection: Level '/Game/Maps/Level_001.Level_001:PersistentLevel' has LevelScriptBlueprint '/Game/Maps/Level_001.Level_001:PersistentLevel.Level_001' with GeneratedClass '/Game/Maps/Level_001.Level_001_C' with ClassGeneratedBy '/Game/Maps/Level_001.Level_001:PersistentLevel.Level_001'
[2017.11.05-21.15.51:280][540]Cmd: OBJ SAVEPACKAGE PACKAGE="/Game/Maps/Level_001" FILE="../../../../../../Users/C17/Documents/Unreal Projects/JollyRoger/Content/Maps/Level_001.umap" SILENT=true AUTOSAVING=false KEEPDIRTY=false
[2017.11.05-21.15.51:455][540]LogSavePackage: Save=69.07ms
[2017.11.05-21.15.51:455][540]LogSavePackage: Moving '../../../../../../Users/C17/Documents/Unreal Projects/JollyRoger/Saved/Level_001FF8132644AB444F3887C59AAB16E5CBA.tmp' to '../../../../../../Users/C17/Documents/Unreal Projects/JollyRoger/Content/Maps/Level_001.umap'
[2017.11.05-21.15.51:459][540]LogSavePackage: Display: Finished SavePackage ../../../../../../Users/C17/Documents/Unreal Projects/JollyRoger/Content/Maps/Level_001.umap
[2017.11.05-21.15.51:485][540]Cmd: OBJ SAVEPACKAGE PACKAGE="/Game/Maps/Level_001_BuiltData" FILE="../../../../../../Users/C17/Documents/Unreal Projects/JollyRoger/Content/Maps/Level_001_BuiltData.uasset" SILENT=true
[2017.11.05-21.15.51:561][540]LogSavePackage: Save=29.65ms
[2017.11.05-21.15.51:561][540]LogSavePackage: Moving '../../../../../../Users/C17/Documents/Unreal Projects/JollyRoger/Saved/Level_001_BuiltDataEC3EC6D64BD94111C82FD7AB4CDFF7D2.tmp' to '../../../../../../Users/C17/Documents/Unreal Projects/JollyRoger/Content/Maps/Level_001_BuiltData.uasset'
[2017.11.05-21.15.51:563][540]LogSavePackage: Display: Finished SavePackage ../../../../../../Users/C17/Documents/Unreal Projects/JollyRoger/Content/Maps/Level_001_BuiltData.uasset
[2017.11.05-21.15.55:452][632]Cmd: OBJ SAVEPACKAGE PACKAGE="/Game/Maps/Level_001" FILE="../../../../../../Users/C17/Documents/Unreal Projects/JollyRoger/Content/Maps/Level_001.umap" SILENT=true AUTOSAVING=false KEEPDIRTY=false
[2017.11.05-21.15.55:699][632]LogSavePackage: Save=119.98ms
[2017.11.05-21.15.55:699][632]LogSavePackage: Moving '../../../../../../Users/C17/Documents/Unreal Projects/JollyRoger/Saved/Level_0010B9B208E43B4F07A57F6BA80D685C0A3.tmp' to '../../../../../../Users/C17/Documents/Unreal Projects/JollyRoger/Content/Maps/Level_001.umap'
[2017.11.05-21.15.55:700][632]LogSavePackage: Display: Finished SavePackage ../../../../../../Users/C17/Documents/Unreal Projects/JollyRoger/Content/Maps/Level_001.umap
[2017.11.05-21.15.55:729][632]Cmd: OBJ SAVEPACKAGE PACKAGE="/Game/Maps/Level_001_BuiltData" FILE="../../../../../../Users/C17/Documents/Unreal Projects/JollyRoger/Content/Maps/Level_001_BuiltData.uasset" SILENT=true
[2017.11.05-21.15.55:807][632]LogSavePackage: Save=22.69ms
[2017.11.05-21.15.55:807][632]LogSavePackage: Moving '../../../../../../Users/C17/Documents/Unreal Projects/JollyRoger/Saved/Level_001_BuiltData13D35DAD46646ED80307599B666D64AA.tmp' to '../../../../../../Users/C17/Documents/Unreal Projects/JollyRoger/Content/Maps/Level_001_BuiltData.uasset'
[2017.11.05-21.15.55:808][632]LogSavePackage: Display: Finished SavePackage ../../../../../../Users/C17/Documents/Unreal Projects/JollyRoger/Content/Maps/Level_001_BuiltData.uasset
[2017.11.05-21.15.57:609][672]Cmd: QUIT_EDITOR
[2017.11.05-21.15.57:659][672]LogExit: Preparing to exit.
[2017.11.05-21.15.58:846][672]LogDirectoryWatcher: A directory notification for 'C:/Users/C17/Documents/Unreal Projects/JollyRoger/Content/' was aborted.
[2017.11.05-21.15.58:880][672]LogExit: Editor shut down
[2017.11.05-21.15.58:886][672]LogExit: Transaction tracking system shut down
[2017.11.05-21.15.59:053][672]LogDirectoryWatcher: A directory notification for '../../../Engine/Content/' was aborted.
[2017.11.05-21.15.59:053][672]LogDirectoryWatcher: A directory notification for '../../../../../../Users/C17/Documents/Unreal Projects/JollyRoger/Content/' was aborted.
[2017.11.05-21.15.59:053][672]LogDirectoryWatcher: A directory notification for '../../../Engine/Plugins/2D/Paper2D/Content/' was aborted.
[2017.11.05-21.15.59:053][672]LogDirectoryWatcher: A directory notification for '../../../Engine/Plugins/Runtime/Oculus/OculusVR/Content/' was aborted.
[2017.11.05-21.15.59:053][672]LogDirectoryWatcher: A directory notification for '../../../Engine/Plugins/Runtime/Steam/SteamVR/Content/' was aborted.
[2017.11.05-21.15.59:194][672]LogExit: Object subsystem successfully closed.
[2017.11.05-21.15.59:207][672]LogD3D11RHI: Shutdown
[2017.11.05-21.15.59:208][672]LogD3D11RHI: CleanupD3DDevice
[2017.11.05-21.15.59:301][672]LogD3D11RHI: ~FD3D11DynamicRHI
[2017.11.05-21.15.59:344][672]LogModuleManager: Shutting down and abandoning module JollyRoger (542)
[2017.11.05-21.15.59:344][672]LogModuleManager: Shutting down and abandoning module TextureEditor (541)
[2017.11.05-21.15.59:344][672]LogModuleManager: Shutting down and abandoning module MovieSceneCapture (539)
[2017.11.05-21.15.59:344][672]LogModuleManager: Shutting down and abandoning module BlueprintGraph (537)
[2017.11.05-21.15.59:344][672]LogModuleManager: Shutting down and abandoning module BlueprintProfiler (535)
[2017.11.05-21.15.59:351][672]LogModuleManager: Shutting down and abandoning module HierarchicalLODOutliner (532)
[2017.11.05-21.15.59:351][672]LogModuleManager: Shutting down and abandoning module SceneOutliner (530)
[2017.11.05-21.15.59:351][672]LogModuleManager: Shutting down and abandoning module AddContentDialog (528)
[2017.11.05-21.15.59:351][672]LogDirectoryWatcher: A directory notification for 'C:/Program Files/Epic Games/UE_4.17/FeaturePacks/' was aborted.
[2017.11.05-21.15.59:353][672]LogModuleManager: Shutting down and abandoning module WidgetCarousel (527)
[2017.11.05-21.15.59:353][672]LogModuleManager: Shutting down and abandoning module EditorWidgets (524)
[2017.11.05-21.15.59:353][672]LogModuleManager: Shutting down and abandoning module CollectionManager (522)
[2017.11.05-21.15.59:353][672]LogDirectoryWatcher: A directory notification for 'C:/Users/C17/Documents/Unreal Projects/JollyRoger/Content/Collections/' was aborted.
[2017.11.05-21.15.59:353][672]LogDirectoryWatcher: A directory notification for 'C:/Users/C17/Documents/Unreal Projects/JollyRoger/Content/Developers/C17/Collections/' was aborted.
[2017.11.05-21.15.59:353][672]LogDirectoryWatcher: A directory notification for 'C:/Users/C17/Documents/Unreal Projects/JollyRoger/Saved/Collections/' was aborted.
[2017.11.05-21.15.59:353][672]LogModuleManager: Shutting down and abandoning module StatsViewer (520)
[2017.11.05-21.15.59:353][672]LogModuleManager: Shutting down and abandoning module FoliageEdit (518)
[2017.11.05-21.15.59:353][672]LogModuleManager: Shutting down and abandoning module LandscapeEditor (516)
[2017.11.05-21.15.59:353][672]LogModuleManager: Shutting down and abandoning module MeshPaintMode (514)
[2017.11.05-21.15.59:353][672]LogModuleManager: Shutting down and abandoning module SceneDepthPickerMode (512)
[2017.11.05-21.15.59:354][672]LogModuleManager: Shutting down and abandoning module ActorPickerMode (510)
[2017.11.05-21.15.59:354][672]LogModuleManager: Shutting down and abandoning module GeometryMode (508)
[2017.11.05-21.15.59:354][672]LogModuleManager: Shutting down and abandoning module TextureAlignMode (506)
[2017.11.05-21.15.59:354][672]LogModuleManager: Shutting down and abandoning module BspMode (504)
[2017.11.05-21.15.59:354][672]LogModuleManager: Shutting down and abandoning module PIEPreviewDeviceProfileSelector (502)
[2017.11.05-21.15.59:354][672]LogModuleManager: Shutting down and abandoning module HardwareSurvey (500)
[2017.11.05-21.15.59:354][672]LogModuleManager: Shutting down and abandoning module SequenceRecorderSections (498)
[2017.11.05-21.15.59:354][672]LogModuleManager: Shutting down and abandoning module AutomationWorker (496)
[2017.11.05-21.15.59:354][672]LogModuleManager: Shutting down and abandoning module MatineeToLevelSequence (494)
[2017.11.05-21.15.59:354][672]LogModuleManager: Shutting down and abandoning module LevelSequenceEditor (492)
[2017.11.05-21.15.59:354][672]LogModuleManager: Shutting down and abandoning module PlacementMode (491)
[2017.11.05-21.15.59:354][672]LogModuleManager: Shutting down and abandoning module WmfMediaFactory (488)
[2017.11.05-21.15.59:354][672]LogModuleManager: Shutting down and abandoning module WmfMediaEditor (486)
[2017.11.05-21.15.59:354][672]LogModuleManager: Shutting down and abandoning module AvfMediaFactory (484)
[2017.11.05-21.15.59:354][672]LogModuleManager: Shutting down and abandoning module AvfMediaEditor (482)
[2017.11.05-21.15.59:354][672]LogModuleManager: Shutting down and abandoning module AndroidMediaFactory (480)
[2017.11.05-21.15.59:354][672]LogModuleManager: Shutting down and abandoning module Media (479)
[2017.11.05-21.15.59:354][672]LogModuleManager: Shutting down and abandoning module AndroidMediaEditor (476)
[2017.11.05-21.15.59:354][672]LogModuleManager: Shutting down and abandoning module CharacterAI (474)
[2017.11.05-21.15.59:354][672]LogModuleManager: Shutting down and abandoning module AudioCapture (472)
[2017.11.05-21.15.59:354][672]LogModuleManager: Shutting down and abandoning module SequenceRecorder (471)
[2017.11.05-21.15.59:354][672]LogModuleManager: Shutting down and abandoning module SmartSnapping (468)
[2017.11.05-21.15.59:354][672]LogModuleManager: Shutting down and abandoning module SessionServices (466)
[2017.11.05-21.15.59:354][672]LogModuleManager: Shutting down and abandoning module ViewportSnapping (464)
[2017.11.05-21.15.59:354][672]LogModuleManager: Shutting down and abandoning module ViewportInteraction (462)
[2017.11.05-21.15.59:354][672]LogModuleManager: Shutting down and abandoning module ClothPainter (460)
[2017.11.05-21.15.59:354][672]LogModuleManager: Shutting down and abandoning module LogVisualizer (458)
[2017.11.05-21.15.59:354][672]LogModuleManager: Shutting down and abandoning module IntroTutorials (456)
[2017.11.05-21.15.59:354][672]LogModuleManager: Shutting down and abandoning module GameProjectGeneration (455)
[2017.11.05-21.15.59:355][672]LogModuleManager: Shutting down and abandoning module IOSPlatformEditor (452)
[2017.11.05-21.15.59:355][672]LogModuleManager: Shutting down and abandoning module HTML5PlatformEditor (450)
[2017.11.05-21.15.59:355][672]LogModuleManager: Shutting down and abandoning module AndroidPlatformEditor (448)
[2017.11.05-21.15.59:355][672]LogModuleManager: Shutting down and abandoning module AndroidDeviceDetection (447)
[2017.11.05-21.15.59:439][672]LogModuleManager: Shutting down and abandoning module WindowsPlatformEditor (444)
[2017.11.05-21.15.59:439][672]LogModuleManager: Shutting down and abandoning module IOSRuntimeSettings (442)
[2017.11.05-21.15.59:439][672]LogModuleManager: Shutting down and abandoning module AndroidRuntimeSettings (440)
[2017.11.05-21.15.59:439][672]LogModuleManager: Shutting down and abandoning module InputBindingEditor (438)
[2017.11.05-21.15.59:439][672]LogModuleManager: Shutting down and abandoning module MergeActors (436)
[2017.11.05-21.15.59:439][672]LogModuleManager: Shutting down and abandoning module SizeMap (434)
[2017.11.05-21.15.59:439][672]LogModuleManager: Shutting down and abandoning module TreeMap (432)
[2017.11.05-21.15.59:439][672]LogModuleManager: Shutting down and abandoning module ReferenceViewer (430)
[2017.11.05-21.15.59:439][672]LogModuleManager: Shutting down and abandoning module LocalizationDashboard (428)
[2017.11.05-21.15.59:439][672]LogModuleManager: Shutting down and abandoning module LocalizationService (427)
[2017.11.05-21.15.59:439][672]LogModuleManager: Shutting down and abandoning module HardwareTargeting (424)
[2017.11.05-21.15.59:439][672]LogModuleManager: Shutting down and abandoning module DeviceProfileEditor (422)
[2017.11.05-21.15.59:439][672]LogModuleManager: Shutting down and abandoning module UndoHistory (420)
[2017.11.05-21.15.59:439][672]LogModuleManager: Shutting down and abandoning module XmlParser (418)
[2017.11.05-21.15.59:439][672]LogModuleManager: Shutting down and abandoning module Blutility (416)
[2017.11.05-21.15.59:439][672]LogModuleManager: Shutting down and abandoning module ProjectSettingsViewer (414)
[2017.11.05-21.15.59:439][672]LogModuleManager: Shutting down and abandoning module ProjectTargetPlatformEditor (413)
[2017.11.05-21.15.59:440][672]LogModuleManager: Shutting down and abandoning module EditorSettingsViewer (410)
[2017.11.05-21.15.59:440][672]LogModuleManager: Shutting down and abandoning module SettingsEditor (408)
[2017.11.05-21.15.59:440][672]LogModuleManager: Shutting down and abandoning module ProjectLauncher (406)
[2017.11.05-21.15.59:440][672]LogModuleManager: Shutting down and abandoning module SessionFrontend (404)
[2017.11.05-21.15.59:440][672]LogModuleManager: Shutting down and abandoning module ProfilerClient (402)
[2017.11.05-21.15.59:440][672]LogModuleManager: Shutting down and abandoning module DeviceManager (400)
[2017.11.05-21.15.59:440][672]LogModuleManager: Shutting down and abandoning module TargetDeviceServices (399)
[2017.11.05-21.15.59:480][672]LogModuleManager: Shutting down and abandoning module AutomationController (396)
[2017.11.05-21.15.59:480][672]LogModuleManager: Shutting down and abandoning module AutomationWindow (394)
[2017.11.05-21.15.59:480][672]LogModuleManager: Shutting down and abandoning module Layers (392)
[2017.11.05-21.15.59:480][672]LogModuleManager: Shutting down and abandoning module ComponentVisualizers (390)
[2017.11.05-21.15.59:480][672]LogModuleManager: Shutting down and abandoning module DetailCustomizations (388)
[2017.11.05-21.15.59:480][672]LogModuleManager: Shutting down and abandoning module PackagesDialog (386)
[2017.11.05-21.15.59:480][672]LogModuleManager: Shutting down and abandoning module Persona (384)
[2017.11.05-21.15.59:480][672]LogModuleManager: Shutting down and abandoning module AdvancedPreviewScene (383)
[2017.11.05-21.15.59:480][672]LogModuleManager: Shutting down and abandoning module AnimGraph (381)
[2017.11.05-21.15.59:480][672]LogModuleManager: Shutting down and abandoning module Kismet (378)
[2017.11.05-21.15.59:490][672]LogModuleManager: Shutting down and abandoning module ClassViewer (376)
[2017.11.05-21.15.59:490][672]LogModuleManager: Shutting down and abandoning module Toolbox (374)
[2017.11.05-21.15.59:490][672]LogModuleManager: Shutting down and abandoning module ModuleUI (372)
[2017.11.05-21.15.59:490][672]LogModuleManager: Shutting down and abandoning module MovieSceneTools (370)
[2017.11.05-21.15.59:490][672]LogModuleManager: Shutting down and abandoning module OutputLog (368)
[2017.11.05-21.15.59:490][672]LogModuleManager: Shutting down and abandoning module GammaUI (366)
[2017.11.05-21.15.59:490][672]LogModuleManager: Shutting down and abandoning module Documentation (364)
[2017.11.05-21.15.59:490][672]LogModuleManager: Shutting down and abandoning module MovieSceneTracks (362)
[2017.11.05-21.15.59:490][672]LogModuleManager: Shutting down and abandoning module MovieScene (360)
[2017.11.05-21.15.59:490][672]LogModuleManager: Shutting down and abandoning module Niagara (358)
[2017.11.05-21.15.59:491][672]LogModuleManager: Shutting down and abandoning module NiagaraEditor (357)
[2017.11.05-21.15.59:491][672]LogModuleManager: Shutting down and abandoning module StreamingPauseRendering (354)
[2017.11.05-21.15.59:491][672]LogModuleManager: Shutting down and abandoning module LauncherPlatform (352)
[2017.11.05-21.15.59:491][672]LogModuleManager: Shutting down and abandoning module AnalyticsET (350)
[2017.11.05-21.15.59:491][672]LogModuleManager: Shutting down and abandoning module PortalServices (348)
[2017.11.05-21.15.59:491][672]LogModuleManager: Shutting down and abandoning module PortalRpc (346)
[2017.11.05-21.15.59:491][672]LogModuleManager: Shutting down and abandoning module MessagingRpc (344)
[2017.11.05-21.15.59:491][672]LogModuleManager: Shutting down and abandoning module AIModule (342)
[2017.11.05-21.15.59:491][672]LogModuleManager: Shutting down and abandoning module GameplayDebugger (341)
[2017.11.05-21.15.59:491][672]LogModuleManager: Shutting down and abandoning module AITestSuite (339)
[2017.11.05-21.15.59:491][672]LogModuleManager: Shutting down and abandoning module ProfilerService (336)
[2017.11.05-21.15.59:686][672]LogModuleManager: Shutting down and abandoning module TaskGraph (334)
[2017.11.05-21.15.59:686][672]LogModuleManager: Shutting down and abandoning module SteamVRController (332)
[2017.11.05-21.15.59:686][672]LogModuleManager: Shutting down and abandoning module ProceduralMeshComponentEditor (330)
[2017.11.05-21.15.59:686][672]LogModuleManager: Shutting down and abandoning module ProceduralMeshComponent (328)
[2017.11.05-21.15.59:686][672]LogModuleManager: Shutting down and abandoning module OculusInput (326)
[2017.11.05-21.15.59:686][672]LogModuleManager: Shutting down and abandoning module MobilePatchingUtils (324)
[2017.11.05-21.15.59:687][672]LogModuleManager: Shutting down and abandoning module CustomMeshComponent (322)
[2017.11.05-21.15.59:687][672]LogModuleManager: Shutting down and abandoning module CableComponent (320)
[2017.11.05-21.15.59:687][672]LogModuleManager: Shutting down and abandoning module ArchVisCharacter (318)
[2017.11.05-21.15.59:687][672]LogModuleManager: Shutting down and abandoning module AndroidPermission (316)
[2017.11.05-21.15.59:687][672]LogModuleManager: Shutting down and abandoning module MediaPlayerEditor (312)
[2017.11.05-21.15.59:687][672]LogModuleManager: Shutting down and abandoning module HTML5Networking (310)
[2017.11.05-21.15.59:687][672]LogModuleManager: Shutting down and abandoning module AlembicImporter (308)
[2017.11.05-21.15.59:687][672]LogModuleManager: Shutting down and abandoning module AlembicLibrary (307)
[2017.11.05-21.15.59:687][672]LogModuleManager: Shutting down and abandoning module GeometryCache (306)
[2017.11.05-21.15.59:687][672]LogModuleManager: Shutting down and abandoning module GeometryCacheEd (305)
[2017.11.05-21.15.59:687][672]LogModuleManager: Shutting down and abandoning module SpeedTreeImporter (300)
[2017.11.05-21.15.59:687][672]LogModuleManager: Shutting down and abandoning module PluginBrowser (298)
[2017.11.05-21.15.59:687][672]LogModuleManager: Shutting down and abandoning module MobileLauncherProfileWizard (296)
[2017.11.05-21.15.59:687][672]LogModuleManager: Shutting down and abandoning module VisualStudioSourceCodeAccess (294)
[2017.11.05-21.15.59:687][672]LogModuleManager: Shutting down and abandoning module DesktopPlatform (293)
[2017.11.05-21.15.59:687][672]LogModuleManager: Shutting down and abandoning module UObjectPlugin (290)
[2017.11.05-21.15.59:687][672]LogModuleManager: Shutting down and abandoning module SubversionSourceControl (288)
[2017.11.05-21.15.59:687][672]LogModuleManager: Shutting down and abandoning module PerforceSourceControl (286)
[2017.11.05-21.15.59:687][672]LogModuleManager: Shutting down and abandoning module GitSourceControl (284)
[2017.11.05-21.15.59:687][672]LogModuleManager: Shutting down and abandoning module SourceControl (283)
[2017.11.05-21.15.59:688][672]LogModuleManager: Shutting down and abandoning module LightPropagationVolumeEditor (280)
[2017.11.05-21.15.59:688][672]LogModuleManager: Shutting down and abandoning module PaperTiledImporter (278)
[2017.11.05-21.15.59:688][672]LogModuleManager: Shutting down and abandoning module PaperSpriteSheetImporter (276)
[2017.11.05-21.15.59:688][672]LogModuleManager: Shutting down and abandoning module Paper2DEditor (274)
[2017.11.05-21.15.59:688][672]LogModuleManager: Shutting down and abandoning module MeshPaint (273)
[2017.11.05-21.15.59:688][672]LogModuleManager: Shutting down and abandoning module LevelEditor (271)
[2017.11.05-21.15.59:689][672]LogModuleManager: Shutting down and abandoning module PixelInspectorModule (270)
[2017.11.05-21.15.59:689][672]LogModuleManager: Shutting down and abandoning module MainFrame (268)
[2017.11.05-21.15.59:689][672]LogModuleManager: Shutting down and abandoning module HotReload (267)
[2017.11.05-21.15.59:689][672]LogDirectoryWatcher: A directory notification for 'C:/Users/C17/Documents/Unreal Projects/JollyRoger/Binaries/Win64' was aborted.
[2017.11.05-21.15.59:690][672]LogModuleManager: Shutting down and abandoning module RuntimePhysXCooking (260)
[2017.11.05-21.15.59:690][672]LogModuleManager: Shutting down and abandoning module PhysXVehiclesEditor (258)
[2017.11.05-21.15.59:690][672]LogModuleManager: Shutting down and abandoning module PhysXVehicles (256)
[2017.11.05-21.15.59:690][672]LogModuleManager: Shutting down and abandoning module OculusEditor (254)
[2017.11.05-21.15.59:690][672]LogModuleManager: Shutting down and abandoning module LocationServicesBPLibrary (252)
[2017.11.05-21.15.59:690][672]LogModuleManager: Shutting down and abandoning module ImmediatePhysicsEditor (250)
[2017.11.05-21.15.59:690][672]LogModuleManager: Shutting down and abandoning module ImmediatePhysics (248)
[2017.11.05-21.15.59:690][672]LogModuleManager: Shutting down and abandoning module UdpMessaging (246)
[2017.11.05-21.15.59:790][672]LogModuleManager: Shutting down and abandoning module TcpMessaging (244)
[2017.11.05-21.15.59:890][672]LogModuleManager: Shutting down and abandoning module GameplayTagsEditor (242)
[2017.11.05-21.15.59:890][672]LogModuleManager: Shutting down and abandoning module FacialAnimationEditor (240)
[2017.11.05-21.15.59:890][672]LogModuleManager: Shutting down and abandoning module FacialAnimation (238)
[2017.11.05-21.15.59:890][672]LogModuleManager: Shutting down and abandoning module AssetManagerEditor (236)
[2017.11.05-21.15.59:890][672]LogModuleManager: Shutting down and abandoning module GraphEditor (235)
[2017.11.05-21.15.59:890][672]LogModuleManager: Shutting down and abandoning module ContentBrowser (233)
[2017.11.05-21.15.59:891][672]LogModuleManager: Shutting down and abandoning module LightPropagationVolumeRuntime (230)
[2017.11.05-21.15.59:891][672]LogModuleManager: Shutting down and abandoning module Paper2D (228)
[2017.11.05-21.15.59:891][672]LogModuleManager: Shutting down and abandoning module WindowsMoviePlayer (226)
[2017.11.05-21.15.59:891][672]LogModuleManager: Shutting down and abandoning module WmfMedia (224)
[2017.11.05-21.15.59:893][672]LogModuleManager: Shutting down and abandoning module PacketHandler (222)
[2017.11.05-21.15.59:893][672]LogModuleManager: Shutting down and abandoning module ClothingSystemEditor (220)
[2017.11.05-21.15.59:893][672]LogModuleManager: Shutting down and abandoning module ClothingSystemRuntime (218)
[2017.11.05-21.15.59:893][672]LogModuleManager: Shutting down and abandoning module Overlay (216)
[2017.11.05-21.15.59:893][672]LogModuleManager: Shutting down and abandoning module OverlayEditor (215)
[2017.11.05-21.15.59:893][672]LogModuleManager: Shutting down and abandoning module MediaAssets (212)
[2017.11.05-21.15.59:893][672]LogModuleManager: Shutting down and abandoning module VREditor (210)
[2017.11.05-21.15.59:893][672]LogModuleManager: Shutting down and abandoning module StringTableEditor (208)
[2017.11.05-21.15.59:893][672]LogModuleManager: Shutting down and abandoning module GameplayTasksEditor (206)
[2017.11.05-21.15.59:893][672]LogModuleManager: Shutting down and abandoning module BehaviorTreeEditor (204)
[2017.11.05-21.15.59:893][672]LogModuleManager: Shutting down and abandoning module FunctionalTesting (202)
[2017.11.05-21.15.59:893][672]LogModuleManager: Shutting down and abandoning module CollisionAnalyzer (200)
[2017.11.05-21.15.59:893][672]LogModuleManager: Shutting down and abandoning module WorkspaceMenuStructure (199)
[2017.11.05-21.15.59:893][672]LogModuleManager: Shutting down and abandoning module UMG (196)
[2017.11.05-21.15.59:893][672]LogModuleManager: Shutting down and abandoning module UMGEditor (195)
[2017.11.05-21.15.59:894][672]LogModuleManager: Shutting down and abandoning module Sequencer (194)
[2017.11.05-21.15.59:894][672]LogModuleManager: Shutting down and abandoning module MessageLog (191)
[2017.11.05-21.15.59:894][672]LogModuleManager: Shutting down and abandoning module SlateReflector (186)
[2017.11.05-21.15.59:894][672]LogModuleManager: Shutting down and abandoning module Slate (184)
[2017.11.05-21.15.59:894][672]LogModuleManager: Shutting down and abandoning module EditorStyle (182)
[2017.11.05-21.15.59:896][672]LogModuleManager: Shutting down and abandoning module MRMesh (180)
[2017.11.05-21.15.59:896][672]LogModuleManager: Shutting down and abandoning module SourceCodeAccess (178)
[2017.11.05-21.15.59:896][672]LogModuleManager: Shutting down and abandoning module HeadMountedDisplay (176)
[2017.11.05-21.15.59:896][672]LogModuleManager: Shutting down and abandoning module XAudio2 (174)
[2017.11.05-21.15.59:896][672]LogModuleManager: Shutting down and abandoning module Networking (172)
[2017.11.05-21.15.59:896][672]LogModuleManager: Shutting down and abandoning module Core (168)
[2017.11.05-21.15.59:896][672]LogModuleManager: Shutting down and abandoning module KismetCompiler (164)
[2017.11.05-21.15.59:896][672]LogModuleManager: Shutting down and abandoning module MeshUtilities (162)
[2017.11.05-21.15.59:896][672]LogModuleManager: Shutting down and abandoning module MeshMergeUtilities (161)
[2017.11.05-21.15.59:896][672]LogModuleManager: Shutting down and abandoning module MeshReductionInterface (160)
[2017.11.05-21.15.59:896][672]LogModuleManager: Shutting down and abandoning module SimplygonSwarm (159)
[2017.11.05-21.15.59:896][672]LogModuleManager: Shutting down and abandoning module SimplygonMeshReduction (157)
[2017.11.05-21.15.59:896][672]LogModuleManager: Shutting down and abandoning module QuadricMeshReduction (155)
[2017.11.05-21.15.59:896][672]LogModuleManager: Shutting down and abandoning module MaterialBaking (151)
[2017.11.05-21.15.59:896][672]LogModuleManager: Shutting down and abandoning module LevelSequence (148)
[2017.11.05-21.15.59:896][672]LogModuleManager: Shutting down and abandoning module DirectoryWatcher (146)
[2017.11.05-21.15.59:897][672]LogModuleManager: Shutting down and abandoning module DerivedDataCache (144)
[2017.11.05-21.15.59:954][672]LogDerivedDataCache: Shutdown
[2017.11.05-21.15.59:954][672]LogModuleManager: Shutting down and abandoning module TargetPlatform (142)
[2017.11.05-21.15.59:954][672]LogModuleManager: Shutting down and abandoning module VulkanShaderFormat (141)
[2017.11.05-21.15.59:954][672]LogModuleManager: Shutting down and abandoning module ShaderFormatVectorVM (139)
[2017.11.05-21.15.59:954][672]LogModuleManager: Shutting down and abandoning module ShaderFormatOpenGL (137)
[2017.11.05-21.15.59:954][672]LogModuleManager: Shutting down and abandoning module ShaderFormatD3D (135)
[2017.11.05-21.15.59:954][672]LogModuleManager: Shutting down and abandoning module MetalShaderFormat (133)
[2017.11.05-21.15.59:954][672]LogModuleManager: Shutting down and abandoning module TextureFormatUncompressed (131)
[2017.11.05-21.15.59:954][672]LogModuleManager: Shutting down and abandoning module TextureFormatPVR (129)
[2017.11.05-21.15.59:954][672]LogModuleManager: Shutting down and abandoning module TextureFormatDXT (127)
[2017.11.05-21.15.59:954][672]LogModuleManager: Shutting down and abandoning module TextureFormatIntelISPCTexComp (125)
[2017.11.05-21.15.59:954][672]LogModuleManager: Shutting down and abandoning module TextureFormatASTC (123)
[2017.11.05-21.15.59:954][672]LogModuleManager: Shutting down and abandoning module ImageWrapper (122)
[2017.11.05-21.15.59:954][672]LogModuleManager: Shutting down and abandoning module TextureFormatAndroid (119)
[2017.11.05-21.15.59:955][672]LogModuleManager: Shutting down and abandoning module AudioFormatOpus (117)
[2017.11.05-21.15.59:955][672]LogModuleManager: Shutting down and abandoning module AudioFormatOgg (115)
[2017.11.05-21.15.59:955][672]LogModuleManager: Shutting down and abandoning module AudioFormatADPCM (113)
[2017.11.05-21.15.59:955][672]LogModuleManager: Shutting down and abandoning module LinuxTargetPlatform (111)
[2017.11.05-21.15.59:955][672]LogModuleManager: Shutting down and abandoning module LinuxServerTargetPlatform (109)
[2017.11.05-21.15.59:955][672]LogModuleManager: Shutting down and abandoning module LinuxNoEditorTargetPlatform (107)
[2017.11.05-21.15.59:955][672]LogModuleManager: Shutting down and abandoning module LinuxClientTargetPlatform (105)
[2017.11.05-21.15.59:955][672]LogModuleManager: Shutting down and abandoning module TVOSTargetPlatform (103)
[2017.11.05-21.15.59:955][672]LogModuleManager: Shutting down and abandoning module Messaging (101)
[2017.11.05-21.15.59:955][672]LogModuleManager: Shutting down and abandoning module IOSTargetPlatform (99)
[2017.11.05-21.15.59:955][672]LogModuleManager: Shutting down and abandoning module HTML5TargetPlatform (97)
[2017.11.05-21.15.59:955][672]LogModuleManager: Shutting down and abandoning module Android_PVRTCTargetPlatform (95)
[2017.11.05-21.15.59:955][672]LogModuleManager: Shutting down and abandoning module Android_MultiTargetPlatform (93)
[2017.11.05-21.15.59:955][672]LogModuleManager: Shutting down and abandoning module Android_ETC2TargetPlatform (91)
[2017.11.05-21.15.59:955][672]LogModuleManager: Shutting down and abandoning module Android_ETC1TargetPlatform (89)
[2017.11.05-21.15.59:955][672]LogModuleManager: Shutting down and abandoning module Android_DXTTargetPlatform (87)
[2017.11.05-21.15.59:955][672]LogModuleManager: Shutting down and abandoning module Android_ATCTargetPlatform (85)
[2017.11.05-21.15.59:955][672]LogModuleManager: Shutting down and abandoning module Android_ASTCTargetPlatform (83)
[2017.11.05-21.15.59:955][672]LogModuleManager: Shutting down and abandoning module AndroidTargetPlatform (81)
[2017.11.05-21.15.59:955][672]LogModuleManager: Shutting down and abandoning module WindowsTargetPlatform (79)
[2017.11.05-21.15.59:955][672]LogModuleManager: Shutting down and abandoning module WindowsServerTargetPlatform (77)
[2017.11.05-21.15.59:955][672]LogModuleManager: Shutting down and abandoning module WindowsNoEditorTargetPlatform (75)
[2017.11.05-21.15.59:955][672]LogModuleManager: Shutting down and abandoning module WindowsClientTargetPlatform (73)
[2017.11.05-21.15.59:955][672]LogModuleManager: Shutting down and abandoning module MacTargetPlatform (71)
[2017.11.05-21.15.59:955][672]LogModuleManager: Shutting down and abandoning module MacServerTargetPlatform (69)
[2017.11.05-21.15.59:955][672]LogModuleManager: Shutting down and abandoning module MacNoEditorTargetPlatform (67)
[2017.11.05-21.15.59:955][672]LogModuleManager: Shutting down and abandoning module MacClientTargetPlatform (65)
[2017.11.05-21.15.59:955][672]LogModuleManager: Shutting down and abandoning module AllDesktopTargetPlatform (63)
[2017.11.05-21.15.59:955][672]LogModuleManager: Shutting down and abandoning module InputCore (60)
[2017.11.05-21.15.59:955][672]LogModuleManager: Shutting down and abandoning module Settings (58)
[2017.11.05-21.15.59:955][672]LogModuleManager: Shutting down and abandoning module PhysXCooking (56)
[2017.11.05-21.15.59:955][672]LogModuleManager: Shutting down and abandoning module SteamVR (54)
[2017.11.05-21.15.59:955][672]LogModuleManager: Shutting down and abandoning module OculusHMD (52)
[2017.11.05-21.15.59:955][672]LogModuleManager: Shutting down and abandoning module ExampleDeviceProfileSelector (50)
[2017.11.05-21.15.59:955][672]LogModuleManager: Shutting down and abandoning module OnlineBlueprintSupport (48)
[2017.11.05-21.15.59:955][672]LogModuleManager: Shutting down and abandoning module OnlineSubsystem (44)
[2017.11.05-21.15.59:955][672]LogOnline: Display: Unloading online subsystem: NULL
[2017.11.05-21.15.59:955][672]LogModuleManager: Shutting down and abandoning module XMPP (43)
[2017.11.05-21.15.59:955][672]LogModuleManager: Shutting down and abandoning module HTTP (41)
[2017.11.05-21.15.59:955][672]LogHttp: Display: Http module shutting down, but needs to wait on 1 outstanding Http requests:
[2017.11.05-21.15.59:955][672]LogHttp: Display: 	verb=[POST] url=[https://datarouter.ol.epicgames.com/datarouter/api/v1/public/data?SessionID=%7B12368C66-45E3-4C43-BEAE-0394F8AEDB7E%7D&AppID=UEEditor.Rocket.Release&AppVersion=4.17.2-3658906%2B%2B%2BUE4%2BRelease-4.17&UserID=87b4818744dd0bfd40c7b0adc98a6717%7C3dec5fcebd1946c4b7e3c68408547e26%7C36c4b7ba-c032-4989-b49c-ce1d7e4016d5&AppEnvironment=datacollector-binary&UploadType=eteventstream] status=Processing
[2017.11.05-21.15.59:966][672]LogModuleManager: Shutting down and abandoning module SSL (40)
[2017.11.05-21.15.59:967][672]LogModuleManager: Shutting down and abandoning module AnimationModifiers (36)
[2017.11.05-21.15.59:968][672]LogModuleManager: Shutting down and abandoning module PropertyEditor (35)
[2017.11.05-21.15.59:968][672]LogModuleManager: Shutting down and abandoning module AudioEditor (32)
[2017.11.05-21.15.59:968][672]LogModuleManager: Shutting down and abandoning module TextureCompressor (30)
[2017.11.05-21.15.59:968][672]LogModuleManager: Shutting down and abandoning module ShaderCore (28)
[2017.11.05-21.15.59:968][672]LogModuleManager: Shutting down and abandoning module Landscape (26)
[2017.11.05-21.15.59:968][672]LogModuleManager: Shutting down and abandoning module SlateRHIRenderer (24)
[2017.11.05-21.15.59:969][672]LogModuleManager: Shutting down and abandoning module OpenGLDrv (22)
[2017.11.05-21.15.59:969][672]LogModuleManager: Shutting down and abandoning module D3D11RHI (20)
[2017.11.05-21.15.59:969][672]LogModuleManager: Shutting down and abandoning module AnimGraphRuntime (18)
[2017.11.05-21.15.59:969][672]LogModuleManager: Shutting down and abandoning module Renderer (16)
[2017.11.05-21.15.59:969][672]LogModuleManager: Shutting down and abandoning module Engine (14)
[2017.11.05-21.15.59:969][672]LogModuleManager: Shutting down and abandoning module CoreUObject (12)
[2017.11.05-21.15.59:969][672]LogModuleManager: Shutting down and abandoning module NetworkFile (10)
[2017.11.05-21.15.59:969][672]LogModuleManager: Shutting down and abandoning module CookedIterativeFile (8)
[2017.11.05-21.15.59:969][672]LogModuleManager: Shutting down and abandoning module StreamingFile (6)
[2017.11.05-21.15.59:969][672]LogModuleManager: Shutting down and abandoning module SandboxFile (4)
[2017.11.05-21.15.59:969][672]LogModuleManager: Shutting down and abandoning module PakFile (2)
[2017.11.05-21.15.59:971][672]LogExit: Exiting.
[2017.11.05-21.15.59:983][672]Log file closed, 11/05/17 22:15:59
