Log file open, 12/09/17 12:37:58
LogWindows: Failed to load 'aqProf.dll' (GetLastError=126)
LogWindows: File 'aqProf.dll' does not exist
LogWindows: Failed to load 'VtuneApi.dll' (GetLastError=126)
LogWindows: File 'VtuneApi.dll' does not exist
LogWindows: Failed to load 'VtuneApi32e.dll' (GetLastError=126)
LogWindows: File 'VtuneApi32e.dll' does not exist
LogInit: Display: Running engine for game: JollyRoger
LogPlatformFile: Not using cached read wrapper
LogInit: Display: RandInit(1127726810) SRandInit(1127726810).
LogTaskGraph: Started task graph with 5 named threads and 8 total threads with 3 sets of task threads.
LogStats: Stats thread started at 0.278491
LogD3D11RHI: Aftermath initialized
LogPluginManager: Mounting plugin Paper2D
LogPluginManager: Mounting plugin LightPropagationVolume
LogPluginManager: Mounting plugin CodeLiteSourceCodeAccess
LogPluginManager: Mounting plugin GitSourceControl
LogPluginManager: Mounting plugin KDevelopSourceCodeAccess
LogPluginManager: Mounting plugin NullSourceCodeAccess
LogPluginManager: Mounting plugin PerforceSourceControl
LogPluginManager: Mounting plugin SubversionSourceControl
LogPluginManager: Mounting plugin UObjectPlugin
LogPluginManager: Mounting plugin VisualStudioSourceCodeAccess
LogPluginManager: Mounting plugin XCodeSourceCodeAccess
LogPluginManager: Mounting plugin AssetManagerEditor
LogPluginManager: Mounting plugin AudioCapture
LogPluginManager: Mounting plugin FacialAnimation
LogPluginManager: Mounting plugin GameplayTagsEditor
LogPluginManager: Mounting plugin MobileLauncherProfileWizard
LogPluginManager: Mounting plugin PluginBrowser
LogPluginManager: Mounting plugin SpeedTreeImporter
LogPluginManager: Mounting plugin AlembicImporter
LogPluginManager: Mounting plugin CharacterAI
LogPluginManager: Mounting plugin HTML5Networking
LogPluginManager: Mounting plugin AndroidMedia
LogPluginManager: Mounting plugin AvfMedia
LogPluginManager: Mounting plugin MediaPlayerEditor
LogPluginManager: Mounting plugin WmfMedia
LogPluginManager: Mounting plugin TcpMessaging
LogPluginManager: Mounting plugin UdpMessaging
LogPluginManager: Mounting plugin LevelSequenceEditor
LogPluginManager: Mounting plugin MatineeToLevelSequence
LogPluginManager: Mounting plugin OnlineSubsystemGooglePlay
LogPluginManager: Mounting plugin OnlineSubsystemIOS
LogPluginManager: Mounting plugin OnlineSubsystem
LogPluginManager: Mounting plugin OnlineSubsystemNull
LogPluginManager: Mounting plugin OnlineSubsystemUtils
LogPluginManager: Mounting plugin AndroidDeviceProfileSelector
LogPluginManager: Mounting plugin AndroidMoviePlayer
LogPluginManager: Mounting plugin AndroidPermission
LogPluginManager: Mounting plugin AppleMoviePlayer
LogPluginManager: Mounting plugin ArchVisCharacter
LogPluginManager: Mounting plugin CableComponent
LogPluginManager: Mounting plugin CustomMeshComponent
LogPluginManager: Mounting plugin ExampleDeviceProfileSelector
LogPluginManager: Mounting plugin GoogleCloudMessaging
LogPluginManager: Mounting plugin ImmediatePhysics
LogPluginManager: Mounting plugin IOSDeviceProfileSelector
LogPluginManager: Mounting plugin LinuxDeviceProfileSelector
LogPluginManager: Mounting plugin LocationServicesBPLibrary
LogPluginManager: Mounting plugin MobilePatchingUtils
LogPluginManager: Mounting plugin OculusVR
LogPluginManager: Mounting plugin PhysXVehicles
LogPluginManager: Mounting plugin ProceduralMeshComponent
LogPluginManager: Mounting plugin RuntimePhysXCooking
LogPluginManager: Mounting plugin SteamVR
LogPluginManager: Mounting plugin WindowsMoviePlayer
LogInit: Using libcurl 7.47.1
LogInit:  - built for x86_64-pc-win32
LogInit:  - supports SSL with OpenSSL/1.0.2g
LogInit:  - supports HTTP deflate (compression) using libz 1.2.8
LogInit:  - other features:
LogInit:      CURL_VERSION_SSL
LogInit:      CURL_VERSION_LIBZ
LogInit:      CURL_VERSION_IPV6
LogInit:      CURL_VERSION_ASYNCHDNS
LogInit:      CURL_VERSION_LARGEFILE
LogInit:      CURL_VERSION_IDN
LogInit:  CurlRequestOptions (configurable via config and command line):
LogInit:  - bVerifyPeer = false  - Libcurl will NOT verify peer certificate
LogInit:  - bUseHttpProxy = false  - Libcurl will NOT use HTTP proxy
LogInit:  - bDontReuseConnections = false  - Libcurl will reuse connections
LogInit:  - CertBundlePath = nullptr  - Libcurl will use whatever was configured at build time.
LogInit: Build: ++UE4+Release-4.17-CL-3658906
LogInit: Engine Version: 4.17.2-3658906+++UE4+Release-4.17
LogInit: Compatible Engine Version: 4.17.0-3573198+++UE4+Release-4.17
LogInit: Net CL: 3573198
LogDevObjectVersion: Number of dev versions registered: 16
LogDevObjectVersion:   Dev-Blueprints (B0D832E4-1F89-4F0D-ACCF-7EB736FD4AA2): 10
LogDevObjectVersion:   Dev-Build (E1C64328-A22C-4D53-A36C-8E866417BD8C): 0
LogDevObjectVersion:   Dev-Core (375EC13C-06E4-48FB-B500-84F0262A717E): 2
LogDevObjectVersion:   Dev-Editor (E4B068ED-F494-42E9-A231-DA0B2E46BB41): 20
LogDevObjectVersion:   Dev-Framework (CFFC743F-43B0-4480-9391-14DF171D2073): 28
LogDevObjectVersion:   Dev-Mobile (B02B49B5-BB20-44E9-A304-32B752E40360): 0
LogDevObjectVersion:   Dev-Networking (A4E4105C-59A1-49B5-A7C5-40C4547EDFEE): 0
LogDevObjectVersion:   Dev-Online (39C831C9-5AE6-47DC-9A44-9C173E1C8E7C): 0
LogDevObjectVersion:   Dev-Physics (78F01B33-EBEA-4F98-B9B4-84EACCB95AA2): 0
LogDevObjectVersion:   Dev-Platform (6631380F-2D4D-43E0-8009-CF276956A95A): 0
LogDevObjectVersion:   Dev-Rendering (12F88B9F-8875-4AFC-A67C-D90C383ABD29): 19
LogDevObjectVersion:   Dev-Sequencer (7B5AE74C-D270-4C10-A958-57980B212A5A): 4
LogDevObjectVersion:   Dev-VR (D7296918-1DD6-4BDD-9DE2-64A83CC13884): 0
LogDevObjectVersion:   Dev-LoadTimes (C2A15278-BFE7-4AFE-6C17-90FF531DF755): 1
LogDevObjectVersion:   Private-Geometry (6EACA3D4-40EC-4CC1-B786-8BED09428FC5): 1
LogDevObjectVersion:   Dev-AnimPhys (29E575DD-E0A3-4627-9D10-D276232CDCEA): 7
LogInit: Compiled (64-bit): Sep 22 2017 13:47:16
LogInit: Compiled with Visual C++: 19.00.24215.01
LogInit: Build Configuration: Development
LogInit: Branch Name: ++UE4+Release-4.17
LogInit: Command line: 
LogInit: Base directory: C:/Program Files/Epic Games/UE_4.17/Engine/Binaries/Win64/
LogInit: Installed Engine Build: 1
LogInit: Presizing for max 8388607 objects, including 0 objects not considered by GC, pre-allocating 0 bytes for permanent pool.
LogInit: Object subsystem initialized
[2017.12.09-11.38.01:366][  0]LogInit: Selected Device Profile: [Windows]
[2017.12.09-11.38.01:366][  0]LogInit: Applying CVar settings loaded from the selected device profile: [Windows]
[2017.12.09-11.38.01:452][  0]LogInit: Computer: C17-PC
[2017.12.09-11.38.01:452][  0]LogInit: User: C17
[2017.12.09-11.38.01:452][  0]LogInit: CPU Page size=4096, Cores=2
[2017.12.09-11.38.01:452][  0]LogInit: High frequency timer resolution =2.435820 MHz
[2017.12.09-11.38.01:453][  0]LogMemory: Memory total: Physical=7.9GB (8GB approx)
[2017.12.09-11.38.01:453][  0]LogMemory: Platform Memory Stats for Windows
[2017.12.09-11.38.01:453][  0]LogMemory: Process Physical Memory: 279.47 MB used, 279.47 MB peak
[2017.12.09-11.38.01:453][  0]LogMemory: Process Virtual Memory: 278.57 MB used, 278.57 MB peak
[2017.12.09-11.38.01:453][  0]LogMemory: Physical Memory: 4059.34 MB used,  4053.32 MB free, 8112.66 MB total
[2017.12.09-11.38.01:453][  0]LogMemory: Virtual Memory: 650.18 MB used,  4053.32 MB free, 8388608.00 MB total
[2017.12.09-11.38.01:744][  0]LogInit: Using OS detected language (fr-FR).
[2017.12.09-11.38.01:744][  0]LogInit: Using OS detected locale (fr-FR).
[2017.12.09-11.38.01:748][  0]LogTextLocalizationManager: No localization for 'fr-FR' exists, so 'en' will be used for the language.
[2017.12.09-11.38.01:748][  0]LogTextLocalizationManager: No localization for 'fr-FR' exists, so 'en' will be used for the locale.
[2017.12.09-11.38.02:553][  0]LogD3D11RHI: D3D11 adapters:
[2017.12.09-11.38.02:585][  0]LogD3D11RHI:    0. 'NVIDIA GeForce GT 750M' (Feature Level 11_0)
[2017.12.09-11.38.02:585][  0]LogD3D11RHI:       1992/0/3800 MB DedicatedVideo/DedicatedSystem/SharedSystem, Outputs:1, VendorId:0x10de
[2017.12.09-11.38.02:610][  0]LogD3D11RHI:    1. 'NVIDIA GeForce GT 750M' (Feature Level 11_0)
[2017.12.09-11.38.02:610][  0]LogD3D11RHI:       1992/0/3800 MB DedicatedVideo/DedicatedSystem/SharedSystem, Outputs:0, VendorId:0x10de
[2017.12.09-11.38.02:610][  0]LogD3D11RHI: Chosen D3D11 Adapter: 0
[2017.12.09-11.38.02:617][  0]LogD3D11RHI: Creating new Direct3DDevice
[2017.12.09-11.38.02:617][  0]LogD3D11RHI:     GPU DeviceId: 0xfe4 (for the marketing name, search the web for "GPU Device Id")
[2017.12.09-11.38.02:617][  0]LogWindows: EnumDisplayDevices:
[2017.12.09-11.38.02:617][  0]LogWindows:    0. 'Intel(R) HD Graphics 4600' (P:1 D:1)
[2017.12.09-11.38.02:617][  0]LogWindows:    1. 'Intel(R) HD Graphics 4600' (P:0 D:0)
[2017.12.09-11.38.02:617][  0]LogWindows:    2. 'Intel(R) HD Graphics 4600' (P:0 D:0)
[2017.12.09-11.38.02:617][  0]LogWindows:    3. 'NVIDIA GeForce GT 750M' (P:0 D:0)
[2017.12.09-11.38.02:617][  0]LogWindows:    4. 'RDPDD Chained DD' (P:0 D:0)
[2017.12.09-11.38.02:618][  0]LogWindows:    5. 'RDP Encoder Mirror Driver' (P:0 D:0)
[2017.12.09-11.38.02:618][  0]LogWindows:    6. 'RDP Reflector Display Driver' (P:0 D:0)
[2017.12.09-11.38.02:618][  0]LogWindows: DebugString: PrimaryIsNotTheChoosenAdapter PrimaryIsNotTheChoosenAdapter PrimaryIsNotTheChoosenAdapter GetVideoDriverDetailsInvalid PrimaryIsNotTheChoosenAdapter GetVideoDriverDetailsInvalid PrimaryIsNotTheChoosenAdapter GetVideoDriverDetailsInvalid PrimaryIsNotTheChoosenAdapter 
[2017.12.09-11.38.02:618][  0]LogD3D11RHI:     Adapter Name: NVIDIA GeForce GT 750M
[2017.12.09-11.38.02:618][  0]LogD3D11RHI:   Driver Version: 388.00 (internal:23.21.13.8800, unified:388.00)
[2017.12.09-11.38.02:618][  0]LogD3D11RHI:      Driver Date: 10-12-2017
[2017.12.09-11.38.02:618][  0]LogRHI: Texture pool is 1361 MB (70% of 1945 MB)
[2017.12.09-11.38.02:639][  0]LogD3D11RHI: Async texture creation enabled
[2017.12.09-11.38.02:656][  0]LogD3D11RHI: GPU Timing Frequency: 1000.000000 (Debug: 2 2)
[2017.12.09-11.38.02:657][  0]LogShaderCompilers: Guid format shader working directory is -20 characters bigger than the processId version (../../../../../../Users/C17/Documents/Unreal Projects/JollyRoger/Intermediate/Shaders/WorkingDirectory/6184/).
[2017.12.09-11.38.02:657][  0]LogShaderCompilers: Cleaned the shader compiler working directory 'C:/Users/C17/AppData/Local/Temp/UnrealShaderWorkingDir/79D2DF054588E770AB487BAAE188F91B/'.
[2017.12.09-11.38.02:657][  0]LogShaderCompilers: Display: Using Local Shader Compiler.
[2017.12.09-11.38.03:762][  0]LogTemp: Display: Loaded TP AllDesktopTargetPlatform
[2017.12.09-11.38.03:833][  0]LogTemp: Display: Loaded TP MacClientTargetPlatform
[2017.12.09-11.38.03:886][  0]LogTemp: Display: Loaded TP MacNoEditorTargetPlatform
[2017.12.09-11.38.03:949][  0]LogTemp: Display: Loaded TP MacServerTargetPlatform
[2017.12.09-11.38.03:997][  0]LogTemp: Display: Loaded TP MacTargetPlatform
[2017.12.09-11.38.04:097][  0]LogTemp: Display: Loaded TP WindowsClientTargetPlatform
[2017.12.09-11.38.04:146][  0]LogTemp: Display: Loaded TP WindowsNoEditorTargetPlatform
[2017.12.09-11.38.04:199][  0]LogTemp: Display: Loaded TP WindowsServerTargetPlatform
[2017.12.09-11.38.04:258][  0]LogTemp: Display: Loaded TP WindowsTargetPlatform
[2017.12.09-11.38.04:306][  0]LogTemp: Display: Loaded TP AndroidTargetPlatform
[2017.12.09-11.38.04:356][  0]LogTemp: Display: Loaded TP Android_ASTCTargetPlatform
[2017.12.09-11.38.04:405][  0]LogTemp: Display: Loaded TP Android_ATCTargetPlatform
[2017.12.09-11.38.04:459][  0]LogTemp: Display: Loaded TP Android_DXTTargetPlatform
[2017.12.09-11.38.04:510][  0]LogTemp: Display: Loaded TP Android_ETC1TargetPlatform
[2017.12.09-11.38.04:574][  0]LogTemp: Display: Loaded TP Android_ETC2TargetPlatform
[2017.12.09-11.38.04:724][  0]LogTemp: Display: Loaded TP Android_MultiTargetPlatform
[2017.12.09-11.38.04:724][  0]LogTemp: Display: Loaded TP Android_PVRTCTargetPlatform
[2017.12.09-11.38.04:758][  0]LogTemp: Display: Loaded TP HTML5TargetPlatform
[2017.12.09-11.38.04:844][  0]LogTemp: Display: Loaded TP IOSTargetPlatform
[2017.12.09-11.38.04:871][  0]LogTemp: Display: Loaded TP TVOSTargetPlatform
[2017.12.09-11.38.04:917][  0]LogTemp: Display: Loaded TP LinuxClientTargetPlatform
[2017.12.09-11.38.04:967][  0]LogTemp: Display: Loaded TP LinuxNoEditorTargetPlatform
[2017.12.09-11.38.05:017][  0]LogTemp: Display: Loaded TP LinuxServerTargetPlatform
[2017.12.09-11.38.05:069][  0]LogTemp: Display: Loaded TP LinuxTargetPlatform
[2017.12.09-11.38.05:069][  0]LogTargetPlatformManager: Display: Building Assets For Windows
[2017.12.09-11.38.05:493][  0]LogDerivedDataCache: Display: Max Cache Size: 512 MB
[2017.12.09-11.38.05:619][  0]LogDerivedDataCache: Loaded boot cache 0.13s 102MB C:/Users/C17/AppData/Local/UnrealEngine/4.17/DerivedDataCache/Boot.ddc.
[2017.12.09-11.38.05:619][  0]LogDerivedDataCache: Display: Loaded Boot cache: C:/Users/C17/AppData/Local/UnrealEngine/4.17/DerivedDataCache/Boot.ddc
[2017.12.09-11.38.05:619][  0]LogDerivedDataCache: FDerivedDataBackendGraph:  Pak pak cache file ../../../../../../Users/C17/Documents/Unreal Projects/JollyRoger/DerivedDataCache/DDC.ddp not found, will not use a pak cache.
[2017.12.09-11.38.05:619][  0]LogDerivedDataCache: Unable to find inner node Pak for hierarchical cache Hierarchy.
[2017.12.09-11.38.05:619][  0]LogDerivedDataCache: FDerivedDataBackendGraph:  CompressedPak pak cache file ../../../../../../Users/C17/Documents/Unreal Projects/JollyRoger/DerivedDataCache/Compressed.ddp not found, will not use a pak cache.
[2017.12.09-11.38.05:619][  0]LogDerivedDataCache: Unable to find inner node CompressedPak for hierarchical cache Hierarchy.
[2017.12.09-11.38.05:643][  0]LogDerivedDataCache: Display: Pak cache opened for reading ../../../Engine/DerivedDataCache/Compressed.ddp.
[2017.12.09-11.38.05:654][  0]LogDerivedDataCache: Using Local data cache path C:/Users/C17/AppData/Local/UnrealEngine/Common/DerivedDataCache: Writable
[2017.12.09-11.38.05:672][  0]LogMaterial: Verifying Global Shaders for PCD3D_SM5
[2017.12.09-11.38.05:672][  0]LogSlate: Using Freetype 2.6.0
[2017.12.09-11.38.05:673][  0]LogSlate: SlateFontCache - WITH_FREETYPE: 1, WITH_HARFBUZZ: 1
[2017.12.09-11.38.05:673][  0]LogSlate: SlateFontCache - WITH_FREETYPE: 1, WITH_HARFBUZZ: 1
[2017.12.09-11.38.06:757][  0]LogAssetRegistry: FAssetRegistry took 0.0262 seconds to start up
[2017.12.09-11.38.06:974][  0]LogInit: Selected Device Profile: [Windows]
[2017.12.09-11.38.06:978][  0]LogContentStreaming: Texture pool size is 0.00 MB
[2017.12.09-11.38.07:635][  0]LogSimplygon: Simplygon DLL not present - disabling.
[2017.12.09-11.38.07:755][  0]LogMeshReduction: Using SimplygonSwarm for distributed automatic mesh merging
[2017.12.09-11.38.07:755][  0]LogMeshReduction: Using QuadricMeshReduction for automatic static mesh reduction
[2017.12.09-11.38.07:755][  0]LogMeshReduction: No automatic skeletal mesh reduction module available
[2017.12.09-11.38.07:756][  0]LogMeshReduction: No automatic mesh merging module available
[2017.12.09-11.38.07:756][  0]LogMeshMerging: No automatic mesh merging module available
[2017.12.09-11.38.08:212][  0]LogNetVersion: JollyRoger , NetCL: 3573198, EngineNetVer: 2, GameNetVer: 0 (Checksum: 541821768)
[2017.12.09-11.38.08:615][  0]LogPackageLocalizationCache: Processed 5 localized package path(s) for 1 prioritized culture(s) in 0.117468 seconds
[2017.12.09-11.38.08:622][  0]LogUObjectArray: 35825 objects as part of root set at end of initial load.
[2017.12.09-11.38.08:622][  0]LogUObjectAllocator: 7529104 out of 0 bytes used by permanent object pool.
[2017.12.09-11.38.08:622][  0]LogUObjectArray: CloseDisregardForGC: 0/0 objects in disregard for GC pool
[2017.12.09-11.38.08:669][  0]LogInit: WinSock: version 1.1 (2.2), MaxSocks=32767, MaxUdp=65467
[2017.12.09-11.38.11:411][  0]LogTcpMessaging: Initializing TcpMessaging bridge
[2017.12.09-11.38.11:449][  0]LogUdpMessaging: Initializing bridge on interface 0.0.0.0:0 to multicast group 230.0.0.1:6666.
[2017.12.09-11.38.12:152][  0]LogMaterial: Uniform references updated for custom material expression Custom.
[2017.12.09-11.38.12:570][  0]SourceControl: Source control is disabled
[2017.12.09-11.38.12:570][  0]SourceControl: Source control is disabled
[2017.12.09-11.38.12:615][  0]SourceControl: Source control is disabled
[2017.12.09-11.38.12:657][  0]SourceControl: Source control is disabled
[2017.12.09-11.38.13:226][  0]LogAndroidPermission: UAndroidPermissionCallbackProxy::GetInstance
[2017.12.09-11.38.13:464][  0]LogOcInput: OculusInput pre-init called
[2017.12.09-11.38.13:765][  0]LogEngine: Initializing Engine...
[2017.12.09-11.38.13:767][  0]LogHMD: Failed to initialize OpenVR with code 110
[2017.12.09-11.38.14:045][  0]LogStats: UGameplayTagsManager::ConstructGameplayTagTree: Construct from data asset -  0.000 s
[2017.12.09-11.38.14:045][  0]LogStats: UGameplayTagsManager::ConstructGameplayTagTree: GameplayTagTreeChangedEvent.Broadcast -  0.000 s
[2017.12.09-11.38.14:166][  0]LogAIModule: Creating AISystem for world Untitled
[2017.12.09-11.38.14:177][  0]LogInit: XAudio2 using 'Haut-parleurs (Realtek High Definition Audio)' : 2 channels at 48 kHz using 32 bits per sample (channel mask 0x3)
[2017.12.09-11.38.14:213][  0]LogInit: FAudioDevice initialized.
[2017.12.09-11.38.14:656][  0]LogDerivedDataCache: Saved boot cache 0.44s 102MB C:/Users/C17/AppData/Local/UnrealEngine/4.17/DerivedDataCache/Boot.ddc.
[2017.12.09-11.38.14:675][  0]LogInit: Texture streaming: Enabled
[2017.12.09-11.38.14:775][  0]LogEngineSessionManager: EngineSessionManager initialized
[2017.12.09-11.38.14:997][  0]LogInit: Transaction tracking system initialized
[2017.12.09-11.38.15:321][  0]BlueprintLog: New page: Editor Load
[2017.12.09-11.38.16:211][  0]LocalizationService: Localization service is disabled
[2017.12.09-11.38.17:305][  0]LogConsoleResponse: Display: 
[2017.12.09-11.38.18:505][  0]LogCook: Display: Max memory allowance for cook 16384mb min free memory 0mb
[2017.12.09-11.38.18:505][  0]LogCook: Display: Mobile HDR setting 1
[2017.12.09-11.38.18:505][  0]LogGameplayTags: Display: UGameplayTagsManager::DoneAddingNativeTags. DelegateIsBound: 0
[2017.12.09-11.38.19:452][  0]LogFileCache: Scanning file cache for directory 'C:/Users/C17/Documents/Unreal Projects/JollyRoger/Content/' took 0.04s
[2017.12.09-11.38.19:505][  0]SourceControl: Source control is disabled
[2017.12.09-11.38.19:956][  0]LogSlate: Took 0.000269 seconds to synchronously load lazily loaded font '../../../Engine/Content/Slate/Fonts/Roboto-Regular.ttf' (155K)
[2017.12.09-11.38.24:883][  0]LogWindowsTextInputMethodSystem: Display: IME system now deactivated.
[2017.12.09-11.38.27:757][  0]LogWindowsTextInputMethodSystem: Display: IME system now deactivated.
[2017.12.09-11.38.28:938][  0]Cmd: MAP LOAD FILE="../../../../../../Users/C17/Documents/Unreal Projects/JollyRoger/Content/Maps/Level_001.umap" TEMPLATE=0 SHOWPROGRESS=1 FEATURELEVEL=3
[2017.12.09-11.38.28:938][  0]LightingResults: New page: Lighting Build
[2017.12.09-11.38.28:973][  0]MapCheck: New page: Map Check
[2017.12.09-11.38.28:973][  0]LightingResults: New page: Lighting Build
[2017.12.09-11.38.35:759][  0]LogAIModule: Creating AISystem for world Level_001
[2017.12.09-11.38.35:893][  0]LogEditorServer: Finished looking for orphan Actors (0.000 secs)
[2017.12.09-11.38.35:916][  0]Cmd: MAP CHECKDEP NOCLEARLOG
[2017.12.09-11.38.35:978][  0]MapCheck: Map check complete: 0 Error(s), 0 Warning(s), took 62.334ms to complete.
[2017.12.09-11.38.35:978][  0]LogFileHelpers: Loading map 'Level_001' took 7.041
[2017.12.09-11.38.37:758][  0]LogStats: Warning: MetaData mismatch. Did you assign a stat to two groups? New //STATGROUP_Threads//SplashScreenThread///Thread_3c8_0///####STATCAT_Advanced#### old //STATGROUP_Threads//SplashScreenThread///Thread_1104_0///####STATCAT_Advanced####
[2017.12.09-11.38.37:758][  0]LogCollectionManager: Loaded 0 collections in 0.039636 seconds
[2017.12.09-11.38.38:074][  0]LogFileCache: Scanning file cache for directory 'C:/Users/C17/Documents/Unreal Projects/JollyRoger/Saved/Collections/' took 0.01s
[2017.12.09-11.38.38:074][  0]LogFileCache: Scanning file cache for directory 'C:/Users/C17/Documents/Unreal Projects/JollyRoger/Content/Developers/C17/Collections/' took 0.01s
[2017.12.09-11.38.38:074][  0]LogFileCache: Scanning file cache for directory 'C:/Users/C17/Documents/Unreal Projects/JollyRoger/Content/Collections/' took 0.00s
[2017.12.09-11.38.38:074][  0]LogCollectionManager: Rebuilt the GUID cache for 0 collections in 0.000001 seconds
[2017.12.09-11.38.38:118][  0]LogContentBrowser: Native class hierarchy populated in 0.0418 seconds. Added 2388 classes and 502 folders.
[2017.12.09-11.38.38:346][  0]LogContentBrowser: Native class hierarchy updated for 'WidgetCarousel' in 0.0442 seconds. Added 0 classes and 0 folders.
[2017.12.09-11.38.40:469][  0]LogContentBrowser: Native class hierarchy updated for 'AddContentDialog' in 0.0013 seconds. Added 0 classes and 0 folders.
[2017.12.09-11.38.41:368][  0]LogContentBrowser: Native class hierarchy updated for 'SceneOutliner' in 0.0014 seconds. Added 1 classes and 2 folders.
[2017.12.09-11.38.45:587][  0]LogSlate: Took 0.000258 seconds to synchronously load lazily loaded font '../../../Engine/Content/Slate/Fonts/Roboto-Bold.ttf' (160K)
[2017.12.09-11.38.45:665][  0]LogSlate: Took 0.011281 seconds to synchronously load lazily loaded font '../../../Engine/Content/Editor/Slate/Fonts/FontAwesome.ttf' (139K)
[2017.12.09-11.38.46:287][  0]LogRenderer: Reallocating scene render targets to support 1212x576 Format 9 NumSamples 1 (Frame:1).
[2017.12.09-11.38.47:717][  0]LogContentBrowser: Native class hierarchy updated for 'HierarchicalLODOutliner' in 0.0012 seconds. Added 1 classes and 2 folders.
[2017.12.09-11.38.47:717][  0]LogLoad: (Engine Initialization) Total time: 53.48 seconds
[2017.12.09-11.38.47:717][  0]LogLoad: (Engine Initialization) Total Blueprint compile time: 0.00 seconds
[2017.12.09-11.38.47:717][  0]LogExternalProfiler: Found external profiler: VSPerf
[2017.12.09-11.38.47:717][  0]LogExternalProfiler: Using external profiler: VSPerf
[2017.12.09-11.38.47:774][  0]LogContentStreaming: Texture pool size now 600 MB
[2017.12.09-11.38.48:096][  0]LogSlate: Took 0.040663 seconds to synchronously load lazily loaded font '../../../Engine/Content/Slate/Fonts/Roboto-Light.ttf' (159K)
[2017.12.09-11.38.48:157][  1]LogAssetRegistry: Asset discovery search completed in 41.4203 seconds
[2017.12.09-11.38.48:161][  1]LogCollectionManager: Rebuilt the object cache for 0 collections in 0.000001 seconds (found 0 objects)
[2017.12.09-11.38.48:161][  1]LogCollectionManager: Fixed up redirectors for 0 collections in 0.000090 seconds (updated 0 objects)
[2017.12.09-11.38.48:791][ 14]LogSlate: Took 0.000168 seconds to synchronously load lazily loaded font '../../../Engine/Content/Slate/Fonts/Roboto-Light.ttf' (159K)
[2017.12.09-11.38.56:193][339]LogTemp: Repeating last play command: Selected Viewport
[2017.12.09-11.38.56:691][339]LogBlueprintUserMessages: Early PlayInEditor Detection: Level '/Game/Maps/Level_001.Level_001:PersistentLevel' has LevelScriptBlueprint '/Game/Maps/Level_001.Level_001:PersistentLevel.Level_001' with GeneratedClass '/Game/Maps/Level_001.Level_001_C' with ClassGeneratedBy '/Game/Maps/Level_001.Level_001:PersistentLevel.Level_001'
[2017.12.09-11.38.56:691][339]LogPlayLevel: PlayLevel: No blueprints needed recompiling
[2017.12.09-11.38.56:770][339]PIE: New page: PIE session: Level_001 (Dec 9, 2017, 1:38:56 PM)
[2017.12.09-11.38.56:770][339]LogPlayLevel: Creating play world package: /Game/Maps/UEDPIE_0_Level_001
[2017.12.09-11.38.56:785][339]LogPlayLevel: PIE: StaticDuplicateObject took: (0.014372s)
[2017.12.09-11.38.56:785][339]LogAIModule: Creating AISystem for world Level_001
[2017.12.09-11.38.56:786][339]LogPlayLevel: PIE: World Init took: (0.001003s)
[2017.12.09-11.38.56:786][339]LogPlayLevel: PIE: Created PIE world by copying editor world from /Game/Maps/Level_001.Level_001 to /Game/Maps/UEDPIE_0_Level_001.Level_001 (0.015745s)
[2017.12.09-11.38.56:807][339]LogInit: XAudio2 using 'Haut-parleurs (Realtek High Definition Audio)' : 2 channels at 48 kHz using 32 bits per sample (channel mask 0x3)
[2017.12.09-11.38.56:817][339]LogInit: FAudioDevice initialized.
[2017.12.09-11.38.56:909][339]LogLoad: Game class is 'JollyRogerGameModeBase'
[2017.12.09-11.38.56:933][339]LogWorld: Bringing World /Game/Maps/UEDPIE_0_Level_001.Level_001 up for play (max tick rate 0) at 2017.12.09-12.38.56
[2017.12.09-11.38.56:948][339]LogWorld: Bringing up level for play took: 0.016642
[2017.12.09-11.38.57:068][339]LogContentBrowser: Native class hierarchy updated for 'MovieSceneCapture' in 0.0021 seconds. Added 11 classes and 0 folders.
[2017.12.09-11.38.57:088][339]PIE: Play in editor start time for /Game/Maps/UEDPIE_0_Level_001 -0.362
[2017.12.09-11.38.57:089][339]LogBlueprintUserMessages: Late PlayInEditor Detection: Level '/Game/Maps/Level_001.Level_001:PersistentLevel' has LevelScriptBlueprint '/Game/Maps/Level_001.Level_001:PersistentLevel.Level_001' with GeneratedClass '/Game/Maps/Level_001.Level_001_C' with ClassGeneratedBy '/Game/Maps/Level_001.Level_001:PersistentLevel.Level_001'
[2017.12.09-11.39.00:066][433]LogBlueprintUserMessages: Early EndPlayMap Detection: Level '/Game/Maps/Level_001.Level_001:PersistentLevel' has LevelScriptBlueprint '/Game/Maps/Level_001.Level_001:PersistentLevel.Level_001' with GeneratedClass '/Game/Maps/Level_001.Level_001_C' with ClassGeneratedBy '/Game/Maps/Level_001.Level_001:PersistentLevel.Level_001'
[2017.12.09-11.39.00:131][433]LogBlueprintUserMessages: Late EndPlayMap Detection: Level '/Game/Maps/Level_001.Level_001:PersistentLevel' has LevelScriptBlueprint '/Game/Maps/Level_001.Level_001:PersistentLevel.Level_001' with GeneratedClass '/Game/Maps/Level_001.Level_001_C' with ClassGeneratedBy '/Game/Maps/Level_001.Level_001:PersistentLevel.Level_001'
[2017.12.09-11.39.10:937][789]LogEditorViewport: Clicking on Actor (context menu): BP_Ocean_C (BP_Ocean)
[2017.12.09-11.39.18:767][ 51]LogTemp: Repeating last play command: Selected Viewport
[2017.12.09-11.39.18:785][ 51]LogBlueprintUserMessages: Early PlayInEditor Detection: Level '/Game/Maps/Level_001.Level_001:PersistentLevel' has LevelScriptBlueprint '/Game/Maps/Level_001.Level_001:PersistentLevel.Level_001' with GeneratedClass '/Game/Maps/Level_001.Level_001_C' with ClassGeneratedBy '/Game/Maps/Level_001.Level_001:PersistentLevel.Level_001'
[2017.12.09-11.39.18:785][ 51]LogPlayLevel: PlayLevel: No blueprints needed recompiling
[2017.12.09-11.39.18:786][ 51]PIE: New page: PIE session: Level_001 (Dec 9, 2017, 1:39:18 PM)
[2017.12.09-11.39.18:786][ 51]LogPlayLevel: Creating play world package: /Game/Maps/UEDPIE_0_Level_001
[2017.12.09-11.39.18:789][ 51]LogPlayLevel: PIE: StaticDuplicateObject took: (0.003675s)
[2017.12.09-11.39.18:790][ 51]LogAIModule: Creating AISystem for world Level_001
[2017.12.09-11.39.18:790][ 51]LogPlayLevel: PIE: World Init took: (0.000730s)
[2017.12.09-11.39.18:790][ 51]LogPlayLevel: PIE: Created PIE world by copying editor world from /Game/Maps/Level_001.Level_001 to /Game/Maps/UEDPIE_0_Level_001.Level_001 (0.004706s)
[2017.12.09-11.39.18:809][ 51]LogInit: XAudio2 using 'Haut-parleurs (Realtek High Definition Audio)' : 2 channels at 48 kHz using 32 bits per sample (channel mask 0x3)
[2017.12.09-11.39.18:824][ 51]LogInit: FAudioDevice initialized.
[2017.12.09-11.39.18:860][ 51]LogLoad: Game class is 'JollyRogerGameModeBase'
[2017.12.09-11.39.18:862][ 51]LogWorld: Bringing World /Game/Maps/UEDPIE_0_Level_001.Level_001 up for play (max tick rate 0) at 2017.12.09-12.39.18
[2017.12.09-11.39.18:862][ 51]LogWorld: Bringing up level for play took: 0.001909
[2017.12.09-11.39.18:864][ 51]PIE: Play in editor start time for /Game/Maps/UEDPIE_0_Level_001 -0.586
[2017.12.09-11.39.18:864][ 51]LogBlueprintUserMessages: Late PlayInEditor Detection: Level '/Game/Maps/Level_001.Level_001:PersistentLevel' has LevelScriptBlueprint '/Game/Maps/Level_001.Level_001:PersistentLevel.Level_001' with GeneratedClass '/Game/Maps/Level_001.Level_001_C' with ClassGeneratedBy '/Game/Maps/Level_001.Level_001:PersistentLevel.Level_001'
[2017.12.09-11.39.22:195][184]LogBlueprintUserMessages: Early EndPlayMap Detection: Level '/Game/Maps/Level_001.Level_001:PersistentLevel' has LevelScriptBlueprint '/Game/Maps/Level_001.Level_001:PersistentLevel.Level_001' with GeneratedClass '/Game/Maps/Level_001.Level_001_C' with ClassGeneratedBy '/Game/Maps/Level_001.Level_001:PersistentLevel.Level_001'
[2017.12.09-11.39.22:231][184]LogBlueprintUserMessages: Late EndPlayMap Detection: Level '/Game/Maps/Level_001.Level_001:PersistentLevel' has LevelScriptBlueprint '/Game/Maps/Level_001.Level_001:PersistentLevel.Level_001' with GeneratedClass '/Game/Maps/Level_001.Level_001_C' with ClassGeneratedBy '/Game/Maps/Level_001.Level_001:PersistentLevel.Level_001'
[2017.12.09-11.39.27:726][364]Cmd: QUIT_EDITOR
[2017.12.09-11.39.27:759][364]LogExit: Preparing to exit.
[2017.12.09-11.39.28:649][364]LogDirectoryWatcher: A directory notification for 'C:/Users/C17/Documents/Unreal Projects/JollyRoger/Content/' was aborted.
[2017.12.09-11.39.28:702][364]LogExit: Editor shut down
[2017.12.09-11.39.28:705][364]LogExit: Transaction tracking system shut down
[2017.12.09-11.39.28:890][364]LogDirectoryWatcher: A directory notification for '../../../Engine/Content/' was aborted.
[2017.12.09-11.39.28:890][364]LogDirectoryWatcher: A directory notification for '../../../../../../Users/C17/Documents/Unreal Projects/JollyRoger/Content/' was aborted.
[2017.12.09-11.39.28:890][364]LogDirectoryWatcher: A directory notification for '../../../Engine/Plugins/2D/Paper2D/Content/' was aborted.
[2017.12.09-11.39.28:890][364]LogDirectoryWatcher: A directory notification for '../../../Engine/Plugins/Runtime/Oculus/OculusVR/Content/' was aborted.
[2017.12.09-11.39.28:890][364]LogDirectoryWatcher: A directory notification for '../../../Engine/Plugins/Runtime/Steam/SteamVR/Content/' was aborted.
[2017.12.09-11.39.28:978][364]LogExit: Object subsystem successfully closed.
[2017.12.09-11.39.28:996][364]LogD3D11RHI: Shutdown
[2017.12.09-11.39.28:996][364]LogD3D11RHI: CleanupD3DDevice
[2017.12.09-11.39.29:077][364]LogD3D11RHI: ~FD3D11DynamicRHI
[2017.12.09-11.39.29:092][364]LogModuleManager: Shutting down and abandoning module MovieSceneCapture (534)
[2017.12.09-11.39.29:092][364]LogModuleManager: Shutting down and abandoning module HierarchicalLODOutliner (532)
[2017.12.09-11.39.29:092][364]LogModuleManager: Shutting down and abandoning module SceneOutliner (530)
[2017.12.09-11.39.29:092][364]LogModuleManager: Shutting down and abandoning module AddContentDialog (528)
[2017.12.09-11.39.29:093][364]LogDirectoryWatcher: A directory notification for 'C:/Program Files/Epic Games/UE_4.17/FeaturePacks/' was aborted.
[2017.12.09-11.39.29:094][364]LogModuleManager: Shutting down and abandoning module WidgetCarousel (527)
[2017.12.09-11.39.29:094][364]LogModuleManager: Shutting down and abandoning module EditorWidgets (524)
[2017.12.09-11.39.29:094][364]LogModuleManager: Shutting down and abandoning module CollectionManager (522)
[2017.12.09-11.39.29:094][364]LogDirectoryWatcher: A directory notification for 'C:/Users/C17/Documents/Unreal Projects/JollyRoger/Content/Collections/' was aborted.
[2017.12.09-11.39.29:094][364]LogDirectoryWatcher: A directory notification for 'C:/Users/C17/Documents/Unreal Projects/JollyRoger/Content/Developers/C17/Collections/' was aborted.
[2017.12.09-11.39.29:094][364]LogDirectoryWatcher: A directory notification for 'C:/Users/C17/Documents/Unreal Projects/JollyRoger/Saved/Collections/' was aborted.
[2017.12.09-11.39.29:094][364]LogModuleManager: Shutting down and abandoning module StatsViewer (520)
[2017.12.09-11.39.29:095][364]LogModuleManager: Shutting down and abandoning module FoliageEdit (518)
[2017.12.09-11.39.29:095][364]LogModuleManager: Shutting down and abandoning module LandscapeEditor (516)
[2017.12.09-11.39.29:095][364]LogModuleManager: Shutting down and abandoning module MeshPaintMode (514)
[2017.12.09-11.39.29:095][364]LogModuleManager: Shutting down and abandoning module SceneDepthPickerMode (512)
[2017.12.09-11.39.29:095][364]LogModuleManager: Shutting down and abandoning module ActorPickerMode (510)
[2017.12.09-11.39.29:095][364]LogModuleManager: Shutting down and abandoning module GeometryMode (508)
[2017.12.09-11.39.29:095][364]LogModuleManager: Shutting down and abandoning module TextureAlignMode (506)
[2017.12.09-11.39.29:095][364]LogModuleManager: Shutting down and abandoning module BspMode (504)
[2017.12.09-11.39.29:095][364]LogModuleManager: Shutting down and abandoning module PIEPreviewDeviceProfileSelector (502)
[2017.12.09-11.39.29:095][364]LogModuleManager: Shutting down and abandoning module HardwareSurvey (500)
[2017.12.09-11.39.29:095][364]LogModuleManager: Shutting down and abandoning module SequenceRecorderSections (498)
[2017.12.09-11.39.29:095][364]LogModuleManager: Shutting down and abandoning module AutomationWorker (496)
[2017.12.09-11.39.29:095][364]LogModuleManager: Shutting down and abandoning module MatineeToLevelSequence (494)
[2017.12.09-11.39.29:095][364]LogModuleManager: Shutting down and abandoning module LevelSequenceEditor (492)
[2017.12.09-11.39.29:095][364]LogModuleManager: Shutting down and abandoning module PlacementMode (491)
[2017.12.09-11.39.29:095][364]LogModuleManager: Shutting down and abandoning module WmfMediaFactory (488)
[2017.12.09-11.39.29:095][364]LogModuleManager: Shutting down and abandoning module WmfMediaEditor (486)
[2017.12.09-11.39.29:095][364]LogModuleManager: Shutting down and abandoning module AvfMediaFactory (484)
[2017.12.09-11.39.29:095][364]LogModuleManager: Shutting down and abandoning module AvfMediaEditor (482)
[2017.12.09-11.39.29:095][364]LogModuleManager: Shutting down and abandoning module AndroidMediaFactory (480)
[2017.12.09-11.39.29:095][364]LogModuleManager: Shutting down and abandoning module Media (479)
[2017.12.09-11.39.29:095][364]LogModuleManager: Shutting down and abandoning module AndroidMediaEditor (476)
[2017.12.09-11.39.29:095][364]LogModuleManager: Shutting down and abandoning module CharacterAI (474)
[2017.12.09-11.39.29:095][364]LogModuleManager: Shutting down and abandoning module AudioCapture (472)
[2017.12.09-11.39.29:095][364]LogModuleManager: Shutting down and abandoning module SequenceRecorder (471)
[2017.12.09-11.39.29:095][364]LogModuleManager: Shutting down and abandoning module SmartSnapping (468)
[2017.12.09-11.39.29:095][364]LogModuleManager: Shutting down and abandoning module SessionServices (466)
[2017.12.09-11.39.29:095][364]LogModuleManager: Shutting down and abandoning module ViewportSnapping (464)
[2017.12.09-11.39.29:095][364]LogModuleManager: Shutting down and abandoning module ViewportInteraction (462)
[2017.12.09-11.39.29:095][364]LogModuleManager: Shutting down and abandoning module ClothPainter (460)
[2017.12.09-11.39.29:095][364]LogModuleManager: Shutting down and abandoning module LogVisualizer (458)
[2017.12.09-11.39.29:095][364]LogModuleManager: Shutting down and abandoning module IntroTutorials (456)
[2017.12.09-11.39.29:095][364]LogModuleManager: Shutting down and abandoning module GameProjectGeneration (455)
[2017.12.09-11.39.29:096][364]LogModuleManager: Shutting down and abandoning module IOSPlatformEditor (452)
[2017.12.09-11.39.29:096][364]LogModuleManager: Shutting down and abandoning module HTML5PlatformEditor (450)
[2017.12.09-11.39.29:096][364]LogModuleManager: Shutting down and abandoning module AndroidPlatformEditor (448)
[2017.12.09-11.39.29:096][364]LogModuleManager: Shutting down and abandoning module AndroidDeviceDetection (447)
[2017.12.09-11.39.29:563][364]LogModuleManager: Shutting down and abandoning module WindowsPlatformEditor (444)
[2017.12.09-11.39.29:563][364]LogModuleManager: Shutting down and abandoning module IOSRuntimeSettings (442)
[2017.12.09-11.39.29:563][364]LogModuleManager: Shutting down and abandoning module AndroidRuntimeSettings (440)
[2017.12.09-11.39.29:563][364]LogModuleManager: Shutting down and abandoning module InputBindingEditor (438)
[2017.12.09-11.39.29:563][364]LogModuleManager: Shutting down and abandoning module MergeActors (436)
[2017.12.09-11.39.29:563][364]LogModuleManager: Shutting down and abandoning module SizeMap (434)
[2017.12.09-11.39.29:563][364]LogModuleManager: Shutting down and abandoning module TreeMap (432)
[2017.12.09-11.39.29:563][364]LogModuleManager: Shutting down and abandoning module ReferenceViewer (430)
[2017.12.09-11.39.29:563][364]LogModuleManager: Shutting down and abandoning module LocalizationDashboard (428)
[2017.12.09-11.39.29:563][364]LogModuleManager: Shutting down and abandoning module LocalizationService (427)
[2017.12.09-11.39.29:563][364]LogModuleManager: Shutting down and abandoning module HardwareTargeting (424)
[2017.12.09-11.39.29:563][364]LogModuleManager: Shutting down and abandoning module DeviceProfileEditor (422)
[2017.12.09-11.39.29:563][364]LogModuleManager: Shutting down and abandoning module UndoHistory (420)
[2017.12.09-11.39.29:563][364]LogModuleManager: Shutting down and abandoning module XmlParser (418)
[2017.12.09-11.39.29:563][364]LogModuleManager: Shutting down and abandoning module Blutility (416)
[2017.12.09-11.39.29:563][364]LogModuleManager: Shutting down and abandoning module ProjectSettingsViewer (414)
[2017.12.09-11.39.29:563][364]LogModuleManager: Shutting down and abandoning module ProjectTargetPlatformEditor (413)
[2017.12.09-11.39.29:564][364]LogModuleManager: Shutting down and abandoning module EditorSettingsViewer (410)
[2017.12.09-11.39.29:564][364]LogModuleManager: Shutting down and abandoning module SettingsEditor (408)
[2017.12.09-11.39.29:564][364]LogModuleManager: Shutting down and abandoning module ProjectLauncher (406)
[2017.12.09-11.39.29:564][364]LogModuleManager: Shutting down and abandoning module SessionFrontend (404)
[2017.12.09-11.39.29:564][364]LogModuleManager: Shutting down and abandoning module ProfilerClient (402)
[2017.12.09-11.39.29:564][364]LogModuleManager: Shutting down and abandoning module DeviceManager (400)
[2017.12.09-11.39.29:564][364]LogModuleManager: Shutting down and abandoning module TargetDeviceServices (399)
[2017.12.09-11.39.29:614][364]LogModuleManager: Shutting down and abandoning module AutomationController (396)
[2017.12.09-11.39.29:614][364]LogModuleManager: Shutting down and abandoning module AutomationWindow (394)
[2017.12.09-11.39.29:614][364]LogModuleManager: Shutting down and abandoning module Layers (392)
[2017.12.09-11.39.29:614][364]LogModuleManager: Shutting down and abandoning module ComponentVisualizers (390)
[2017.12.09-11.39.29:614][364]LogModuleManager: Shutting down and abandoning module DetailCustomizations (388)
[2017.12.09-11.39.29:614][364]LogModuleManager: Shutting down and abandoning module PackagesDialog (386)
[2017.12.09-11.39.29:614][364]LogModuleManager: Shutting down and abandoning module Persona (384)
[2017.12.09-11.39.29:614][364]LogModuleManager: Shutting down and abandoning module AdvancedPreviewScene (383)
[2017.12.09-11.39.29:614][364]LogModuleManager: Shutting down and abandoning module AnimGraph (381)
[2017.12.09-11.39.29:614][364]LogModuleManager: Shutting down and abandoning module Kismet (378)
[2017.12.09-11.39.29:615][364]LogModuleManager: Shutting down and abandoning module ClassViewer (376)
[2017.12.09-11.39.29:615][364]LogModuleManager: Shutting down and abandoning module Toolbox (374)
[2017.12.09-11.39.29:615][364]LogModuleManager: Shutting down and abandoning module ModuleUI (372)
[2017.12.09-11.39.29:615][364]LogModuleManager: Shutting down and abandoning module MovieSceneTools (370)
[2017.12.09-11.39.29:615][364]LogModuleManager: Shutting down and abandoning module OutputLog (368)
[2017.12.09-11.39.29:615][364]LogModuleManager: Shutting down and abandoning module GammaUI (366)
[2017.12.09-11.39.29:615][364]LogModuleManager: Shutting down and abandoning module Documentation (364)
[2017.12.09-11.39.29:615][364]LogModuleManager: Shutting down and abandoning module MovieSceneTracks (362)
[2017.12.09-11.39.29:615][364]LogModuleManager: Shutting down and abandoning module MovieScene (360)
[2017.12.09-11.39.29:615][364]LogModuleManager: Shutting down and abandoning module Niagara (358)
[2017.12.09-11.39.29:615][364]LogModuleManager: Shutting down and abandoning module NiagaraEditor (357)
[2017.12.09-11.39.29:615][364]LogModuleManager: Shutting down and abandoning module StreamingPauseRendering (354)
[2017.12.09-11.39.29:615][364]LogModuleManager: Shutting down and abandoning module LauncherPlatform (352)
[2017.12.09-11.39.29:615][364]LogModuleManager: Shutting down and abandoning module AnalyticsET (350)
[2017.12.09-11.39.29:615][364]LogModuleManager: Shutting down and abandoning module PortalServices (348)
[2017.12.09-11.39.29:615][364]LogModuleManager: Shutting down and abandoning module PortalRpc (346)
[2017.12.09-11.39.29:615][364]LogModuleManager: Shutting down and abandoning module MessagingRpc (344)
[2017.12.09-11.39.29:615][364]LogModuleManager: Shutting down and abandoning module AIModule (342)
[2017.12.09-11.39.29:615][364]LogModuleManager: Shutting down and abandoning module GameplayDebugger (341)
[2017.12.09-11.39.29:615][364]LogModuleManager: Shutting down and abandoning module AITestSuite (339)
[2017.12.09-11.39.29:615][364]LogModuleManager: Shutting down and abandoning module ProfilerService (336)
[2017.12.09-11.39.29:765][364]LogModuleManager: Shutting down and abandoning module TaskGraph (334)
[2017.12.09-11.39.29:765][364]LogModuleManager: Shutting down and abandoning module SteamVRController (332)
[2017.12.09-11.39.29:765][364]LogModuleManager: Shutting down and abandoning module ProceduralMeshComponentEditor (330)
[2017.12.09-11.39.29:765][364]LogModuleManager: Shutting down and abandoning module ProceduralMeshComponent (328)
[2017.12.09-11.39.29:765][364]LogModuleManager: Shutting down and abandoning module OculusInput (326)
[2017.12.09-11.39.29:765][364]LogModuleManager: Shutting down and abandoning module MobilePatchingUtils (324)
[2017.12.09-11.39.29:765][364]LogModuleManager: Shutting down and abandoning module CustomMeshComponent (322)
[2017.12.09-11.39.29:765][364]LogModuleManager: Shutting down and abandoning module CableComponent (320)
[2017.12.09-11.39.29:765][364]LogModuleManager: Shutting down and abandoning module ArchVisCharacter (318)
[2017.12.09-11.39.29:765][364]LogModuleManager: Shutting down and abandoning module AndroidPermission (316)
[2017.12.09-11.39.29:765][364]LogModuleManager: Shutting down and abandoning module MediaPlayerEditor (312)
[2017.12.09-11.39.29:765][364]LogModuleManager: Shutting down and abandoning module HTML5Networking (310)
[2017.12.09-11.39.29:765][364]LogModuleManager: Shutting down and abandoning module AlembicImporter (308)
[2017.12.09-11.39.29:765][364]LogModuleManager: Shutting down and abandoning module AlembicLibrary (307)
[2017.12.09-11.39.29:765][364]LogModuleManager: Shutting down and abandoning module GeometryCache (306)
[2017.12.09-11.39.29:765][364]LogModuleManager: Shutting down and abandoning module GeometryCacheEd (305)
[2017.12.09-11.39.29:765][364]LogModuleManager: Shutting down and abandoning module SpeedTreeImporter (300)
[2017.12.09-11.39.29:765][364]LogModuleManager: Shutting down and abandoning module PluginBrowser (298)
[2017.12.09-11.39.29:766][364]LogModuleManager: Shutting down and abandoning module MobileLauncherProfileWizard (296)
[2017.12.09-11.39.29:766][364]LogModuleManager: Shutting down and abandoning module VisualStudioSourceCodeAccess (294)
[2017.12.09-11.39.29:766][364]LogModuleManager: Shutting down and abandoning module DesktopPlatform (293)
[2017.12.09-11.39.29:766][364]LogModuleManager: Shutting down and abandoning module UObjectPlugin (290)
[2017.12.09-11.39.29:766][364]LogModuleManager: Shutting down and abandoning module SubversionSourceControl (288)
[2017.12.09-11.39.29:766][364]LogModuleManager: Shutting down and abandoning module PerforceSourceControl (286)
[2017.12.09-11.39.29:766][364]LogModuleManager: Shutting down and abandoning module GitSourceControl (284)
[2017.12.09-11.39.29:766][364]LogModuleManager: Shutting down and abandoning module SourceControl (283)
[2017.12.09-11.39.29:766][364]LogModuleManager: Shutting down and abandoning module LightPropagationVolumeEditor (280)
[2017.12.09-11.39.29:766][364]LogModuleManager: Shutting down and abandoning module PaperTiledImporter (278)
[2017.12.09-11.39.29:766][364]LogModuleManager: Shutting down and abandoning module PaperSpriteSheetImporter (276)
[2017.12.09-11.39.29:766][364]LogModuleManager: Shutting down and abandoning module Paper2DEditor (274)
[2017.12.09-11.39.29:766][364]LogModuleManager: Shutting down and abandoning module MeshPaint (273)
[2017.12.09-11.39.29:766][364]LogModuleManager: Shutting down and abandoning module LevelEditor (271)
[2017.12.09-11.39.29:767][364]LogModuleManager: Shutting down and abandoning module PixelInspectorModule (270)
[2017.12.09-11.39.29:767][364]LogModuleManager: Shutting down and abandoning module MainFrame (268)
[2017.12.09-11.39.29:767][364]LogModuleManager: Shutting down and abandoning module HotReload (267)
[2017.12.09-11.39.29:767][364]LogDirectoryWatcher: A directory notification for 'C:/Users/C17/Documents/Unreal Projects/JollyRoger/Binaries/Win64' was aborted.
[2017.12.09-11.39.29:767][364]LogModuleManager: Shutting down and abandoning module JollyRoger (262)
[2017.12.09-11.39.29:767][364]LogModuleManager: Shutting down and abandoning module RuntimePhysXCooking (260)
[2017.12.09-11.39.29:767][364]LogModuleManager: Shutting down and abandoning module PhysXVehiclesEditor (258)
[2017.12.09-11.39.29:767][364]LogModuleManager: Shutting down and abandoning module PhysXVehicles (256)
[2017.12.09-11.39.29:767][364]LogModuleManager: Shutting down and abandoning module OculusEditor (254)
[2017.12.09-11.39.29:767][364]LogModuleManager: Shutting down and abandoning module LocationServicesBPLibrary (252)
[2017.12.09-11.39.29:767][364]LogModuleManager: Shutting down and abandoning module ImmediatePhysicsEditor (250)
[2017.12.09-11.39.29:767][364]LogModuleManager: Shutting down and abandoning module ImmediatePhysics (248)
[2017.12.09-11.39.29:767][364]LogModuleManager: Shutting down and abandoning module UdpMessaging (246)
[2017.12.09-11.39.29:867][364]LogModuleManager: Shutting down and abandoning module TcpMessaging (244)
[2017.12.09-11.39.29:967][364]LogModuleManager: Shutting down and abandoning module GameplayTagsEditor (242)
[2017.12.09-11.39.29:967][364]LogModuleManager: Shutting down and abandoning module FacialAnimationEditor (240)
[2017.12.09-11.39.29:967][364]LogModuleManager: Shutting down and abandoning module FacialAnimation (238)
[2017.12.09-11.39.29:967][364]LogModuleManager: Shutting down and abandoning module AssetManagerEditor (236)
[2017.12.09-11.39.29:967][364]LogModuleManager: Shutting down and abandoning module GraphEditor (235)
[2017.12.09-11.39.29:967][364]LogModuleManager: Shutting down and abandoning module ContentBrowser (233)
[2017.12.09-11.39.29:968][364]LogModuleManager: Shutting down and abandoning module LightPropagationVolumeRuntime (230)
[2017.12.09-11.39.29:968][364]LogModuleManager: Shutting down and abandoning module Paper2D (228)
[2017.12.09-11.39.29:968][364]LogModuleManager: Shutting down and abandoning module WindowsMoviePlayer (226)
[2017.12.09-11.39.29:968][364]LogModuleManager: Shutting down and abandoning module WmfMedia (224)
[2017.12.09-11.39.29:968][364]LogModuleManager: Shutting down and abandoning module PacketHandler (222)
[2017.12.09-11.39.29:968][364]LogModuleManager: Shutting down and abandoning module ClothingSystemEditor (220)
[2017.12.09-11.39.29:968][364]LogModuleManager: Shutting down and abandoning module ClothingSystemRuntime (218)
[2017.12.09-11.39.29:969][364]LogModuleManager: Shutting down and abandoning module Overlay (216)
[2017.12.09-11.39.29:969][364]LogModuleManager: Shutting down and abandoning module OverlayEditor (215)
[2017.12.09-11.39.29:969][364]LogModuleManager: Shutting down and abandoning module MediaAssets (212)
[2017.12.09-11.39.29:969][364]LogModuleManager: Shutting down and abandoning module VREditor (210)
[2017.12.09-11.39.29:969][364]LogModuleManager: Shutting down and abandoning module StringTableEditor (208)
[2017.12.09-11.39.29:969][364]LogModuleManager: Shutting down and abandoning module GameplayTasksEditor (206)
[2017.12.09-11.39.29:969][364]LogModuleManager: Shutting down and abandoning module BehaviorTreeEditor (204)
[2017.12.09-11.39.29:969][364]LogModuleManager: Shutting down and abandoning module FunctionalTesting (202)
[2017.12.09-11.39.29:969][364]LogModuleManager: Shutting down and abandoning module CollisionAnalyzer (200)
[2017.12.09-11.39.29:969][364]LogModuleManager: Shutting down and abandoning module WorkspaceMenuStructure (199)
[2017.12.09-11.39.29:969][364]LogModuleManager: Shutting down and abandoning module UMG (196)
[2017.12.09-11.39.29:969][364]LogModuleManager: Shutting down and abandoning module UMGEditor (195)
[2017.12.09-11.39.29:969][364]LogModuleManager: Shutting down and abandoning module Sequencer (194)
[2017.12.09-11.39.29:969][364]LogModuleManager: Shutting down and abandoning module MessageLog (191)
[2017.12.09-11.39.29:969][364]LogModuleManager: Shutting down and abandoning module SlateReflector (186)
[2017.12.09-11.39.29:969][364]LogModuleManager: Shutting down and abandoning module Slate (184)
[2017.12.09-11.39.29:969][364]LogModuleManager: Shutting down and abandoning module EditorStyle (182)
[2017.12.09-11.39.29:972][364]LogModuleManager: Shutting down and abandoning module MRMesh (180)
[2017.12.09-11.39.29:972][364]LogModuleManager: Shutting down and abandoning module SourceCodeAccess (178)
[2017.12.09-11.39.29:972][364]LogModuleManager: Shutting down and abandoning module HeadMountedDisplay (176)
[2017.12.09-11.39.29:972][364]LogModuleManager: Shutting down and abandoning module XAudio2 (174)
[2017.12.09-11.39.29:972][364]LogModuleManager: Shutting down and abandoning module Networking (172)
[2017.12.09-11.39.29:972][364]LogModuleManager: Shutting down and abandoning module Core (168)
[2017.12.09-11.39.29:972][364]LogModuleManager: Shutting down and abandoning module KismetCompiler (164)
[2017.12.09-11.39.29:972][364]LogModuleManager: Shutting down and abandoning module MeshUtilities (162)
[2017.12.09-11.39.29:972][364]LogModuleManager: Shutting down and abandoning module MeshMergeUtilities (161)
[2017.12.09-11.39.29:972][364]LogModuleManager: Shutting down and abandoning module MeshReductionInterface (160)
[2017.12.09-11.39.29:972][364]LogModuleManager: Shutting down and abandoning module SimplygonSwarm (159)
[2017.12.09-11.39.29:972][364]LogModuleManager: Shutting down and abandoning module SimplygonMeshReduction (157)
[2017.12.09-11.39.29:972][364]LogModuleManager: Shutting down and abandoning module QuadricMeshReduction (155)
[2017.12.09-11.39.29:972][364]LogModuleManager: Shutting down and abandoning module MaterialBaking (151)
[2017.12.09-11.39.29:972][364]LogModuleManager: Shutting down and abandoning module LevelSequence (148)
[2017.12.09-11.39.29:972][364]LogModuleManager: Shutting down and abandoning module DirectoryWatcher (146)
[2017.12.09-11.39.29:973][364]LogModuleManager: Shutting down and abandoning module DerivedDataCache (144)
[2017.12.09-11.39.30:217][364]LogDerivedDataCache: Shutdown
[2017.12.09-11.39.30:217][364]LogModuleManager: Shutting down and abandoning module TargetPlatform (142)
[2017.12.09-11.39.30:217][364]LogModuleManager: Shutting down and abandoning module VulkanShaderFormat (141)
[2017.12.09-11.39.30:217][364]LogModuleManager: Shutting down and abandoning module ShaderFormatVectorVM (139)
[2017.12.09-11.39.30:217][364]LogModuleManager: Shutting down and abandoning module ShaderFormatOpenGL (137)
[2017.12.09-11.39.30:217][364]LogModuleManager: Shutting down and abandoning module ShaderFormatD3D (135)
[2017.12.09-11.39.30:217][364]LogModuleManager: Shutting down and abandoning module MetalShaderFormat (133)
[2017.12.09-11.39.30:217][364]LogModuleManager: Shutting down and abandoning module TextureFormatUncompressed (131)
[2017.12.09-11.39.30:217][364]LogModuleManager: Shutting down and abandoning module TextureFormatPVR (129)
[2017.12.09-11.39.30:217][364]LogModuleManager: Shutting down and abandoning module TextureFormatDXT (127)
[2017.12.09-11.39.30:217][364]LogModuleManager: Shutting down and abandoning module TextureFormatIntelISPCTexComp (125)
[2017.12.09-11.39.30:218][364]LogModuleManager: Shutting down and abandoning module TextureFormatASTC (123)
[2017.12.09-11.39.30:218][364]LogModuleManager: Shutting down and abandoning module ImageWrapper (122)
[2017.12.09-11.39.30:218][364]LogModuleManager: Shutting down and abandoning module TextureFormatAndroid (119)
[2017.12.09-11.39.30:218][364]LogModuleManager: Shutting down and abandoning module AudioFormatOpus (117)
[2017.12.09-11.39.30:218][364]LogModuleManager: Shutting down and abandoning module AudioFormatOgg (115)
[2017.12.09-11.39.30:218][364]LogModuleManager: Shutting down and abandoning module AudioFormatADPCM (113)
[2017.12.09-11.39.30:218][364]LogModuleManager: Shutting down and abandoning module LinuxTargetPlatform (111)
[2017.12.09-11.39.30:218][364]LogModuleManager: Shutting down and abandoning module LinuxServerTargetPlatform (109)
[2017.12.09-11.39.30:218][364]LogModuleManager: Shutting down and abandoning module LinuxNoEditorTargetPlatform (107)
[2017.12.09-11.39.30:218][364]LogModuleManager: Shutting down and abandoning module LinuxClientTargetPlatform (105)
[2017.12.09-11.39.30:218][364]LogModuleManager: Shutting down and abandoning module TVOSTargetPlatform (103)
[2017.12.09-11.39.30:218][364]LogModuleManager: Shutting down and abandoning module Messaging (101)
[2017.12.09-11.39.30:218][364]LogModuleManager: Shutting down and abandoning module IOSTargetPlatform (99)
[2017.12.09-11.39.30:218][364]LogModuleManager: Shutting down and abandoning module HTML5TargetPlatform (97)
[2017.12.09-11.39.30:218][364]LogModuleManager: Shutting down and abandoning module Android_PVRTCTargetPlatform (95)
[2017.12.09-11.39.30:218][364]LogModuleManager: Shutting down and abandoning module Android_MultiTargetPlatform (93)
[2017.12.09-11.39.30:218][364]LogModuleManager: Shutting down and abandoning module Android_ETC2TargetPlatform (91)
[2017.12.09-11.39.30:218][364]LogModuleManager: Shutting down and abandoning module Android_ETC1TargetPlatform (89)
[2017.12.09-11.39.30:218][364]LogModuleManager: Shutting down and abandoning module Android_DXTTargetPlatform (87)
[2017.12.09-11.39.30:218][364]LogModuleManager: Shutting down and abandoning module Android_ATCTargetPlatform (85)
[2017.12.09-11.39.30:218][364]LogModuleManager: Shutting down and abandoning module Android_ASTCTargetPlatform (83)
[2017.12.09-11.39.30:218][364]LogModuleManager: Shutting down and abandoning module AndroidTargetPlatform (81)
[2017.12.09-11.39.30:218][364]LogModuleManager: Shutting down and abandoning module WindowsTargetPlatform (79)
[2017.12.09-11.39.30:218][364]LogModuleManager: Shutting down and abandoning module WindowsServerTargetPlatform (77)
[2017.12.09-11.39.30:218][364]LogModuleManager: Shutting down and abandoning module WindowsNoEditorTargetPlatform (75)
[2017.12.09-11.39.30:218][364]LogModuleManager: Shutting down and abandoning module WindowsClientTargetPlatform (73)
[2017.12.09-11.39.30:218][364]LogModuleManager: Shutting down and abandoning module MacTargetPlatform (71)
[2017.12.09-11.39.30:218][364]LogModuleManager: Shutting down and abandoning module MacServerTargetPlatform (69)
[2017.12.09-11.39.30:218][364]LogModuleManager: Shutting down and abandoning module MacNoEditorTargetPlatform (67)
[2017.12.09-11.39.30:218][364]LogModuleManager: Shutting down and abandoning module MacClientTargetPlatform (65)
[2017.12.09-11.39.30:218][364]LogModuleManager: Shutting down and abandoning module AllDesktopTargetPlatform (63)
[2017.12.09-11.39.30:218][364]LogModuleManager: Shutting down and abandoning module InputCore (60)
[2017.12.09-11.39.30:218][364]LogModuleManager: Shutting down and abandoning module Settings (58)
[2017.12.09-11.39.30:218][364]LogModuleManager: Shutting down and abandoning module PhysXCooking (56)
[2017.12.09-11.39.30:218][364]LogModuleManager: Shutting down and abandoning module SteamVR (54)
[2017.12.09-11.39.30:218][364]LogModuleManager: Shutting down and abandoning module OculusHMD (52)
[2017.12.09-11.39.30:218][364]LogModuleManager: Shutting down and abandoning module ExampleDeviceProfileSelector (50)
[2017.12.09-11.39.30:218][364]LogModuleManager: Shutting down and abandoning module OnlineBlueprintSupport (48)
[2017.12.09-11.39.30:218][364]LogModuleManager: Shutting down and abandoning module OnlineSubsystem (44)
[2017.12.09-11.39.30:218][364]LogOnline: Display: Unloading online subsystem: NULL
[2017.12.09-11.39.30:218][364]LogModuleManager: Shutting down and abandoning module XMPP (43)
[2017.12.09-11.39.30:218][364]LogModuleManager: Shutting down and abandoning module HTTP (41)
[2017.12.09-11.39.30:218][364]LogHttp: Display: Http module shutting down, but needs to wait on 1 outstanding Http requests:
[2017.12.09-11.39.30:218][364]LogHttp: Display: 	verb=[POST] url=[https://datarouter.ol.epicgames.com/datarouter/api/v1/public/data?SessionID=%7B4D8822E5-46DD-44F9-1066-93A955CA8527%7D&AppID=UEEditor.Rocket.Release&AppVersion=4.17.2-3658906%2B%2B%2BUE4%2BRelease-4.17&UserID=87b4818744dd0bfd40c7b0adc98a6717%7C3dec5fcebd1946c4b7e3c68408547e26%7C36c4b7ba-c032-4989-b49c-ce1d7e4016d5&AppEnvironment=datacollector-binary&UploadType=eteventstream] status=Processing
[2017.12.09-11.39.30:245][364]LogModuleManager: Shutting down and abandoning module SSL (40)
[2017.12.09-11.39.30:247][364]LogModuleManager: Shutting down and abandoning module AnimationModifiers (36)
[2017.12.09-11.39.30:247][364]LogModuleManager: Shutting down and abandoning module PropertyEditor (35)
[2017.12.09-11.39.30:247][364]LogModuleManager: Shutting down and abandoning module AudioEditor (32)
[2017.12.09-11.39.30:247][364]LogModuleManager: Shutting down and abandoning module TextureCompressor (30)
[2017.12.09-11.39.30:247][364]LogModuleManager: Shutting down and abandoning module ShaderCore (28)
[2017.12.09-11.39.30:247][364]LogModuleManager: Shutting down and abandoning module Landscape (26)
[2017.12.09-11.39.30:247][364]LogModuleManager: Shutting down and abandoning module SlateRHIRenderer (24)
[2017.12.09-11.39.30:248][364]LogModuleManager: Shutting down and abandoning module OpenGLDrv (22)
[2017.12.09-11.39.30:248][364]LogModuleManager: Shutting down and abandoning module D3D11RHI (20)
[2017.12.09-11.39.30:248][364]LogModuleManager: Shutting down and abandoning module AnimGraphRuntime (18)
[2017.12.09-11.39.30:248][364]LogModuleManager: Shutting down and abandoning module Renderer (16)
[2017.12.09-11.39.30:248][364]LogModuleManager: Shutting down and abandoning module Engine (14)
[2017.12.09-11.39.30:248][364]LogModuleManager: Shutting down and abandoning module CoreUObject (12)
[2017.12.09-11.39.30:248][364]LogModuleManager: Shutting down and abandoning module NetworkFile (10)
[2017.12.09-11.39.30:248][364]LogModuleManager: Shutting down and abandoning module CookedIterativeFile (8)
[2017.12.09-11.39.30:248][364]LogModuleManager: Shutting down and abandoning module StreamingFile (6)
[2017.12.09-11.39.30:248][364]LogModuleManager: Shutting down and abandoning module SandboxFile (4)
[2017.12.09-11.39.30:248][364]LogModuleManager: Shutting down and abandoning module PakFile (2)
[2017.12.09-11.39.30:251][364]LogExit: Exiting.
[2017.12.09-11.39.30:268][364]Log file closed, 12/09/17 12:39:30
